
1. [11-03-2015 10:20:54]: 
----------------------------------------------------------------------------------------------------
export_users : <pre>Array
(
    [0] => stdClass Object
        (
            [ID] => 7748
            [user_login] => michel.gerebtzoff86760900
            [user_email] => michel.gerebtzoff@gmail.com
            [user_registered] => 08/12/2014
            [display_name] => michel.gerebtzoff86760900
            [trial_on] => 0
            [trial_cost] => 0
            [trial_duration] => 0
            [trial_duration_type] => d
            [trial_num_cycles] => 0
            [duration] => 1
            [duration_type] => y
            [amount] => 15.00
            [currency] => EUR
            [join_date] => 08/12/2014
            [last_pay_date] => 08/12/2014
            [expire_date] => 08/12/2015
            [membership_type] => individual
            [status] => Active
            [payment_type] => one-time
            [subscribed] => 
            [autoresponder_notified] => 
            [stay_in_touch_with_our_newsletter] => Yes
            [username] => N/A
            [email] => michel.gerebtzoff@gmail.com
            [language] => Français
            [civilit] => 
Mr
            [first_name] => michel
            [last_name] => gerebtzoff
            [company] => Awex Canton (Chine)
            [zip] => Guangzhou, Chine
            [payment_info_module] => paypal
            [payment_info_txn_type] => web_accept
            [payment_info_subscr_id] => ONE-TIME SUBSCRIPTION
            [payment_info_txn_id] => 3GE89856V4975582T
            [user_password] => UUXhaXwFIrIG
            [pack_id] => 26
            [transaction_id] => 8887
            [status_str] => Last payment was successful
            [hide_old_content] => 0
            [rss_token] => 
        )

    [1] => stdClass Object
        (
            [ID] => 7752
            [user_login] => ericvos
            [user_email] => eric.vos@turnhout.be
            [user_registered] => 08/12/2014
            [display_name] => ericvos
            [trial_on] => 0
            [trial_cost] => 0
            [trial_duration] => 0
            [trial_duration_type] => d
            [trial_num_cycles] => 0
            [duration] => 0
            [duration_type] => m
            [amount] => 0
            [currency] => USD
            [join_date] => N/A
            [last_pay_date] => N/A
            [expire_date] => N/A
            [membership_type] => trial
            [status] => Active
            [payment_type] => 
            [subscribed] => 
            [autoresponder_notified] => 
            [stay_in_touch_with_our_newsletter] => N/A
            [username] => N/A
            [email] => N/A
            [language] => N/A
            [civilit] => N/A
            [first_name] => N/A
            [last_name] => N/A
            [company] => N/A
            [zip] => N/A
            [rss_token] => 
        )

    [2] => stdClass Object
        (
            [ID] => 7771
            [user_login] => lodehofmans
            [user_email] => l.hofmans@portima.be
            [user_registered] => 10/12/2014
            [display_name] => lodehofmans
            [trial_on] => 0
            [trial_cost] => 0
            [trial_duration] => 0
            [trial_duration_type] => d
            [trial_num_cycles] => 0
            [duration] => 0
            [duration_type] => m
            [amount] => 0
            [currency] => USD
            [join_date] => N/A
            [last_pay_date] => N/A
            [expire_date] => N/A
            [membership_type] => trial
            [status] => Active
            [payment_type] => 
            [subscribed] => 
            [autoresponder_notified] => 
            [stay_in_touch_with_our_newsletter] => N/A
            [username] => N/A
            [email] => N/A
            [language] => N/A
            [civilit] => N/A
            [first_name] => N/A
            [last_name] => N/A
            [company] => N/A
            [zip] => N/A
            [rss_token] => 
        )

    [3] => stdClass Object
        (
            [ID] => 7776
            [user_login] => peetersjan
            [user_email] => burgemeester.jan.peeters@herentals.be
            [user_registered] => 10/12/2014
            [display_name] => peetersjan
            [trial_on] => 0
            [trial_cost] => 0
            [trial_duration] => 0
            [trial_duration_type] => d
            [trial_num_cycles] => 0
            [duration] => 0
            [duration_type] => m
            [amount] => 0
            [currency] => USD
            [join_date] => N/A
            [last_pay_date] => N/A
            [expire_date] => N/A
            [membership_type] => trial
            [status] => Active
            [payment_type] => 
            [subscribed] => 
            [autoresponder_notified] => 
            [stay_in_touch_with_our_newsletter] => N/A
            [username] => N/A
            [email] => N/A
            [language] => N/A
            [civilit] => N/A
            [first_name] => N/A
            [last_name] => N/A
            [company] => N/A
            [zip] => N/A
            [rss_token] => 
        )

    [4] => stdClass Object
        (
            [ID] => 7777
            [user_login] => fabrice07423900
            [user_email] => fabrice@wazo.lu
            [user_registered] => 10/12/2014
            [display_name] => fabrice07423900
            [trial_on] => 0
            [trial_cost] => 0
            [trial_duration] => 0
            [trial_duration_type] => d
            [trial_num_cycles] => 0
            [duration] => 1
            [duration_type] => y
            [amount] => 35
            [currency] => EUR
            [join_date] => 10/12/2014
            [last_pay_date] => 10/12/2014
            [expire_date] => 10/12/2015
            [membership_type] => political_directory_licence
            [status] => Pending
            [payment_type] => one-time
            [subscribed] => 
            [autoresponder_notified] => 
            [stay_in_touch_with_our_newsletter] => Yes
            [username] => N/A
            [email] => fabrice@wazo.lu
            [language] => Français
            [civilit] => 
Mr
            [first_name] => Fabrice
            [last_name] => Cara
            [company] => Wazo
            [zip] => 4000
            [payment_info_module] => manualpay
            [payment_info_txn_type] => subscription
            [payment_info_subscr_id] => 
            [payment_info_txn_id] => 
            [user_password] => QVtNpcCX
            [pack_id] => 33
            [transaction_id] => 8932
            [status_str] => Last payment is pending
            [rss_token] => 
        )

    [5] => stdClass Object
        (
            [ID] => 7785
            [user_login] => benoidb98555100
            [user_email] => benoidb@pt.lu
            [user_registered] => 11/12/2014
            [display_name] => benoidb98555100
            [trial_on] => 0
            [trial_cost] => 0
            [trial_duration] => 0
            [trial_duration_type] => d
            [trial_num_cycles] => 0
            [duration] => 1
            [duration_type] => y
            [amount] => 15.00
            [currency] => EUR
            [join_date] => 11/12/2014
            [last_pay_date] => 11/12/2014
            [expire_date] => 04/12/2015
            [membership_type] => individual
            [status] => Active
            [payment_type] => one-time
            [subscribed] => 
            [autoresponder_notified] => 
            [stay_in_touch_with_our_newsletter] => Yes
            [username] => N/A
            [email] => benoidb@pt.lu
            [language] => Français
            [civilit] => 
Mr
            [first_name] => Benoît
            [last_name] => de Bien
            [company] => 
            [zip] => L-8211
            [payment_info_module] => manualpay
            [payment_info_txn_type] => subscription
            [payment_info_subscr_id] => 
            [payment_info_txn_id] => 
            [payment_info_notes] => KBC 141214 €15
            [user_password] => ctEsPgl+aHHs
            [pack_id] => 26
            [transaction_id] => 8945
            [status_str] => Last payment was successful
            [rss_token] => 
        )

    [6] => stdClass Object
        (
            [ID] => 8126
            [user_login] => p.descheemaecker31157300
            [user_email] => p.descheemaecker@mdslegal.be
            [user_registered] => 07/01/2015
            [display_name] => p.descheemaecker31157300
            [trial_on] => 0
            [trial_cost] => 0
            [trial_duration] => 0
            [trial_duration_type] => d
            [trial_num_cycles] => 0
            [duration] => 1
            [duration_type] => y
            [amount] => 50.00
            [currency] => EUR
            [join_date] => 07/01/2015
            [last_pay_date] => 07/01/2015
            [expire_date] => 07/01/2016
            [membership_type] => individual_as_honorary_member_
            [status] => Active
            [payment_type] => one-time
            [subscribed] => 
            [autoresponder_notified] => 
            [stay_in_touch_with_our_newsletter] => Yes
            [username] => N/A
            [email] => p.descheemaecker@mdslegal.be
            [language] => Nederlands
            [civilit] => 
Mr
            [first_name] => Paul
            [last_name] => De Scheemaecker
            [company] => mds Legal Compass
            [zip] => 2900
            [payment_info_module] => manualpay
            [payment_info_txn_type] => subscription
            [payment_info_subscr_id] => 
            [payment_info_txn_id] => 
            [payment_info_notes] => paiement comptant 150107 de 50€
            [user_password] => U5qfkAgOULFfqFqR
            [pack_id] => 25
            [transaction_id] => 9307
            [status_str] => Last payment was successful
            [rss_token] => 
        )

    [7] => stdClass Object
        (
            [ID] => 8164
            [user_login] => Luc-verstraeten78916100
            [user_email] => Luc-verstraeten@telenet.be
            [user_registered] => 13/01/2015
            [display_name] => Luc-verstraeten78916100
            [trial_on] => 0
            [trial_cost] => 0
            [trial_duration] => 0
            [trial_duration_type] => d
            [trial_num_cycles] => 0
            [duration] => 1
            [duration_type] => y
            [amount] => 35
            [currency] => USD
            [join_date] => N/A
            [last_pay_date] => N/A
            [expire_date] => N/A
            [membership_type] => political_directory_licence
            [status] => Inactive
            [payment_type] => 
            [subscribed] => 
            [autoresponder_notified] => 
            [stay_in_touch_with_our_newsletter] => Yes
            [username] => N/A
            [email] => Luc-verstraeten@telenet.be
            [language] => Nederlands
            [civilit] => 
Mr
            [first_name] => Luc
            [last_name] => Verstraeten
            [company] => 
            [zip] => 3140
            [user_password] => /kRF/o/kR777
            [active_num_cycles] => 1
            [pack_id] => 33
            [rss_token] => 
        )

    [8] => stdClass Object
        (
            [ID] => 8183
            [user_login] => alainpardaen
            [user_email] => alain.pardaen@wetteren.be
            [user_registered] => 17/01/2015
            [display_name] => alainpardaen
            [trial_on] => 0
            [trial_cost] => 0
            [trial_duration] => 0
            [trial_duration_type] => d
            [trial_num_cycles] => 0
            [duration] => 0
            [duration_type] => m
            [amount] => 0
            [currency] => USD
            [join_date] => N/A
            [last_pay_date] => N/A
            [expire_date] => N/A
            [membership_type] => trial
            [status] => Active
            [payment_type] => 
            [subscribed] => 
            [autoresponder_notified] => 
            [stay_in_touch_with_our_newsletter] => N/A
            [username] => N/A
            [email] => N/A
            [language] => N/A
            [civilit] => N/A
            [first_name] => N/A
            [last_name] => N/A
            [company] => N/A
            [zip] => N/A
            [rss_token] => 
        )

    [9] => stdClass Object
        (
            [ID] => 8213
            [user_login] => chrislippens
            [user_email] => burgemeester@sint-gillis-waas.be
            [user_registered] => 21/01/2015
            [display_name] => chrislippens
            [trial_on] => 0
            [trial_cost] => 0
            [trial_duration] => 0
            [trial_duration_type] => d
            [trial_num_cycles] => 0
            [duration] => 0
            [duration_type] => m
            [amount] => 0
            [currency] => USD
            [join_date] => N/A
            [last_pay_date] => N/A
            [expire_date] => N/A
            [membership_type] => trial
            [status] => Active
            [payment_type] => 
            [subscribed] => 
            [autoresponder_notified] => 
            [stay_in_touch_with_our_newsletter] => N/A
            [username] => N/A
            [email] => N/A
            [language] => N/A
            [civilit] => N/A
            [first_name] => N/A
            [last_name] => N/A
            [company] => N/A
            [zip] => N/A
            [rss_token] => 
        )

    [10] => stdClass Object
        (
            [ID] => 8219
            [user_login] => dirksioen
            [user_email] => dirk.sioen@hotmail.com
            [user_registered] => 22/01/2015
            [display_name] => dirksioen
            [trial_on] => 0
            [trial_cost] => 0
            [trial_duration] => 0
            [trial_duration_type] => d
            [trial_num_cycles] => 0
            [duration] => 0
            [duration_type] => m
            [amount] => 0
            [currency] => USD
            [join_date] => N/A
            [last_pay_date] => N/A
            [expire_date] => N/A
            [membership_type] => trial
            [status] => Active
            [payment_type] => 
            [subscribed] => 
            [autoresponder_notified] => 
            [stay_in_touch_with_our_newsletter] => N/A
            [username] => N/A
            [email] => N/A
            [language] => N/A
            [civilit] => N/A
            [first_name] => N/A
            [last_name] => N/A
            [company] => N/A
            [zip] => N/A
            [rss_token] => 
        )

    [11] => stdClass Object
        (
            [ID] => 8231
            [user_login] => stefaandevleeschouwer
            [user_email] => stefaan.devleeschouwer1@telenet.be
            [user_registered] => 24/01/2015
            [display_name] => stefaandevleeschouwer
            [trial_on] => 0
            [trial_cost] => 0
            [trial_duration] => 0
            [trial_duration_type] => d
            [trial_num_cycles] => 0
            [duration] => 0
            [duration_type] => m
            [amount] => 0
            [currency] => USD
            [join_date] => N/A
            [last_pay_date] => N/A
            [expire_date] => N/A
            [membership_type] => trial
            [status] => Active
            [payment_type] => 
            [subscribed] => 
            [autoresponder_notified] => 
            [stay_in_touch_with_our_newsletter] => N/A
            [username] => N/A
            [email] => N/A
            [language] => N/A
            [civilit] => N/A
            [first_name] => N/A
            [last_name] => N/A
            [company] => N/A
            [zip] => N/A
            [rss_token] => 
        )

    [12] => stdClass Object
        (
            [ID] => 8238
            [user_login] => claudyprosmans
            [user_email] => dragan.markovic@devoor.be
            [user_registered] => 24/01/2015
            [display_name] => claudyprosmans
            [trial_on] => 0
            [trial_cost] => 0
            [trial_duration] => 0
            [trial_duration_type] => d
            [trial_num_cycles] => 0
            [duration] => 0
            [duration_type] => m
            [amount] => 0
            [currency] => USD
            [join_date] => N/A
            [last_pay_date] => N/A
            [expire_date] => N/A
            [membership_type] => trial
            [status] => Active
            [payment_type] => 
            [subscribed] => 
            [autoresponder_notified] => 
            [stay_in_touch_with_our_newsletter] => N/A
            [username] => N/A
            [email] => N/A
            [language] => N/A
            [civilit] => N/A
            [first_name] => N/A
            [last_name] => N/A
            [company] => N/A
            [zip] => N/A
            [rss_token] => 
        )

    [13] => stdClass Object
        (
            [ID] => 8264
            [user_login] => pinon.ryelandt98462900
            [user_email] => pinon.ryelandt@skynet.be
            [user_registered] => 27/01/2015
            [display_name] => pinon.ryelandt98462900
            [trial_on] => 0
            [trial_cost] => 0
            [trial_duration] => 0
            [trial_duration_type] => d
            [trial_num_cycles] => 0
            [duration] => 1
            [duration_type] => y
            [amount] => 50.00
            [currency] => EUR
            [join_date] => 27/01/2015
            [last_pay_date] => 27/01/2015
            [expire_date] => 27/01/2016
            [membership_type] => individual_as_honorary_member_
            [status] => Active
            [payment_type] => one-time
            [subscribed] => 
            [autoresponder_notified] => 
            [stay_in_touch_with_our_newsletter] => Yes
            [username] => N/A
            [email] => pinon.ryelandt@skynet.be
            [language] => Français
            [civilit] => 
Mr
            [first_name] => Christian
            [last_name] => Pinon
            [company] => 
            [zip] => 1490
            [payment_info_module] => manualpay
            [payment_info_txn_type] => subscription
            [payment_info_subscr_id] => 
            [payment_info_txn_id] => 
            [payment_info_notes] => a payé50€  par PayPal le 150125
            [user_password] => CjfDOnKuOs0y3j7yOjjEllqq
            [pack_id] => 25
            [transaction_id] => 9311
            [status_str] => Last payment was successful
            [last_payment_check] => disabled
            [rss_token] => 
        )

    [14] => stdClass Object
        (
            [ID] => 8280
            [user_login] => laure.stuyck50380400
            [user_email] => laure.stuyck@openvld.be
            [user_registered] => 29/01/2015
            [display_name] => laure.stuyck50380400
            [trial_on] => 0
            [trial_cost] => 0
            [trial_duration] => 0
            [trial_duration_type] => d
            [trial_num_cycles] => 0
            [duration] => 1
            [duration_type] => y
            [amount] => 35
            [currency] => EUR
            [join_date] => 29/01/2015
            [last_pay_date] => 29/01/2015
            [expire_date] => 29/01/2016
            [membership_type] => political_directory_licence
            [status] => Active
            [payment_type] => one-time
            [subscribed] => 
            [autoresponder_notified] => 
            [stay_in_touch_with_our_newsletter] => Yes
            [username] => N/A
            [email] => laure.stuyck@openvld.be
            [language] => Nederlands
            [civilit] => Mrs
            [first_name] => Laure
            [last_name] => Stuyck
            [company] => Open VLD
            [zip] => 1000
            [payment_info_module] => manualpay
            [payment_info_txn_type] => subscription
            [payment_info_subscr_id] => 
            [payment_info_txn_id] => 
            [payment_info_notes] => accès gratuit en tant que personne-relais de Open VLD
            [user_password] => J4tor47+54tXrkSt
            [pack_id] => 33
            [transaction_id] => 9312
            [status_str] => Last payment was successful
            [rss_token] => 
        )

    [15] => stdClass Object
        (
            [ID] => 8281
            [user_login] => kbats61613300
            [user_email] => kbats@finpower.be
            [user_registered] => 29/01/2015
            [display_name] => kbats61613300
            [trial_on] => 0
            [trial_cost] => 0
            [trial_duration] => 0
            [trial_duration_type] => d
            [trial_num_cycles] => 0
            [duration] => 1
            [duration_type] => y
            [amount] => 300.00
            [currency] => EUR
            [join_date] => 29/01/2015
            [last_pay_date] => 29/01/2015
            [expire_date] => 29/01/2016
            [membership_type] => small_company_50_people_
            [status] => Active
            [payment_type] => one-time
            [subscribed] => 
            [autoresponder_notified] => 
            [stay_in_touch_with_our_newsletter] => Yes
            [username] => N/A
            [email] => kbats@finpower.be
            [language] => Nederlands
            [civilit] => 
Mr
            [first_name] => Koen
            [last_name] => Batsleer
            [company] => Finpower Limburg NV
            [zip] => 3500
            [payment_info_module] => manualpay
            [payment_info_txn_type] => subscription
            [payment_info_subscr_id] => 
            [payment_info_txn_id] => 
            [payment_info_notes] => KBC 300€ le 150113
            [user_password] => CarVqhtdwCabpp00
            [pack_id] => 20
            [transaction_id] => 9313
            [status_str] => Last payment was successful
            [rss_token] => 
        )

    [16] => stdClass Object
        (
            [ID] => 8282
            [user_login] => ernedeblaere
            [user_email] => erne.deblaere@knesselare.be
            [user_registered] => 29/01/2015
            [display_name] => ernedeblaere
            [trial_on] => 0
            [trial_cost] => 0
            [trial_duration] => 0
            [trial_duration_type] => d
            [trial_num_cycles] => 0
            [duration] => 0
            [duration_type] => m
            [amount] => 0
            [currency] => USD
            [join_date] => N/A
            [last_pay_date] => N/A
            [expire_date] => N/A
            [membership_type] => trial
            [status] => Active
            [payment_type] => 
            [subscribed] => 
            [autoresponder_notified] => 
            [stay_in_touch_with_our_newsletter] => N/A
            [username] => N/A
            [email] => N/A
            [language] => N/A
            [civilit] => N/A
            [first_name] => N/A
            [last_name] => N/A
            [company] => N/A
            [zip] => N/A
            [rss_token] => 
        )

    [17] => stdClass Object
        (
            [ID] => 8285
            [user_login] => hocepch40987300
            [user_email] => hocepch@hotmail.com
            [user_registered] => 30/01/2015
            [display_name] => hocepch40987300
            [trial_on] => 0
            [trial_cost] => 0
            [trial_duration] => 0
            [trial_duration_type] => d
            [trial_num_cycles] => 0
            [duration] => 1
            [duration_type] => y
            [amount] => 35
            [currency] => EUR
            [join_date] => 30/01/2015
            [last_pay_date] => 30/01/2015
            [expire_date] => 31/12/2015
            [membership_type] => manager_independent_worker_politician
            [status] => Active
            [payment_type] => one-time
            [subscribed] => 
            [autoresponder_notified] => 
            [stay_in_touch_with_our_newsletter] => Yes
            [username] => N/A
            [email] => hocepch@hotmail.com
            [language] => Français
            [civilit] => 
Mr
            [first_name] => Christian
            [last_name] => Hocepied
            [company] => 
            [zip] => 8420
            [payment_info_module] => manualpay
            [payment_info_txn_type] => subscription
            [payment_info_subscr_id] => 
            [payment_info_txn_id] => 
            [payment_info_notes] => payé 50€ à KBC le 150102
            [user_password] => uTE9wiuCumBpwK66
            [pack_id] => 33
            [transaction_id] => 9314
            [status_str] => Last payment was successful
            [rss_token] => 
        )

    [18] => stdClass Object
        (
            [ID] => 8286
            [user_login] => alainyzermans
            [user_email] => burgemeester@houthalen-helchteren.be
            [user_registered] => 30/01/2015
            [display_name] => alainyzermans
            [trial_on] => 0
            [trial_cost] => 0
            [trial_duration] => 0
            [trial_duration_type] => d
            [trial_num_cycles] => 0
            [duration] => 0
            [duration_type] => m
            [amount] => 0
            [currency] => USD
            [join_date] => N/A
            [last_pay_date] => N/A
            [expire_date] => N/A
            [membership_type] => trial
            [status] => Active
            [payment_type] => 
            [subscribed] => 
            [autoresponder_notified] => 
            [stay_in_touch_with_our_newsletter] => N/A
            [username] => N/A
            [email] => N/A
            [language] => N/A
            [civilit] => N/A
            [first_name] => N/A
            [last_name] => N/A
            [company] => N/A
            [zip] => N/A
            [rss_token] => 
        )

    [19] => stdClass Object
        (
            [ID] => 8287
            [user_login] => dirkwalraet
            [user_email] => burgemeester@spiere-helkijn.be
            [user_registered] => 30/01/2015
            [display_name] => dirkwalraet
            [trial_on] => 0
            [trial_cost] => 0
            [trial_duration] => 0
            [trial_duration_type] => d
            [trial_num_cycles] => 0
            [duration] => 0
            [duration_type] => m
            [amount] => 0
            [currency] => USD
            [join_date] => N/A
            [last_pay_date] => N/A
            [expire_date] => N/A
            [membership_type] => trial
            [status] => Active
            [payment_type] => 
            [subscribed] => 
            [autoresponder_notified] => 
            [stay_in_touch_with_our_newsletter] => N/A
            [username] => N/A
            [email] => N/A
            [language] => N/A
            [civilit] => N/A
            [first_name] => N/A
            [last_name] => N/A
            [company] => N/A
            [zip] => N/A
            [rss_token] => 
        )

    [20] => stdClass Object
        (
            [ID] => 8403
            [user_login] => waltervansteenkiste
            [user_email] => walter.vansteenkiste@wemmel.be
            [user_registered] => 23/02/2015
            [display_name] => waltervansteenkiste
            [trial_on] => 0
            [trial_cost] => 0
            [trial_duration] => 0
            [trial_duration_type] => d
            [trial_num_cycles] => 0
            [duration] => 0
            [duration_type] => m
            [amount] => 0
            [currency] => USD
            [join_date] => N/A
            [last_pay_date] => N/A
            [expire_date] => N/A
            [membership_type] => trial
            [status] => Active
            [payment_type] => 
            [subscribed] => 
            [autoresponder_notified] => 
            [stay_in_touch_with_our_newsletter] => N/A
            [username] => N/A
            [email] => N/A
            [language] => N/A
            [civilit] => N/A
            [first_name] => N/A
            [last_name] => N/A
            [company] => N/A
            [zip] => N/A
            [rss_token] => 
        )

    [21] => stdClass Object
        (
            [ID] => 8404
            [user_login] => kurtwindels1
            [user_email] => kurt.windels@ingelmunster.be
            [user_registered] => 23/02/2015
            [display_name] => kurtwindels1
            [trial_on] => 0
            [trial_cost] => 0
            [trial_duration] => 0
            [trial_duration_type] => d
            [trial_num_cycles] => 0
            [duration] => 0
            [duration_type] => m
            [amount] => 0
            [currency] => USD
            [join_date] => N/A
            [last_pay_date] => N/A
            [expire_date] => N/A
            [membership_type] => trial
            [status] => Active
            [payment_type] => 
            [subscribed] => 
            [autoresponder_notified] => 
            [stay_in_touch_with_our_newsletter] => N/A
            [username] => N/A
            [email] => N/A
            [language] => N/A
            [civilit] => N/A
            [first_name] => N/A
            [last_name] => N/A
            [company] => N/A
            [zip] => N/A
            [rss_token] => 
        )

)
</pre>
