
1. [05-04-2013 12:12:52]: 
----------------------------------------------------------------------------------------------------
export_users : <pre>Array
(
    [0] => stdClass Object
        (
            [ID] => 2
            [user_login] => JPinon
            [user_email] => jp@pinon.be
            [user_registered] => 23/01/2013
            [display_name] => Jean-Paul Pinon
            [trial_on] => 0
            [trial_cost] => 0
            [trial_duration] => 0
            [trial_duration_type] => d
            [trial_num_cycles] => 0
            [duration] => 1
            [duration_type] => y
            [amount] => 5.00
            [currency] => EUR
            [join_date] => 23/01/2013
            [last_pay_date] => 23/01/2013
            [expire_date] => 31/12/2014
            [membership_type] => membre_effectif
            [status] => Active
            [payment_type] => 
            [subscribed] => 
            [autoresponder_notified] => 
            [username] => N/A
            [email] => jp@pinon.be
            [language] => Nederlands
            [cotisations_2013] => N/A
            [civilit] => 
            [first_name] => Jean-Paul
            [last_name] => Pinon
            [company] => 
            [phone] => 
            [birthdate] => 
            [number_of_children] => 
            [gender] => Male - Man - Homme
            [nationality] => Yes - Ja - Oui
            [address] => 
            [city] => 
            [zip] => 
            [country] => AF
            [user_password] => zEkEhidDMEyI2BBR
            [active_num_cycles] => 1
            [pack_id] => 3
            [status_str] => Last payment was successful
            [hide_old_content] => 0
            [last_payment_check_type] => manual
            [last_payment_check_date] => 2013-03-22
            [rss_token] => 6a080e876649419c41c3ffc90caa2351
        )

    [1] => stdClass Object
        (
            [ID] => 3
            [user_login] => vbaguet
            [user_email] => vbaguet@eurasianfinance.com
            [user_registered] => 24/01/2013
            [display_name] => vbaguet
            [trial_on] => 0
            [trial_cost] => 0
            [trial_duration] => 0
            [trial_duration_type] => d
            [trial_num_cycles] => 0
            [duration] => 1
            [duration_type] => y
            [amount] => 5.00
            [currency] => EUR
            [join_date] => 24/01/2013
            [last_pay_date] => 24/01/2013
            [expire_date] => 31/12/2013
            [membership_type] => member
            [status] => Pending
            [payment_type] => one-time
            [subscribed] => 
            [autoresponder_notified] => 
            [username] => vbaguet
            [email] => vbaguet@eurasianfinance.com
            [language] => N/A
            [cotisations_2013] => N/A
            [civilit] => Monsieur
            [first_name] => Vincent
            [last_name] => Baguet
            [company] => N/A
            [phone] => 0245584545
            [birthdate] => 2013-01-31
            [number_of_children] => N/A
            [gender] => N/A
            [nationality] => N/A
            [address] => blabla
            [city] => Bruxelles
            [zip] => 1000
            [country] => BE
            [payment_info_module] => manualpay
            [payment_info_txn_type] => subscription
            [payment_info_subscr_id] => 
            [payment_info_txn_id] => 
            [user_password] => onnZ21EgOHbTOfBMeegg
            [pack_id] => 3
            [transaction_id] => 1
            [status_str] => Last payment was successful
            [last_payment_check_type] => manual
            [last_payment_check_date] => 2013-02-01
            [rss_token] => 
        )

    [2] => stdClass Object
        (
            [ID] => 5
            [user_login] => jpp@pinon.be
            [user_email] => jpp@pinon.be
            [user_registered] => 09/03/2013
            [display_name] => jpp@pinon.be
            [trial_on] => 0
            [trial_cost] => 0
            [trial_duration] => 0
            [trial_duration_type] => d
            [trial_num_cycles] => 0
            [duration] => 1
            [duration_type] => y
            [amount] => 0.00
            [currency] => USD
            [join_date] => N/A
            [last_pay_date] => N/A
            [expire_date] => 27/11/2014
            [membership_type] => membre_effectif
            [status] => Active
            [payment_type] => 
            [subscribed] => 
            [autoresponder_notified] => 
            [username] => N/A
            [email] => jpp@pinon.be
            [language] => Français
            [cotisations_2013] => N/A
            [civilit] => 
            [first_name] => 
            [last_name] => 
            [company] => 
            [phone] => 
            [birthdate] => 
            [number_of_children] => 
            [gender] => Male - Man - Homme
            [nationality] => Yes - Ja - Oui
            [address] => 
            [city] => 
            [zip] => 
            [country] => BE
            [user_password] => R80SyadVQ0Eavvv7
            [pack_id] => 1
            [account_desc] => Trial Account
            [rss_token] => 62647b7a8a439125adc07c1a6e2c967e
        )

    [3] => stdClass Object
        (
            [ID] => 6
            [user_login] => test
            [user_email] => chatliu74@hotmail.com
            [user_registered] => 11/03/2013
            [display_name] => test
            [trial_on] => 0
            [trial_cost] => 0
            [trial_duration] => 0
            [trial_duration_type] => d
            [trial_num_cycles] => 0
            [duration] => 1
            [duration_type] => y
            [amount] => 0.00
            [currency] => USD
            [join_date] => N/A
            [last_pay_date] => N/A
            [expire_date] => 01/03/2014
            [membership_type] => trial
            [status] => Active
            [payment_type] => 
            [subscribed] => 
            [autoresponder_notified] => 
            [username] => test
            [email] => chatliu74@hotmail.com
            [language] => English

            [cotisations_2013] => N/A
            [civilit] => 
            [first_name] => 
            [last_name] => 
            [company] => 
            [phone] => 
            [birthdate] => 
            [number_of_children] => 
            [gender] => 
            [nationality] => 
            [address] => 
            [city] => 
            [zip] => 
            [country] => BE
            [user_password] => 8XkaYlMbTUTb
            [pack_id] => 1
            [account_desc] => Trial Account
            [status_str] => Last rebill cycle processed manually
            [rss_token] => ad71a8f6c593ebea50e27b0535d2bfd6
        )

    [4] => stdClass Object
        (
            [ID] => 9
            [user_login] => testAD
            [user_email] => chatliu@gmail.com
            [user_registered] => 22/03/2013
            [display_name] => testAD
            [trial_on] => 1
            [trial_cost] => 0.00
            [trial_duration] => 1
            [trial_duration_type] => m
            [trial_num_cycles] => 0
            [duration] => 1
            [duration_type] => y
            [amount] => 20.00
            [currency] => EUR
            [join_date] => 22/03/2013
            [last_pay_date] => 22/03/2013
            [expire_date] => 22/03/2014
            [membership_type] => individual
            [status] => Active
            [payment_type] => 
            [subscribed] => 
            [autoresponder_notified] => 
            [username] => testAD
            [email] => N/A
            [language] => N/A
            [cotisations_2013] => N/A
            [civilit] => N/A
            [first_name] => N/A
            [last_name] => N/A
            [company] => N/A
            [phone] => N/A
            [birthdate] => 
            [number_of_children] => N/A
            [gender] => N/A
            [nationality] => N/A
            [address] => N/A
            [city] => N/A
            [zip] => N/A
            [country] => N/A
            [user_password] => a/aeaMKbWvve
            [active_num_cycles] => 1
            [pack_id] => 26
            [status_str] => Last payment was successful
            [hide_old_content] => 0
            [rss_token] => 
        )

    [5] => stdClass Object
        (
            [ID] => 10
            [user_login] => adelinremy
            [user_email] => adelinremy@hotmail.com
            [user_registered] => 22/03/2013
            [display_name] => Adelin Remy
            [trial_on] => 1
            [trial_cost] => 0.00
            [trial_duration] => 1
            [trial_duration_type] => m
            [trial_num_cycles] => 0
            [duration] => 1
            [duration_type] => y
            [amount] => 20.00
            [currency] => EUR
            [join_date] => 22/03/2013
            [last_pay_date] => 22/03/2013
            [expire_date] => 27/11/2014
            [membership_type] => membre_effectif
            [status] => Active
            [payment_type] => 
            [subscribed] => 
            [autoresponder_notified] => 
            [username] => adelinremy
            [email] => N/A
            [language] => N/A
            [cotisations_2013] => N/A
            [civilit] => N/A
            [first_name] => N/A
            [last_name] => N/A
            [company] => N/A
            [phone] => N/A
            [birthdate] => 
            [number_of_children] => N/A
            [gender] => N/A
            [nationality] => N/A
            [address] => N/A
            [city] => N/A
            [zip] => N/A
            [country] => N/A
            [user_password] => pCIv0L8Kpee5IIWW
            [active_num_cycles] => 1
            [pack_id] => 26
            [status_str] => Last rebill cycle processed manually
            [hide_old_content] => 0
            [rss_token] => 157ea3bccbaf8c8ca090961b1722bb00
        )

    [6] => stdClass Object
        (
            [ID] => 11
            [user_login] => ericdelaveleye
            [user_email] => eric.fermedesbouchers@skynet.be
            [user_registered] => 23/03/2013
            [display_name] => ericdelaveleye
            [trial_on] => 1
            [trial_cost] => 0.00
            [trial_duration] => 1
            [trial_duration_type] => m
            [trial_num_cycles] => 0
            [duration] => 1
            [duration_type] => y
            [amount] => 100.00
            [currency] => EUR
            [join_date] => 23/03/2013
            [last_pay_date] => 23/03/2013
            [expire_date] => 23/03/2013
            [membership_type] => manager_independent_worker_as_honorary_member_
            [status] => Expired
            [payment_type] => one-time
            [subscribed] => 
            [autoresponder_notified] => 
            [username] => ericdelaveleye
            [email] => eric.fermedesbouchers@skynet.be
            [language] => Français
            [cotisations_2013] => N/A
            [civilit] => Monsieur
            [first_name] => Eric
            [last_name] => de LAVELEYE
            [company] => 
            [phone] => 010.24.11.68
            [birthdate] => 1948-13-09
            [number_of_children] => 0
            [gender] => Male - Man - Homme
            [nationality] => Yes - Ja - Oui
            [address] => 80, venelle Notre-Dame-des-Champs
            [city] => Wavre
            [zip] => 1300
            [country] => BE
            [payment_info_module] => manualpay
            [payment_info_txn_type] => subscription
            [payment_info_subscr_id] => 
            [payment_info_txn_id] => 
            [user_password] => eE4mZMOKlYXq
            [pack_id] => 23
            [transaction_id] => 12
            [status_str] => Membership expired on Apr 5th 2013 11:40 AM - onetime billing completed
            [rss_token] => 
        )

    [7] => stdClass Object
        (
            [ID] => 12
            [user_login] => Alloo
            [user_email] => Michel.Alloo@skynet.be
            [user_registered] => 03/04/2013
            [display_name] => Alloo
            [trial_on] => 0
            [trial_cost] => 0
            [trial_duration] => 0
            [trial_duration_type] => d
            [trial_num_cycles] => 0
            [duration] => 1
            [duration_type] => y
            [amount] => 250.00
            [currency] => USD
            [join_date] => N/A
            [last_pay_date] => N/A
            [expire_date] => 27/11/2014
            [membership_type] => membre_effectif
            [status] => Active
            [payment_type] => 
            [subscribed] => 
            [autoresponder_notified] => 
            [username] => Alloo
            [email] => Michel.Alloo@skynet.be
            [language] => Français
            [cotisations_2013] => N/A
            [civilit] => Monsieur
            [first_name] => Michel
            [last_name] => Alloo
            [company] => 
            [phone] => 0475 462 417
            [birthdate] => 
            [number_of_children] => 
            [gender] => Male - Man - Homme
            [nationality] => Yes - Ja - Oui
            [address] => 
            [city] => 
            [zip] => 
            [country] => BE
            [user_password] => b2N972o9b2197NON
            [active_num_cycles] => 0
            [pack_id] => 28
            [last_payment_check_type] => cron
            [last_payment_check_date] => 2013-04-03
            [status_str] => Last rebill cycle processed manually
            [rss_token] => 
        )

    [8] => stdClass Object
        (
            [ID] => 13
            [user_login] => Masson
            [user_email] => maurice.j.masson@gmail.com
            [user_registered] => 03/04/2013
            [display_name] => Masson
            [trial_on] => 1
            [trial_cost] => 0.00
            [trial_duration] => 1
            [trial_duration_type] => m
            [trial_num_cycles] => 0
            [duration] => 1
            [duration_type] => y
            [amount] => 100.00
            [currency] => EUR
            [join_date] => 03/04/2013
            [last_pay_date] => 03/04/2013
            [expire_date] => 03/04/2013
            [membership_type] => manager_independent_worker_as_honorary_member_
            [status] => Expired
            [payment_type] => one-time
            [subscribed] => 
            [autoresponder_notified] => 
            [username] => Masson
            [email] => maurice.j.masson@gmail.com
            [language] => Français
            [cotisations_2013] => N/A
            [civilit] => Monsieur
            [first_name] => Maurice
            [last_name] => Masson
            [company] => 
            [phone] => 0475252931
            [birthdate] => 
            [number_of_children] => 
            [gender] => Male - Man - Homme
            [nationality] => Yes - Ja - Oui
            [address] => 
            [city] => 
            [zip] => 
            [country] => BE
            [payment_info_module] => manualpay
            [payment_info_txn_type] => subscription
            [payment_info_subscr_id] => 
            [payment_info_txn_id] => 
            [user_password] => /pXRopKzoG+Bod3X
            [pack_id] => 23
            [transaction_id] => 13
            [status_str] => Membership expired on Apr 5th 2013 11:40 AM - onetime billing completed
            [rss_token] => 
        )

    [9] => stdClass Object
        (
            [ID] => 14
            [user_login] => Seys
            [user_email] => etienne.seys@belgacom.net
            [user_registered] => 03/04/2013
            [display_name] => Seys
            [trial_on] => 0
            [trial_cost] => 0
            [trial_duration] => 0
            [trial_duration_type] => d
            [trial_num_cycles] => 0
            [duration] => 1
            [duration_type] => y
            [amount] => 250.00
            [currency] => USD
            [join_date] => N/A
            [last_pay_date] => N/A
            [expire_date] => 27/11/2014
            [membership_type] => membre_effectif
            [status] => Active
            [payment_type] => 
            [subscribed] => 
            [autoresponder_notified] => 
            [username] => Seys
            [email] => etienne.seys@belgacom.net
            [language] => Français
            [cotisations_2013] => N/A
            [civilit] => Monsieur
            [first_name] => Etienne
            [last_name] => Seys
            [company] => 
            [phone] => 0497570122
            [birthdate] => 
            [number_of_children] => 
            [gender] => Male - Man - Homme
            [nationality] => Yes - Ja - Oui
            [address] => 
            [city] => 
            [zip] => 
            [country] => BE
            [user_password] => 5l87k2EBklS15WYS
            [active_num_cycles] => 0
            [pack_id] => 28
            [last_payment_check_type] => cron
            [last_payment_check_date] => 2013-04-03
            [status_str] => Last rebill cycle processed manually
            [rss_token] => 
        )

    [10] => stdClass Object
        (
            [ID] => 15
            [user_login] => Lemaire
            [user_email] => y.lemaire@alima.fr
            [user_registered] => 03/04/2013
            [display_name] => Lemaire
            [trial_on] => 0
            [trial_cost] => 0
            [trial_duration] => 0
            [trial_duration_type] => d
            [trial_num_cycles] => 0
            [duration] => 1
            [duration_type] => y
            [amount] => 250.00
            [currency] => USD
            [join_date] => N/A
            [last_pay_date] => N/A
            [expire_date] => 27/11/2014
            [membership_type] => membre_effectif
            [status] => Active
            [payment_type] => 
            [subscribed] => 
            [autoresponder_notified] => 
            [username] => Lemaire
            [email] => y.lemaire@alima.fr
            [language] => Français
            [cotisations_2013] => N/A
            [civilit] => Monsieur
            [first_name] => Yves
            [last_name] => Lemaire
            [company] => 
            [phone] => 0477095817
            [birthdate] => 
            [number_of_children] => 
            [gender] => Male - Man - Homme
            [nationality] => Yes - Ja - Oui
            [address] => 
            [city] => 
            [zip] => 
            [country] => BE
            [user_password] => xF3J+FS6+NG6+3R3
            [active_num_cycles] => 0
            [pack_id] => 28
            [last_payment_check_type] => cron
            [last_payment_check_date] => 2013-04-03
            [status_str] => Last rebill cycle processed manually
            [rss_token] => 
        )

    [11] => stdClass Object
        (
            [ID] => 16
            [user_login] => Serseau
            [user_email] => mmasson@objectifaction.be
            [user_registered] => 03/04/2013
            [display_name] => Serseau
            [trial_on] => 1
            [trial_cost] => 0.00
            [trial_duration] => 1
            [trial_duration_type] => m
            [trial_num_cycles] => 0
            [duration] => 1
            [duration_type] => y
            [amount] => 300.00
            [currency] => EUR
            [join_date] => 03/04/2013
            [last_pay_date] => 03/04/2013
            [expire_date] => 03/04/2013
            [membership_type] => small_company_50_people_
            [status] => Expired
            [payment_type] => one-time
            [subscribed] => 
            [autoresponder_notified] => 
            [username] => Serseau
            [email] => mmasson@objectifaction.be
            [language] => Français
            [cotisations_2013] => N/A
            [civilit] => Monsieur
            [first_name] => Maurice
            [last_name] => Masson
            [company] => Serseau SA
            [phone] => 0475252931
            [birthdate] => 
            [number_of_children] => 
            [gender] => Male - Man - Homme
            [nationality] => Yes - Ja - Oui
            [address] => 
            [city] => 
            [zip] => 
            [country] => BE
            [payment_info_module] => manualpay
            [payment_info_txn_type] => subscription
            [payment_info_subscr_id] => 
            [payment_info_txn_id] => 
            [user_password] => z+ngF+6/FuwrFMYn
            [pack_id] => 20
            [transaction_id] => 14
            [status_str] => Membership expired on Apr 5th 2013 11:40 AM - onetime billing completed
            [rss_token] => 
        )

    [12] => stdClass Object
        (
            [ID] => 17
            [user_login] => Havaux
            [user_email] => rene.havaux@skynet.be
            [user_registered] => 03/04/2013
            [display_name] => Havaux
            [trial_on] => 0
            [trial_cost] => 0
            [trial_duration] => 0
            [trial_duration_type] => d
            [trial_num_cycles] => 0
            [duration] => 1
            [duration_type] => y
            [amount] => 250.00
            [currency] => USD
            [join_date] => N/A
            [last_pay_date] => N/A
            [expire_date] => 27/11/2014
            [membership_type] => membre_effectif
            [status] => Active
            [payment_type] => 
            [subscribed] => 
            [autoresponder_notified] => 
            [username] => Havaux
            [email] => rene.havaux@skynet.be
            [language] => Français
            [cotisations_2013] => N/A
            [civilit] => Monsieur
            [first_name] => René
            [last_name] => Havaux
            [company] => 
            [phone] => 025005631
            [birthdate] => 
            [number_of_children] => 
            [gender] => Male - Man - Homme
            [nationality] => Yes - Ja - Oui
            [address] => 
            [city] => 
            [zip] => 
            [country] => BE
            [user_password] => 5Fp1gDpBgD5EnppR
            [active_num_cycles] => 0
            [pack_id] => 28
            [last_payment_check_type] => cron
            [last_payment_check_date] => 2013-04-03
            [status_str] => Last rebill cycle processed manually
            [rss_token] => 
        )

    [13] => stdClass Object
        (
            [ID] => 18
            [user_login] => Hambye
            [user_email] => fhambye@skynet.be
            [user_registered] => 03/04/2013
            [display_name] => Hambye
            [trial_on] => 0
            [trial_cost] => 0
            [trial_duration] => 0
            [trial_duration_type] => d
            [trial_num_cycles] => 0
            [duration] => 1
            [duration_type] => y
            [amount] => 250.00
            [currency] => USD
            [join_date] => N/A
            [last_pay_date] => N/A
            [expire_date] => 27/11/2014
            [membership_type] => membre_effectif
            [status] => Active
            [payment_type] => 
            [subscribed] => 
            [autoresponder_notified] => 
            [username] => Hambye
            [email] => fhambye@skynet.be
            [language] => Français
            [cotisations_2013] => N/A
            [civilit] => Monsieur
            [first_name] => Francis
            [last_name] => Hambye
            [company] => 
            [phone] => 0479653524
            [birthdate] => 
            [number_of_children] => 
            [gender] => Male - Man - Homme
            [nationality] => Yes - Ja - Oui
            [address] => 
            [city] => 
            [zip] => 
            [country] => BE
            [user_password] => JxRM/xZxHyTEJFNR
            [active_num_cycles] => 0
            [pack_id] => 28
            [last_payment_check_type] => cron
            [last_payment_check_date] => 2013-04-03
            [status_str] => Last rebill cycle processed manually
            [rss_token] => 
        )

    [14] => stdClass Object
        (
            [ID] => 19
            [user_login] => Willocx
            [user_email] => ow@beci.be
            [user_registered] => 03/04/2013
            [display_name] => Willocx
            [trial_on] => 0
            [trial_cost] => 0
            [trial_duration] => 0
            [trial_duration_type] => d
            [trial_num_cycles] => 0
            [duration] => 1
            [duration_type] => y
            [amount] => 250.00
            [currency] => USD
            [join_date] => N/A
            [last_pay_date] => N/A
            [expire_date] => 27/11/2014
            [membership_type] => membre_effectif
            [status] => Active
            [payment_type] => 
            [subscribed] => 
            [autoresponder_notified] => 
            [username] => Willocx
            [email] => ow@beci.be
            [language] => Français
            [cotisations_2013] => N/A
            [civilit] => Monsieur
            [first_name] => Olivier
            [last_name] => Willocx
            [company] => 
            [phone] => 026437814
            [birthdate] => 
            [number_of_children] => 
            [gender] => Male - Man - Homme
            [nationality] => Yes - Ja - Oui
            [address] => 
            [city] => 
            [zip] => 
            [country] => BE
            [user_password] => OtG+OtP83tGBGsGq
            [active_num_cycles] => 0
            [pack_id] => 28
            [last_payment_check_type] => cron
            [last_payment_check_date] => 2013-04-03
            [status_str] => Last rebill cycle processed manually
            [rss_token] => 
        )

    [15] => stdClass Object
        (
            [ID] => 20
            [user_login] => Wilberz
            [user_email] => eric.wilberz@yucom.be
            [user_registered] => 03/04/2013
            [display_name] => Wilberz
            [trial_on] => 0
            [trial_cost] => 0
            [trial_duration] => 0
            [trial_duration_type] => d
            [trial_num_cycles] => 0
            [duration] => 1
            [duration_type] => y
            [amount] => 250.00
            [currency] => USD
            [join_date] => N/A
            [last_pay_date] => N/A
            [expire_date] => 27/11/2014
            [membership_type] => membre_effectif
            [status] => Active
            [payment_type] => 
            [subscribed] => 
            [autoresponder_notified] => 
            [username] => Wilberz
            [email] => eric.wilberz@yucom.be
            [language] => Français
            [cotisations_2013] => N/A
            [civilit] => Monsieur
            [first_name] => Eric
            [last_name] => Wilberz
            [company] => 
            [phone] => 0497527763
            [birthdate] => 
            [number_of_children] => 
            [gender] => Male - Man - Homme
            [nationality] => Yes - Ja - Oui
            [address] => 
            [city] => 
            [zip] => 
            [country] => BE
            [user_password] => 8WoAfZ4j8y4w8aYz
            [active_num_cycles] => 0
            [pack_id] => 28
            [last_payment_check_type] => cron
            [last_payment_check_date] => 2013-04-03
            [status_str] => Last rebill cycle processed manually
            [rss_token] => 15047b1b085e8bf5428069b0d1cdfd24
        )

    [16] => stdClass Object
        (
            [ID] => 21
            [user_login] => Derudder
            [user_email] => vjd@nea.lu
            [user_registered] => 03/04/2013
            [display_name] => Derudder
            [trial_on] => 0
            [trial_cost] => 0
            [trial_duration] => 0
            [trial_duration_type] => d
            [trial_num_cycles] => 0
            [duration] => 1
            [duration_type] => y
            [amount] => 250.00
            [currency] => USD
            [join_date] => N/A
            [last_pay_date] => N/A
            [expire_date] => 27/11/2014
            [membership_type] => membre_effectif
            [status] => Active
            [payment_type] => 
            [subscribed] => 
            [autoresponder_notified] => 
            [username] => Derudder
            [email] => vjd@nea.lu
            [language] => Français
            [cotisations_2013] => N/A
            [civilit] => Monsieur
            [first_name] => Vincent
            [last_name] => Derudder
            [company] => 
            [phone] => 00352621276284
            [birthdate] => 
            [number_of_children] => 
            [gender] => Male - Man - Homme
            [nationality] => Yes - Ja - Oui
            [address] => 
            [city] => 
            [zip] => 
            [country] => BE
            [user_password] => O+W8EtMVO+mbOtv+etWqWWoo
            [active_num_cycles] => 0
            [pack_id] => 28
            [last_payment_check_type] => cron
            [last_payment_check_date] => 2013-04-03
            [status_str] => Last rebill cycle processed manually
            [rss_token] => 
        )

    [17] => stdClass Object
        (
            [ID] => 22
            [user_login] => Mossiat
            [user_email] => pierre.mossiat@strictly-confidential.net
            [user_registered] => 03/04/2013
            [display_name] => Mossiat
            [trial_on] => 0
            [trial_cost] => 0
            [trial_duration] => 0
            [trial_duration_type] => d
            [trial_num_cycles] => 0
            [duration] => 1
            [duration_type] => y
            [amount] => 250.00
            [currency] => USD
            [join_date] => N/A
            [last_pay_date] => N/A
            [expire_date] => 27/11/2014
            [membership_type] => membre_effectif
            [status] => Active
            [payment_type] => 
            [subscribed] => 
            [autoresponder_notified] => 
            [username] => Mossiat
            [email] => pierre.mossiat@strictly-confidential.net
            [language] => Français
            [cotisations_2013] => N/A
            [civilit] => Monsieur
            [first_name] => Pierre
            [last_name] => Mossiat
            [company] => 
            [phone] => 025585810
            [birthdate] => 
            [number_of_children] => 
            [gender] => Male - Man - Homme
            [nationality] => Yes - Ja - Oui
            [address] => 
            [city] => 
            [zip] => 
            [country] => BE
            [user_password] => CwGfj8QbUxGvGGG9
            [active_num_cycles] => 0
            [pack_id] => 28
            [last_payment_check_type] => cron
            [last_payment_check_date] => 2013-04-03
            [status_str] => Last rebill cycle processed manually
            [rss_token] => 
        )

    [18] => stdClass Object
        (
            [ID] => 23
            [user_login] => deleCourt
            [user_email] => jcd@deltaluxConsult.com
            [user_registered] => 03/04/2013
            [display_name] => deleCourt
            [trial_on] => 0
            [trial_cost] => 0
            [trial_duration] => 0
            [trial_duration_type] => d
            [trial_num_cycles] => 0
            [duration] => 1
            [duration_type] => y
            [amount] => 250.00
            [currency] => USD
            [join_date] => N/A
            [last_pay_date] => N/A
            [expire_date] => 27/11/2014
            [membership_type] => membre_effectif
            [status] => Active
            [payment_type] => 
            [subscribed] => 
            [autoresponder_notified] => 
            [username] => deleCourt
            [email] => jcd@deltaluxConsult.com
            [language] => Français
            [cotisations_2013] => N/A
            [civilit] => Monsieur
            [first_name] => Jean-Charles
            [last_name] => de le Court
            [company] => 
            [phone] => 0474976473
            [birthdate] => 
            [number_of_children] => 
            [gender] => Male - Man - Homme
            [nationality] => Yes - Ja - Oui
            [address] => 
            [city] => 
            [zip] => 
            [country] => BE
            [user_password] => OrmML3VjLrOMLiqm
            [active_num_cycles] => 0
            [pack_id] => 28
            [last_payment_check_type] => cron
            [last_payment_check_date] => 2013-04-03
            [status_str] => Last rebill cycle processed manually
            [rss_token] => 
        )

    [19] => stdClass Object
        (
            [ID] => 24
            [user_login] => caeymaex
            [user_email] => jeancaeymaex@gmail.com
            [user_registered] => 03/04/2013
            [display_name] => caeymaex
            [trial_on] => 1
            [trial_cost] => 0.00
            [trial_duration] => 1
            [trial_duration_type] => m
            [trial_num_cycles] => 0
            [duration] => 1
            [duration_type] => y
            [amount] => 100.00
            [currency] => EUR
            [join_date] => 03/04/2013
            [last_pay_date] => 03/04/2013
            [expire_date] => 15/03/2018
            [membership_type] => manager_independent_worker_as_honorary_member_
            [status] => Active
            [payment_type] => one-time
            [subscribed] => 
            [autoresponder_notified] => 
            [username] => caeymaex
            [email] => jeancaeymaex@gmail.com
            [language] => Français
            [cotisations_2013] => N/A
            [civilit] => Monsieur
            [first_name] => Jean-François
            [last_name] => Caeymaex
            [company] => 
            [phone] => 00352621255145
            [birthdate] => 
            [number_of_children] => 
            [gender] => Male - Man - Homme
            [nationality] => Yes - Ja - Oui
            [address] => 
            [city] => 
            [zip] => 
            [country] => BE
            [payment_info_module] => manualpay
            [payment_info_txn_type] => subscription
            [payment_info_subscr_id] => 
            [payment_info_txn_id] => 
            [user_password] => eGmJqjxBeGQXejx/qAgbmm//
            [pack_id] => 23
            [transaction_id] => 15
            [status_str] => Last payment was successful
            [rss_token] => 
        )

    [20] => stdClass Object
        (
            [ID] => 25
            [user_login] => Coomans
            [user_email] => murielmichelc@hotmail.com
            [user_registered] => 03/04/2013
            [display_name] => Coomans
            [trial_on] => 0
            [trial_cost] => 0
            [trial_duration] => 0
            [trial_duration_type] => d
            [trial_num_cycles] => 0
            [duration] => 1
            [duration_type] => y
            [amount] => 250.00
            [currency] => USD
            [join_date] => N/A
            [last_pay_date] => N/A
            [expire_date] => 27/11/2014
            [membership_type] => membre_effectif
            [status] => Active
            [payment_type] => 
            [subscribed] => 
            [autoresponder_notified] => 
            [username] => Coomans
            [email] => murielmichelc@hotmail.com
            [language] => Français
            [cotisations_2013] => N/A
            [civilit] => Monsieur
            [first_name] => Michel
            [last_name] => Coomans
            [company] => 
            [phone] => 0478594350
            [birthdate] => 
            [number_of_children] => 
            [gender] => Male - Man - Homme
            [nationality] => Yes - Ja - Oui
            [address] => 
            [city] => 
            [zip] => 
            [country] => BE
            [user_password] => hSBZ0SVFKXaEKrBB
            [active_num_cycles] => 0
            [pack_id] => 28
            [status_str] => Last rebill cycle processed manually
            [rss_token] => 
        )

    [21] => stdClass Object
        (
            [ID] => 26
            [user_login] => Leduc
            [user_email] => jacques.leduc@skynet.be
            [user_registered] => 03/04/2013
            [display_name] => Leduc
            [trial_on] => 0
            [trial_cost] => 0
            [trial_duration] => 0
            [trial_duration_type] => d
            [trial_num_cycles] => 0
            [duration] => 1
            [duration_type] => y
            [amount] => 250.00
            [currency] => USD
            [join_date] => N/A
            [last_pay_date] => N/A
            [expire_date] => 27/11/2014
            [membership_type] => membre_effectif
            [status] => Active
            [payment_type] => 
            [subscribed] => 
            [autoresponder_notified] => 
            [username] => Leduc
            [email] => jacques.leduc@skynet.be
            [language] => Français
            [cotisations_2013] => N/A
            [civilit] => Chevalier
            [first_name] => Jacques
            [last_name] => Leduc
            [company] => 
            [phone] => 0495575628
            [birthdate] => 
            [number_of_children] => 
            [gender] => Male - Man - Homme
            [nationality] => Yes - Ja - Oui
            [address] => 
            [city] => 
            [zip] => 
            [country] => BE
            [user_password] => OUtycM5GcU5UJ677
            [active_num_cycles] => 0
            [pack_id] => 28
            [status_str] => Last rebill cycle processed manually
            [rss_token] => 
        )

    [22] => stdClass Object
        (
            [ID] => 27
            [user_login] => Gennart
            [user_email] => pegennart@belgacom.net
            [user_registered] => 03/04/2013
            [display_name] => Gennart
            [trial_on] => 1
            [trial_cost] => 0.00
            [trial_duration] => 1
            [trial_duration_type] => m
            [trial_num_cycles] => 0
            [duration] => 1
            [duration_type] => y
            [amount] => 20.00
            [currency] => EUR
            [join_date] => 03/04/2013
            [last_pay_date] => 03/04/2013
            [expire_date] => 13/02/2014
            [membership_type] => individual
            [status] => Active
            [payment_type] => one-time
            [subscribed] => 
            [autoresponder_notified] => 
            [username] => Gennart
            [email] => pegennart@belgacom.net
            [language] => Français
            [cotisations_2013] => N/A
            [civilit] => Professeur
            [first_name] => Paul
            [last_name] => Gennart
            [company] => 
            [phone] => 026755957
            [birthdate] => 
            [number_of_children] => 
            [gender] => Male - Man - Homme
            [nationality] => Yes - Ja - Oui
            [address] => 
            [city] => 
            [zip] => 
            [country] => BE
            [payment_info_module] => manualpay
            [payment_info_txn_type] => subscription
            [payment_info_subscr_id] => 
            [payment_info_txn_id] => 
            [user_password] => 5CqD5CfntLpn4eqn
            [pack_id] => 26
            [transaction_id] => 16
            [status_str] => Last payment was successful
            [rss_token] => 
        )

    [23] => stdClass Object
        (
            [ID] => 28
            [user_login] => VanCauter
            [user_email] => willem.van.cauter@jpabelgium.be
            [user_registered] => 03/04/2013
            [display_name] => VanCauter
            [trial_on] => 0
            [trial_cost] => 0
            [trial_duration] => 0
            [trial_duration_type] => d
            [trial_num_cycles] => 0
            [duration] => 1
            [duration_type] => y
            [amount] => 250.00
            [currency] => USD
            [join_date] => N/A
            [last_pay_date] => N/A
            [expire_date] => 27/11/2014
            [membership_type] => membre_effectif
            [status] => Active
            [payment_type] => 
            [subscribed] => 
            [autoresponder_notified] => 
            [username] => VanCauter
            [email] => willem.van.cauter@jpabelgium.be
            [language] => Nederlands
            [cotisations_2013] => N/A
            [civilit] => De Heer
            [first_name] => Willem
            [last_name] => Van Cauter
            [company] => 
            [phone] => 0475710944
            [birthdate] => 
            [number_of_children] => 
            [gender] => Male - Man - Homme
            [nationality] => Yes - Ja - Oui
            [address] => 
            [city] => 
            [zip] => 
            [country] => BE
            [user_password] => QJq/lJf5lYq+QUPq
            [active_num_cycles] => 0
            [pack_id] => 28
            [status_str] => Last rebill cycle processed manually
            [rss_token] => 
        )

    [24] => stdClass Object
        (
            [ID] => 29
            [user_login] => doultrement
            [user_email] => rdo@gesticonseils.be
            [user_registered] => 03/04/2013
            [display_name] => doultrement
            [trial_on] => 0
            [trial_cost] => 0
            [trial_duration] => 0
            [trial_duration_type] => d
            [trial_num_cycles] => 0
            [duration] => 1
            [duration_type] => y
            [amount] => 250.00
            [currency] => USD
            [join_date] => N/A
            [last_pay_date] => N/A
            [expire_date] => 27/11/2014
            [membership_type] => membre_effectif
            [status] => Active
            [payment_type] => 
            [subscribed] => 
            [autoresponder_notified] => 
            [username] => doultrement
            [email] => rdo@gesticonseils.be
            [language] => Français
            [cotisations_2013] => N/A
            [civilit] => Comte
            [first_name] => Rodolphe
            [last_name] => d'Oultremont
            [company] => 
            [phone] => 0475623300
            [birthdate] => 
            [number_of_children] => 
            [gender] => Male - Man - Homme
            [nationality] => Yes - Ja - Oui
            [address] => 
            [city] => 
            [zip] => 
            [country] => BE
            [user_password] => gayvSaRagEbDgyyy
            [active_num_cycles] => 0
            [pack_id] => 28
            [status_str] => Last rebill cycle processed manually
            [rss_token] => 
        )

    [25] => stdClass Object
        (
            [ID] => 30
            [user_login] => Scokaert
            [user_email] => pierre@scokaert.eu
            [user_registered] => 03/04/2013
            [display_name] => Scokaert
            [trial_on] => 0
            [trial_cost] => 0
            [trial_duration] => 0
            [trial_duration_type] => d
            [trial_num_cycles] => 0
            [duration] => 1
            [duration_type] => y
            [amount] => 250.00
            [currency] => USD
            [join_date] => N/A
            [last_pay_date] => N/A
            [expire_date] => 27/11/2014
            [membership_type] => membre_effectif
            [status] => Active
            [payment_type] => 
            [subscribed] => 
            [autoresponder_notified] => 
            [username] => Scokaert
            [email] => pierre@scokaert.eu
            [language] => Français
            [cotisations_2013] => N/A
            [civilit] => Monsieur
            [first_name] => Pierre
            [last_name] => Scokaert
            [company] => 
            [phone] => 0475655424
            [birthdate] => 
            [number_of_children] => 
            [gender] => Male - Man - Homme
            [nationality] => Yes - Ja - Oui
            [address] => 
            [city] => 
            [zip] => 
            [country] => BE
            [user_password] => qFhLGFDFG4DLq9Ah
            [active_num_cycles] => 0
            [pack_id] => 28
            [status_str] => Last rebill cycle processed manually
            [rss_token] => 
        )

    [26] => stdClass Object
        (
            [ID] => 31
            [user_login] => pinon-test
            [user_email] => jean-paul@pinon.be
            [user_registered] => 03/04/2013
            [display_name] => pinon-test
            [trial_on] => 1
            [trial_cost] => 0.00
            [trial_duration] => 1
            [trial_duration_type] => m
            [trial_num_cycles] => 0
            [duration] => 1
            [duration_type] => y
            [amount] => 250.00
            [currency] => EUR
            [join_date] => 03/04/2013
            [last_pay_date] => 03/04/2013
            [expire_date] => 05/04/2015
            [membership_type] => membre_effectif
            [status] => Active
            [payment_type] => one-time
            [subscribed] => 
            [autoresponder_notified] => 
            [username] => pinon-test
            [email] => jean-paul@pinon.be
            [language] => Français
            [cotisations_2013] => N/A
            [civilit] => 
            [first_name] => 
            [last_name] => 
            [company] => 
            [phone] => 
            [birthdate] => 
            [number_of_children] => 
            [gender] => Male - Man - Homme
            [nationality] => Yes - Ja - Oui
            [address] => 
            [city] => 
            [zip] => 
            [country] => BE
            [payment_info_module] => paypal
            [payment_info_txn_type] => web_accept
            [payment_info_txn_id] => 1T666230CW481960P
            [user_password] => 3wmw3g3g
            [active_num_cycles] => 0
            [pack_id] => 28
            [transaction_id] => 17
            [status_str] => Subscription update successful
            [hide_old_content] => 0
            [rss_token] => 
        )

    [27] => stdClass Object
        (
            [ID] => 32
            [user_login] => Blaude
            [user_email] => jean-marie.blaude@euphonynet.be
            [user_registered] => 03/04/2013
            [display_name] => Blaude
            [trial_on] => 1
            [trial_cost] => 0.00
            [trial_duration] => 1
            [trial_duration_type] => m
            [trial_num_cycles] => 0
            [duration] => 1
            [duration_type] => y
            [amount] => 50.00
            [currency] => EUR
            [join_date] => 03/04/2013
            [last_pay_date] => 03/04/2013
            [expire_date] => 05/02/2014
            [membership_type] => individual_as_honorary_member_
            [status] => Active
            [payment_type] => one-time
            [subscribed] => 
            [autoresponder_notified] => 
            [username] => Blaude
            [email] => jean-marie.blaude@euphonynet.be
            [language] => Français
            [cotisations_2013] => N/A
            [civilit] => Monsieur ir
            [first_name] => Jean-Marie
            [last_name] => Blaude
            [company] => 
            [phone] => 0475691331
            [birthdate] => 
            [number_of_children] => 
            [gender] => Male - Man - Homme
            [nationality] => Yes - Ja - Oui
            [address] => 
            [city] => 
            [zip] => 
            [country] => BE
            [payment_info_module] => manualpay
            [payment_info_txn_type] => subscription
            [payment_info_subscr_id] => 
            [payment_info_txn_id] => 
            [user_password] => paoH3aYa3MlP3dlo
            [pack_id] => 25
            [transaction_id] => 18
            [status_str] => Last payment was successful
            [rss_token] => 
        )

    [28] => stdClass Object
        (
            [ID] => 33
            [user_login] => Koninckx
            [user_email] => brigitte.koninckx@gmail.com
            [user_registered] => 03/04/2013
            [display_name] => Koninckx
            [trial_on] => 1
            [trial_cost] => 0.00
            [trial_duration] => 1
            [trial_duration_type] => m
            [trial_num_cycles] => 0
            [duration] => 1
            [duration_type] => y
            [amount] => 50.00
            [currency] => EUR
            [join_date] => 03/04/2013
            [last_pay_date] => 03/04/2013
            [expire_date] => 12/03/2014
            [membership_type] => individual_as_honorary_member_
            [status] => Active
            [payment_type] => one-time
            [subscribed] => 
            [autoresponder_notified] => 
            [username] => Koninckx
            [email] => brigitte.koninckx@gmail.com
            [language] => Français
            [cotisations_2013] => N/A
            [civilit] => Madame
            [first_name] => Brigitte
            [last_name] => Koninckx
            [company] => 
            [phone] => 0476980510
            [birthdate] => 
            [number_of_children] => 
            [gender] => Male - Man - Homme
            [nationality] => Yes - Ja - Oui
            [address] => 
            [city] => 
            [zip] => 
            [country] => BE
            [payment_info_module] => manualpay
            [payment_info_txn_type] => subscription
            [payment_info_subscr_id] => 
            [payment_info_txn_id] => 
            [user_password] => dxCJ90YidQCt9CCC
            [pack_id] => 25
            [transaction_id] => 19
            [status_str] => Last payment was successful
            [rss_token] => 
        )

    [29] => stdClass Object
        (
            [ID] => 34
            [user_login] => Cuijpers
            [user_email] => christian.cuijpers@creg.be
            [user_registered] => 03/04/2013
            [display_name] => Cuijpers
            [trial_on] => 1
            [trial_cost] => 0.00
            [trial_duration] => 1
            [trial_duration_type] => m
            [trial_num_cycles] => 0
            [duration] => 1
            [duration_type] => y
            [amount] => 50.00
            [currency] => EUR
            [join_date] => 03/04/2013
            [last_pay_date] => 03/04/2013
            [expire_date] => 11/01/2014
            [membership_type] => individual_as_honorary_member_
            [status] => Active
            [payment_type] => one-time
            [subscribed] => 
            [autoresponder_notified] => 
            [username] => Cuijpers
            [email] => christian.cuijpers@creg.be
            [language] => Nederlands
            [cotisations_2013] => N/A
            [civilit] => De Heer
            [first_name] => Chris
            [last_name] => Cuijpers
            [company] => 
            [phone] => 0474759894
            [birthdate] => 
            [number_of_children] => 
            [gender] => Male - Man - Homme
            [nationality] => Yes - Ja - Oui
            [address] => 
            [city] => 
            [zip] => 
            [country] => BE
            [payment_info_module] => manualpay
            [payment_info_txn_type] => subscription
            [payment_info_subscr_id] => 
            [payment_info_txn_id] => 
            [user_password] => XA4PvApoDOZ3v4p4
            [pack_id] => 25
            [transaction_id] => 20
            [status_str] => Last payment was successful
            [rss_token] => 
        )

    [30] => stdClass Object
        (
            [ID] => 35
            [user_login] => Vanlede
            [user_email] => alain.van.lede@skynet.be
            [user_registered] => 04/04/2013
            [display_name] => Vanlede
            [trial_on] => 0
            [trial_cost] => 0
            [trial_duration] => 0
            [trial_duration_type] => d
            [trial_num_cycles] => 0
            [duration] => 1
            [duration_type] => y
            [amount] => 0.00
            [currency] => USD
            [join_date] => N/A
            [last_pay_date] => N/A
            [expire_date] => 04/04/2014
            [membership_type] => trial
            [status] => Active
            [payment_type] => 
            [subscribed] => 
            [autoresponder_notified] => 
            [username] => Vanlede
            [email] => alain.van.lede@skynet.be
            [language] => Français
            [cotisations_2013] => N/A
            [civilit] => Mr
            [first_name] => Alain
            [last_name] => Vanlede
            [company] => 
            [phone] => 0032475250654
            [birthdate] => 2013-02-07
            [number_of_children] => 3
            [gender] => Male - Man - Homme
            [nationality] => Yes - Ja - Oui
            [address] => Avenue des chataigniers, 7
            [city] => Limelette
            [zip] => 1342
            [country] => BE
            [user_password] => fb+y42UpUnUp
            [pack_id] => 1
            [account_desc] => Trial Account
            [rss_token] => 
        )

    [31] => stdClass Object
        (
            [ID] => 36
            [user_login] => makikine
            [user_email] => makikine@hotmail.com
            [user_registered] => 05/04/2013
            [display_name] => makikine
            [trial_on] => 0
            [trial_cost] => 0
            [trial_duration] => 0
            [trial_duration_type] => d
            [trial_num_cycles] => 0
            [duration] => 1
            [duration_type] => y
            [amount] => 0.00
            [currency] => USD
            [join_date] => N/A
            [last_pay_date] => N/A
            [expire_date] => 05/04/2014
            [membership_type] => trial
            [status] => Active
            [payment_type] => 
            [subscribed] => 
            [autoresponder_notified] => 
            [username] => makikine
            [email] => makikine@hotmail.com
            [language] => Français
            [cotisations_2013] => N/A
            [civilit] => 
            [first_name] => Marie-Christine
            [last_name] => t'SERSTEVENS
            [company] => 
            [phone] => 0474 941749
            [birthdate] => 
            [number_of_children] => 2
            [gender] => Female - Vrouw - Femme
            [nationality] => Yes - Ja - Oui
            [address] => Rue de Florival 1/E
            [city] => Archennes
            [zip] => 1390
            [country] => BE
            [user_password] => 9SVD9r93XZkbPPDD
            [pack_id] => 1
            [account_desc] => Trial Account
            [rss_token] => 
        )

)
</pre>
