
1. [16-04-2013 09:54:08]: 
----------------------------------------------------------------------------------------------------
export_users : <pre>Array
(
    [0] => stdClass Object
        (
            [ID] => 2
            [user_login] => JPinon
            [user_email] => jp@pinon.be
            [user_registered] => 23/01/2013
            [display_name] => Jean-Paul Pinon
            [trial_on] => 1
            [trial_cost] => 0.00
            [trial_duration] => 1
            [trial_duration_type] => m
            [trial_num_cycles] => 1
            [duration] => 2
            [duration_type] => y
            [amount] => 250.00
            [currency] => EUR
            [join_date] => 23/01/2013
            [last_pay_date] => 11/04/2013
            [expire_date] => 27/11/2016
            [membership_type] => administrateur
            [status] => Active
            [payment_type] => one-time
            [subscribed] => 
            [autoresponder_notified] => 
            [username] => N/A
            [email] => jp@pinon.be
            [language] => Nederlands
            [cotisations_2013] => N/A
            [civilit] => 
            [first_name] => Jean-Paul
            [last_name] => Pinon
            [company] => 
            [phone] => 
            [gender] => Male - Man - Homme
            [birthyear_geboortejaar] => N/A
            [nationality] => Yes - Ja - Oui
            [address] => 
            [city] => 
            [zip] => 
            [country] => AF
            [fisco_flash] => N/A
            [code] => N/A
            [payment_info_module] => manualpay
            [payment_info_txn_type] => subscription
            [payment_info_subscr_id] => 
            [payment_info_txn_id] => 
            [user_password] => zEkEhidDMEyI2BBR
            [active_num_cycles] => 1
            [pack_id] => 30
            [status_str] => Subscription update successful
            [hide_old_content] => 0
            [last_payment_check_type] => manual
            [last_payment_check_date] => 2013-03-22
            [rss_token] => 6a080e876649419c41c3ffc90caa2351
            [transaction_id] => 39
            [status_reset_on] => 2016-12-31
        )

    [1] => stdClass Object
        (
            [ID] => 3
            [user_login] => vbaguet
            [user_email] => vbaguet@eurasianfinance.com
            [user_registered] => 24/01/2013
            [display_name] => vbaguet
            [trial_on] => 0
            [trial_cost] => 0
            [trial_duration] => 0
            [trial_duration_type] => d
            [trial_num_cycles] => 0
            [duration] => 1
            [duration_type] => y
            [amount] => 10.00
            [currency] => EUR
            [join_date] => 24/01/2013
            [last_pay_date] => 24/01/2013
            [expire_date] => 31/12/2014
            [membership_type] => student_jobless_socially_assisted
            [status] => Active
            [payment_type] => one-time
            [subscribed] => 
            [autoresponder_notified] => 
            [username] => vbaguet
            [email] => vbaguet@eurasianfinance.com
            [language] => N/A
            [cotisations_2013] => N/A
            [civilit] => Monsieur
            [first_name] => Vincent
            [last_name] => Baguet
            [company] => N/A
            [phone] => 0245584545
            [gender] => N/A
            [birthyear_geboortejaar] => N/A
            [nationality] => N/A
            [address] => blabla
            [city] => Bruxelles
            [zip] => 1000
            [country] => BE
            [fisco_flash] => N/A
            [code] => N/A
            [payment_info_module] => manualpay
            [payment_info_txn_type] => subscription
            [payment_info_subscr_id] => 
            [payment_info_txn_id] => 
            [user_password] => onnZ21EgOHbTOfBMeegg
            [active_num_cycles] => 1
            [pack_id] => 27
            [transaction_id] => 1
            [status_str] => Subscription update successful
            [last_payment_check_type] => manual
            [last_payment_check_date] => 2013-02-01
            [hide_old_content] => 0
            [rss_token] => 
        )

    [2] => stdClass Object
        (
            [ID] => 9
            [user_login] => testAD
            [user_email] => chatliu@gmail.com
            [user_registered] => 22/03/2013
            [display_name] => testAD
            [trial_on] => 1
            [trial_cost] => 0.00
            [trial_duration] => 1
            [trial_duration_type] => m
            [trial_num_cycles] => 0
            [duration] => 1
            [duration_type] => y
            [amount] => 20.00
            [currency] => EUR
            [join_date] => 22/03/2013
            [last_pay_date] => 22/03/2013
            [expire_date] => 22/03/2014
            [membership_type] => individual
            [status] => Active
            [payment_type] => 
            [subscribed] => 
            [autoresponder_notified] => 
            [username] => N/A
            [email] => chatliu@gmail.com
            [language] => Nederlands
            [cotisations_2013] => N/A
            [civilit] => 
            [first_name] => 
            [last_name] => 
            [company] => 
            [phone] => 
            [gender] => Male - Man - Homme
            [birthyear_geboortejaar] => 
            [nationality] => Yes - Ja - Oui
            [address] => 
            [city] => 
            [zip] => 
            [country] => AF
            [fisco_flash] => N/A
            [code] => N/A
            [user_password] => a/ibFNCevQve
            [active_num_cycles] => 1
            [pack_id] => 26
            [status_str] => Last payment was successful
            [hide_old_content] => 0
            [rss_token] => 
        )

    [3] => stdClass Object
        (
            [ID] => 10
            [user_login] => adelinremy
            [user_email] => adelinremy@hotmail.com
            [user_registered] => 22/03/2013
            [display_name] => Adelin Remy
            [trial_on] => 1
            [trial_cost] => 0.00
            [trial_duration] => 1
            [trial_duration_type] => m
            [trial_num_cycles] => 0
            [duration] => 1
            [duration_type] => y
            [amount] => 20.00
            [currency] => EUR
            [join_date] => 22/03/2013
            [last_pay_date] => 22/03/2013
            [expire_date] => 27/11/2022
            [membership_type] => membre_effectif
            [status] => Active
            [payment_type] => 
            [subscribed] => 
            [autoresponder_notified] => 
            [username] => adelinremy
            [email] => N/A
            [language] => N/A
            [cotisations_2013] => N/A
            [civilit] => N/A
            [first_name] => N/A
            [last_name] => N/A
            [company] => N/A
            [phone] => N/A
            [gender] => N/A
            [birthyear_geboortejaar] => N/A
            [nationality] => N/A
            [address] => N/A
            [city] => N/A
            [zip] => N/A
            [country] => N/A
            [fisco_flash] => N/A
            [code] => N/A
            [user_password] => pCIv0L8Kpee5IIWW
            [active_num_cycles] => 1
            [pack_id] => 26
            [status_str] => Last rebill cycle processed manually
            [hide_old_content] => 0
            [rss_token] => 157ea3bccbaf8c8ca090961b1722bb00
        )

    [4] => stdClass Object
        (
            [ID] => 11
            [user_login] => ericdelaveleye
            [user_email] => eric.fermedesbouchers@skynet.be
            [user_registered] => 23/03/2013
            [display_name] => ericdelaveleye
            [trial_on] => 1
            [trial_cost] => 0.00
            [trial_duration] => 1
            [trial_duration_type] => m
            [trial_num_cycles] => 0
            [duration] => 1
            [duration_type] => y
            [amount] => 100.00
            [currency] => EUR
            [join_date] => 23/03/2013
            [last_pay_date] => 23/03/2013
            [expire_date] => 23/03/2013
            [membership_type] => manager_independent_worker_as_honorary_member_
            [status] => Expired
            [payment_type] => one-time
            [subscribed] => 
            [autoresponder_notified] => 
            [username] => ericdelaveleye
            [email] => eric.fermedesbouchers@skynet.be
            [language] => Français
            [cotisations_2013] => N/A
            [civilit] => Monsieur
            [first_name] => Eric
            [last_name] => de LAVELEYE
            [company] => 
            [phone] => 010.24.11.68
            [gender] => Male - Man - Homme
            [birthyear_geboortejaar] => N/A
            [nationality] => Yes - Ja - Oui
            [address] => 80, venelle Notre-Dame-des-Champs
            [city] => Wavre
            [zip] => 1300
            [country] => BE
            [fisco_flash] => N/A
            [code] => N/A
            [payment_info_module] => manualpay
            [payment_info_txn_type] => subscription
            [payment_info_subscr_id] => 
            [payment_info_txn_id] => 
            [user_password] => eE4mZMOKlYXq
            [pack_id] => 23
            [transaction_id] => 12
            [status_str] => Membership expired on Apr 9th 2013 9:04 AM - onetime billing completed
            [rss_token] => 
        )

    [5] => stdClass Object
        (
            [ID] => 12
            [user_login] => Alloo
            [user_email] => Michel.Alloo@skynet.be
            [user_registered] => 03/04/2013
            [display_name] => Alloo
            [trial_on] => 0
            [trial_cost] => 0
            [trial_duration] => 0
            [trial_duration_type] => d
            [trial_num_cycles] => 0
            [duration] => 2
            [duration_type] => y
            [amount] => 250.00
            [currency] => EUR
            [join_date] => 09/04/2013
            [last_pay_date] => N/A
            [expire_date] => 27/11/2016
            [membership_type] => membre_effectif
            [status] => Active
            [payment_type] => 
            [subscribed] => 
            [autoresponder_notified] => 
            [username] => Alloo
            [email] => Michel.Alloo@skynet.be
            [language] => Français
            [cotisations_2013] => N/A
            [civilit] => Monsieur
            [first_name] => Michel
            [last_name] => Alloo
            [company] => 
            [phone] => 0475 462 417
            [gender] => Male - Man - Homme
            [birthyear_geboortejaar] => N/A
            [nationality] => Yes - Ja - Oui
            [address] => 
            [city] => 
            [zip] => 
            [country] => BE
            [fisco_flash] => N/A
            [code] => N/A
            [user_password] => b2N972o9b2197NON
            [active_num_cycles] => 1
            [pack_id] => 30
            [last_payment_check_type] => cron
            [last_payment_check_date] => 2013-04-03
            [status_str] => Subscription update successful
            [hide_old_content] => 0
            [rss_token] => 
        )

    [6] => stdClass Object
        (
            [ID] => 13
            [user_login] => Masson
            [user_email] => maurice.j.masson@gmail.com
            [user_registered] => 03/04/2013
            [display_name] => Masson
            [trial_on] => 1
            [trial_cost] => 0.00
            [trial_duration] => 1
            [trial_duration_type] => m
            [trial_num_cycles] => 0
            [duration] => 1
            [duration_type] => y
            [amount] => 100.00
            [currency] => EUR
            [join_date] => 03/04/2013
            [last_pay_date] => 03/04/2013
            [expire_date] => 03/04/2013
            [membership_type] => manager_independent_worker_as_honorary_member_
            [status] => Expired
            [payment_type] => one-time
            [subscribed] => 
            [autoresponder_notified] => 
            [username] => Masson
            [email] => maurice.j.masson@gmail.com
            [language] => Français
            [cotisations_2013] => N/A
            [civilit] => Monsieur
            [first_name] => Maurice
            [last_name] => Masson
            [company] => 
            [phone] => 0475252931
            [gender] => Male - Man - Homme
            [birthyear_geboortejaar] => N/A
            [nationality] => Yes - Ja - Oui
            [address] => 
            [city] => 
            [zip] => 
            [country] => BE
            [fisco_flash] => N/A
            [code] => N/A
            [payment_info_module] => manualpay
            [payment_info_txn_type] => subscription
            [payment_info_subscr_id] => 
            [payment_info_txn_id] => 
            [user_password] => /pXRopKzoG+Bod3X
            [pack_id] => 23
            [transaction_id] => 13
            [status_str] => Membership expired on Apr 9th 2013 9:04 AM - onetime billing completed
            [rss_token] => 
        )

    [7] => stdClass Object
        (
            [ID] => 14
            [user_login] => Seys
            [user_email] => etienne.seys@belgacom.net
            [user_registered] => 03/04/2013
            [display_name] => Seys
            [trial_on] => 0
            [trial_cost] => 0
            [trial_duration] => 0
            [trial_duration_type] => d
            [trial_num_cycles] => 0
            [duration] => 2
            [duration_type] => y
            [amount] => 250.00
            [currency] => EUR
            [join_date] => 09/04/2013
            [last_pay_date] => N/A
            [expire_date] => 27/11/2016
            [membership_type] => membre_effectif
            [status] => Active
            [payment_type] => 
            [subscribed] => 
            [autoresponder_notified] => 
            [username] => Seys
            [email] => etienne.seys@belgacom.net
            [language] => Français
            [cotisations_2013] => N/A
            [civilit] => Monsieur
            [first_name] => Etienne
            [last_name] => Seys
            [company] => 
            [phone] => 0497570122
            [gender] => Male - Man - Homme
            [birthyear_geboortejaar] => N/A
            [nationality] => Yes - Ja - Oui
            [address] => 
            [city] => 
            [zip] => 
            [country] => BE
            [fisco_flash] => N/A
            [code] => N/A
            [user_password] => 5l87k2EBklS15WYS
            [active_num_cycles] => 1
            [pack_id] => 30
            [last_payment_check_type] => cron
            [last_payment_check_date] => 2013-04-03
            [status_str] => Subscription update successful
            [hide_old_content] => 0
            [rss_token] => 
        )

    [8] => stdClass Object
        (
            [ID] => 15
            [user_login] => Lemaire
            [user_email] => y.lemaire@alima.fr
            [user_registered] => 03/04/2013
            [display_name] => Lemaire
            [trial_on] => 0
            [trial_cost] => 0
            [trial_duration] => 0
            [trial_duration_type] => d
            [trial_num_cycles] => 0
            [duration] => 2
            [duration_type] => y
            [amount] => 250.00
            [currency] => EUR
            [join_date] => 09/04/2013
            [last_pay_date] => N/A
            [expire_date] => 27/11/2016
            [membership_type] => membre_effectif
            [status] => Active
            [payment_type] => 
            [subscribed] => 
            [autoresponder_notified] => 
            [username] => Lemaire
            [email] => y.lemaire@alima.fr
            [language] => Français
            [cotisations_2013] => N/A
            [civilit] => Monsieur
            [first_name] => Yves
            [last_name] => Lemaire
            [company] => 
            [phone] => 0477095817
            [gender] => Male - Man - Homme
            [birthyear_geboortejaar] => N/A
            [nationality] => Yes - Ja - Oui
            [address] => 
            [city] => 
            [zip] => 
            [country] => BE
            [fisco_flash] => N/A
            [code] => N/A
            [user_password] => xF3J+FS6+NG6+3R3
            [active_num_cycles] => 1
            [pack_id] => 30
            [last_payment_check_type] => cron
            [last_payment_check_date] => 2013-04-03
            [status_str] => Subscription update successful
            [hide_old_content] => 0
            [rss_token] => 
        )

    [9] => stdClass Object
        (
            [ID] => 16
            [user_login] => Serseau
            [user_email] => mmasson@objectifaction.be
            [user_registered] => 03/04/2013
            [display_name] => Serseau
            [trial_on] => 1
            [trial_cost] => 0.00
            [trial_duration] => 1
            [trial_duration_type] => m
            [trial_num_cycles] => 0
            [duration] => 1
            [duration_type] => y
            [amount] => 300.00
            [currency] => EUR
            [join_date] => 03/04/2013
            [last_pay_date] => 03/04/2013
            [expire_date] => 03/04/2013
            [membership_type] => small_company_50_people_
            [status] => Expired
            [payment_type] => one-time
            [subscribed] => 
            [autoresponder_notified] => 
            [username] => Serseau
            [email] => mmasson@objectifaction.be
            [language] => Français
            [cotisations_2013] => N/A
            [civilit] => Monsieur
            [first_name] => Maurice
            [last_name] => Masson
            [company] => Serseau SA
            [phone] => 0475252931
            [gender] => Male - Man - Homme
            [birthyear_geboortejaar] => N/A
            [nationality] => Yes - Ja - Oui
            [address] => 
            [city] => 
            [zip] => 
            [country] => BE
            [fisco_flash] => N/A
            [code] => N/A
            [payment_info_module] => manualpay
            [payment_info_txn_type] => subscription
            [payment_info_subscr_id] => 
            [payment_info_txn_id] => 
            [user_password] => z+ngF+6/FuwrFMYn
            [pack_id] => 20
            [transaction_id] => 14
            [status_str] => Membership expired on Apr 9th 2013 9:04 AM - onetime billing completed
            [rss_token] => 
        )

    [10] => stdClass Object
        (
            [ID] => 17
            [user_login] => Havaux
            [user_email] => rene.havaux@skynet.be
            [user_registered] => 03/04/2013
            [display_name] => Havaux
            [trial_on] => 0
            [trial_cost] => 0
            [trial_duration] => 0
            [trial_duration_type] => d
            [trial_num_cycles] => 0
            [duration] => 2
            [duration_type] => y
            [amount] => 250.00
            [currency] => EUR
            [join_date] => 09/04/2013
            [last_pay_date] => N/A
            [expire_date] => 27/11/2016
            [membership_type] => membre_effectif
            [status] => Active
            [payment_type] => 
            [subscribed] => 
            [autoresponder_notified] => 
            [username] => Havaux
            [email] => rene.havaux@skynet.be
            [language] => Français
            [cotisations_2013] => N/A
            [civilit] => Monsieur
            [first_name] => René
            [last_name] => Havaux
            [company] => 
            [phone] => 025005631
            [gender] => Male - Man - Homme
            [birthyear_geboortejaar] => N/A
            [nationality] => Yes - Ja - Oui
            [address] => 
            [city] => 
            [zip] => 
            [country] => BE
            [fisco_flash] => N/A
            [code] => N/A
            [user_password] => 5Fp1gDpBgD5EnppR
            [active_num_cycles] => 1
            [pack_id] => 30
            [last_payment_check_type] => cron
            [last_payment_check_date] => 2013-04-03
            [status_str] => Subscription update successful
            [hide_old_content] => 0
            [rss_token] => 
        )

    [11] => stdClass Object
        (
            [ID] => 18
            [user_login] => Hambye
            [user_email] => fhambye@skynet.be
            [user_registered] => 03/04/2013
            [display_name] => Hambye
            [trial_on] => 0
            [trial_cost] => 0
            [trial_duration] => 0
            [trial_duration_type] => d
            [trial_num_cycles] => 0
            [duration] => 2
            [duration_type] => y
            [amount] => 250.00
            [currency] => EUR
            [join_date] => 09/04/2013
            [last_pay_date] => N/A
            [expire_date] => 27/11/2016
            [membership_type] => membre_effectif
            [status] => Active
            [payment_type] => 
            [subscribed] => 
            [autoresponder_notified] => 
            [username] => Hambye
            [email] => fhambye@skynet.be
            [language] => Français
            [cotisations_2013] => N/A
            [civilit] => Monsieur
            [first_name] => Francis
            [last_name] => Hambye
            [company] => 
            [phone] => 0479653524
            [gender] => Male - Man - Homme
            [birthyear_geboortejaar] => N/A
            [nationality] => Yes - Ja - Oui
            [address] => 
            [city] => 
            [zip] => 
            [country] => BE
            [fisco_flash] => N/A
            [code] => N/A
            [user_password] => JxRM/xZxHyTEJFNR
            [active_num_cycles] => 1
            [pack_id] => 30
            [last_payment_check_type] => cron
            [last_payment_check_date] => 2013-04-03
            [status_str] => Subscription update successful
            [hide_old_content] => 0
            [rss_token] => 
        )

    [12] => stdClass Object
        (
            [ID] => 19
            [user_login] => Willocx
            [user_email] => ow@beci.be
            [user_registered] => 03/04/2013
            [display_name] => Willocx
            [trial_on] => 0
            [trial_cost] => 0
            [trial_duration] => 0
            [trial_duration_type] => d
            [trial_num_cycles] => 0
            [duration] => 2
            [duration_type] => y
            [amount] => 250.00
            [currency] => EUR
            [join_date] => 09/04/2013
            [last_pay_date] => N/A
            [expire_date] => 27/11/2016
            [membership_type] => membre_effectif
            [status] => Active
            [payment_type] => 
            [subscribed] => 
            [autoresponder_notified] => 
            [username] => Willocx
            [email] => ow@beci.be
            [language] => Français
            [cotisations_2013] => N/A
            [civilit] => Monsieur
            [first_name] => Olivier
            [last_name] => Willocx
            [company] => 
            [phone] => 026437814
            [gender] => Male - Man - Homme
            [birthyear_geboortejaar] => N/A
            [nationality] => Yes - Ja - Oui
            [address] => 
            [city] => 
            [zip] => 
            [country] => BE
            [fisco_flash] => N/A
            [code] => N/A
            [user_password] => OtG+OtP83tGBGsGq
            [active_num_cycles] => 1
            [pack_id] => 30
            [last_payment_check_type] => cron
            [last_payment_check_date] => 2013-04-03
            [status_str] => Subscription update successful
            [hide_old_content] => 0
            [rss_token] => 
        )

    [13] => stdClass Object
        (
            [ID] => 20
            [user_login] => Wilberz
            [user_email] => eric.wilberz@yucom.be
            [user_registered] => 03/04/2013
            [display_name] => Wilberz
            [trial_on] => 0
            [trial_cost] => 0
            [trial_duration] => 0
            [trial_duration_type] => d
            [trial_num_cycles] => 0
            [duration] => 2
            [duration_type] => y
            [amount] => 250.00
            [currency] => EUR
            [join_date] => 09/04/2013
            [last_pay_date] => N/A
            [expire_date] => 27/11/2016
            [membership_type] => membre_effectif
            [status] => Active
            [payment_type] => 
            [subscribed] => 
            [autoresponder_notified] => 
            [username] => Wilberz
            [email] => eric.wilberz@yucom.be
            [language] => Français
            [cotisations_2013] => N/A
            [civilit] => Monsieur
            [first_name] => Eric
            [last_name] => Wilberz
            [company] => 
            [phone] => 0497527763
            [gender] => Male - Man - Homme
            [birthyear_geboortejaar] => N/A
            [nationality] => Yes - Ja - Oui
            [address] => 
            [city] => 
            [zip] => 
            [country] => BE
            [fisco_flash] => N/A
            [code] => N/A
            [user_password] => 8WoAfZ4j8y4w8aYz
            [active_num_cycles] => 1
            [pack_id] => 30
            [last_payment_check_type] => cron
            [last_payment_check_date] => 2013-04-03
            [status_str] => Subscription update successful
            [rss_token] => 15047b1b085e8bf5428069b0d1cdfd24
            [hide_old_content] => 0
        )

    [14] => stdClass Object
        (
            [ID] => 21
            [user_login] => Derudder
            [user_email] => vjd@nea.lu
            [user_registered] => 03/04/2013
            [display_name] => Derudder
            [trial_on] => 0
            [trial_cost] => 0
            [trial_duration] => 0
            [trial_duration_type] => d
            [trial_num_cycles] => 0
            [duration] => 2
            [duration_type] => y
            [amount] => 250.00
            [currency] => EUR
            [join_date] => 09/04/2013
            [last_pay_date] => N/A
            [expire_date] => 27/11/2016
            [membership_type] => membre_effectif
            [status] => Active
            [payment_type] => 
            [subscribed] => 
            [autoresponder_notified] => 
            [username] => Derudder
            [email] => vjd@nea.lu
            [language] => Français
            [cotisations_2013] => N/A
            [civilit] => Monsieur
            [first_name] => Vincent
            [last_name] => Derudder
            [company] => 
            [phone] => 00352621276284
            [gender] => Male - Man - Homme
            [birthyear_geboortejaar] => N/A
            [nationality] => Yes - Ja - Oui
            [address] => 
            [city] => 
            [zip] => 
            [country] => BE
            [fisco_flash] => N/A
            [code] => N/A
            [user_password] => O+W8EtMVO+mbOtv+etWqWWoo
            [active_num_cycles] => 1
            [pack_id] => 30
            [last_payment_check_type] => cron
            [last_payment_check_date] => 2013-04-03
            [status_str] => Subscription update successful
            [hide_old_content] => 0
            [rss_token] => 
        )

    [15] => stdClass Object
        (
            [ID] => 22
            [user_login] => Mossiat
            [user_email] => pierre.mossiat@strictly-confidential.net
            [user_registered] => 03/04/2013
            [display_name] => Mossiat
            [trial_on] => 0
            [trial_cost] => 0
            [trial_duration] => 0
            [trial_duration_type] => d
            [trial_num_cycles] => 0
            [duration] => 2
            [duration_type] => y
            [amount] => 250.00
            [currency] => EUR
            [join_date] => 09/04/2013
            [last_pay_date] => N/A
            [expire_date] => 27/11/2016
            [membership_type] => membre_effectif
            [status] => Active
            [payment_type] => 
            [subscribed] => 
            [autoresponder_notified] => 
            [username] => Mossiat
            [email] => pierre.mossiat@strictly-confidential.net
            [language] => Français
            [cotisations_2013] => N/A
            [civilit] => Monsieur
            [first_name] => Pierre
            [last_name] => Mossiat
            [company] => 
            [phone] => 025585810
            [gender] => Male - Man - Homme
            [birthyear_geboortejaar] => N/A
            [nationality] => Yes - Ja - Oui
            [address] => 
            [city] => 
            [zip] => 
            [country] => BE
            [fisco_flash] => N/A
            [code] => N/A
            [user_password] => CwGfj8QbUxGvGGG9
            [active_num_cycles] => 1
            [pack_id] => 30
            [last_payment_check_type] => cron
            [last_payment_check_date] => 2013-04-03
            [status_str] => Subscription update successful
            [hide_old_content] => 0
            [rss_token] => 
        )

    [16] => stdClass Object
        (
            [ID] => 23
            [user_login] => deleCourt
            [user_email] => jcd@deltaluxConsult.com
            [user_registered] => 03/04/2013
            [display_name] => deleCourt
            [trial_on] => 0
            [trial_cost] => 0
            [trial_duration] => 0
            [trial_duration_type] => d
            [trial_num_cycles] => 0
            [duration] => 2
            [duration_type] => y
            [amount] => 250.00
            [currency] => EUR
            [join_date] => 09/04/2013
            [last_pay_date] => N/A
            [expire_date] => 27/11/2016
            [membership_type] => membre_effectif
            [status] => Active
            [payment_type] => 
            [subscribed] => 
            [autoresponder_notified] => 
            [username] => deleCourt
            [email] => jcd@deltaluxConsult.com
            [language] => Français
            [cotisations_2013] => N/A
            [civilit] => Monsieur
            [first_name] => Jean-Charles
            [last_name] => de le Court
            [company] => 
            [phone] => 0474976473
            [gender] => Male - Man - Homme
            [birthyear_geboortejaar] => N/A
            [nationality] => Yes - Ja - Oui
            [address] => 
            [city] => 
            [zip] => 
            [country] => BE
            [fisco_flash] => N/A
            [code] => N/A
            [user_password] => OrmML3VjLrOMLiqm
            [active_num_cycles] => 1
            [pack_id] => 30
            [last_payment_check_type] => cron
            [last_payment_check_date] => 2013-04-03
            [status_str] => Subscription update successful
            [hide_old_content] => 0
            [rss_token] => 
        )

    [17] => stdClass Object
        (
            [ID] => 24
            [user_login] => caeymaex
            [user_email] => jeancaeymaex@gmail.com
            [user_registered] => 03/04/2013
            [display_name] => caeymaex
            [trial_on] => 1
            [trial_cost] => 0.00
            [trial_duration] => 1
            [trial_duration_type] => m
            [trial_num_cycles] => 0
            [duration] => 1
            [duration_type] => y
            [amount] => 100.00
            [currency] => EUR
            [join_date] => 03/04/2013
            [last_pay_date] => 03/04/2013
            [expire_date] => 15/03/2018
            [membership_type] => manager_independent_worker_as_honorary_member_
            [status] => Active
            [payment_type] => one-time
            [subscribed] => 
            [autoresponder_notified] => 
            [username] => caeymaex
            [email] => jeancaeymaex@gmail.com
            [language] => Français
            [cotisations_2013] => N/A
            [civilit] => Monsieur
            [first_name] => Jean-François
            [last_name] => Caeymaex
            [company] => 
            [phone] => 00352621255145
            [gender] => Male - Man - Homme
            [birthyear_geboortejaar] => N/A
            [nationality] => Yes - Ja - Oui
            [address] => 
            [city] => 
            [zip] => 
            [country] => BE
            [fisco_flash] => N/A
            [code] => N/A
            [payment_info_module] => manualpay
            [payment_info_txn_type] => subscription
            [payment_info_subscr_id] => 
            [payment_info_txn_id] => 
            [user_password] => eGmJqjxBeGQXejx/qAgbmm//
            [pack_id] => 23
            [transaction_id] => 15
            [status_str] => Last payment was successful
            [rss_token] => 
        )

    [18] => stdClass Object
        (
            [ID] => 25
            [user_login] => Coomans
            [user_email] => murielmichelc@hotmail.com
            [user_registered] => 03/04/2013
            [display_name] => Coomans
            [trial_on] => 0
            [trial_cost] => 0
            [trial_duration] => 0
            [trial_duration_type] => d
            [trial_num_cycles] => 0
            [duration] => 2
            [duration_type] => y
            [amount] => 250.00
            [currency] => EUR
            [join_date] => 09/04/2013
            [last_pay_date] => N/A
            [expire_date] => 27/11/2016
            [membership_type] => membre_effectif
            [status] => Active
            [payment_type] => 
            [subscribed] => 
            [autoresponder_notified] => 
            [username] => Coomans
            [email] => murielmichelc@hotmail.com
            [language] => Français
            [cotisations_2013] => N/A
            [civilit] => Monsieur
            [first_name] => Michel
            [last_name] => Coomans
            [company] => 
            [phone] => 0478594350
            [gender] => Male - Man - Homme
            [birthyear_geboortejaar] => N/A
            [nationality] => Yes - Ja - Oui
            [address] => 
            [city] => 
            [zip] => 
            [country] => BE
            [fisco_flash] => N/A
            [code] => N/A
            [user_password] => hSBZ0SVFKXaEKrBB
            [active_num_cycles] => 1
            [pack_id] => 30
            [status_str] => Subscription update successful
            [hide_old_content] => 0
            [rss_token] => 
        )

    [19] => stdClass Object
        (
            [ID] => 26
            [user_login] => Leduc
            [user_email] => jacques.leduc@skynet.be
            [user_registered] => 03/04/2013
            [display_name] => Leduc
            [trial_on] => 0
            [trial_cost] => 0
            [trial_duration] => 0
            [trial_duration_type] => d
            [trial_num_cycles] => 0
            [duration] => 2
            [duration_type] => y
            [amount] => 250.00
            [currency] => EUR
            [join_date] => 09/04/2013
            [last_pay_date] => N/A
            [expire_date] => 27/11/2016
            [membership_type] => membre_effectif
            [status] => Active
            [payment_type] => 
            [subscribed] => 
            [autoresponder_notified] => 
            [username] => Leduc
            [email] => jacques.leduc@skynet.be
            [language] => Français
            [cotisations_2013] => N/A
            [civilit] => Chevalier
            [first_name] => Jacques
            [last_name] => Leduc
            [company] => 
            [phone] => 0495575628
            [gender] => Male - Man - Homme
            [birthyear_geboortejaar] => N/A
            [nationality] => Yes - Ja - Oui
            [address] => 
            [city] => 
            [zip] => 
            [country] => BE
            [fisco_flash] => N/A
            [code] => N/A
            [user_password] => OUtycM5GcU5UJ677
            [active_num_cycles] => 1
            [pack_id] => 30
            [status_str] => Subscription update successful
            [hide_old_content] => 0
            [rss_token] => 
        )

    [20] => stdClass Object
        (
            [ID] => 27
            [user_login] => Gennart
            [user_email] => pegennart@belgacom.net
            [user_registered] => 03/04/2013
            [display_name] => Gennart
            [trial_on] => 1
            [trial_cost] => 0.00
            [trial_duration] => 1
            [trial_duration_type] => m
            [trial_num_cycles] => 0
            [duration] => 1
            [duration_type] => y
            [amount] => 20.00
            [currency] => EUR
            [join_date] => 03/04/2013
            [last_pay_date] => 03/04/2013
            [expire_date] => 13/02/2014
            [membership_type] => individual
            [status] => Active
            [payment_type] => one-time
            [subscribed] => 
            [autoresponder_notified] => 
            [username] => Gennart
            [email] => pegennart@belgacom.net
            [language] => Français
            [cotisations_2013] => N/A
            [civilit] => Professeur
            [first_name] => Paul
            [last_name] => Gennart
            [company] => 
            [phone] => 026755957
            [gender] => Male - Man - Homme
            [birthyear_geboortejaar] => N/A
            [nationality] => Yes - Ja - Oui
            [address] => 
            [city] => 
            [zip] => 
            [country] => BE
            [fisco_flash] => N/A
            [code] => N/A
            [payment_info_module] => manualpay
            [payment_info_txn_type] => subscription
            [payment_info_subscr_id] => 
            [payment_info_txn_id] => 
            [user_password] => 5CqD5CfntLpn4eqn
            [pack_id] => 26
            [transaction_id] => 16
            [status_str] => Last payment was successful
            [rss_token] => 
        )

    [21] => stdClass Object
        (
            [ID] => 28
            [user_login] => VanCauter
            [user_email] => willem.van.cauter@jpabelgium.be
            [user_registered] => 03/04/2013
            [display_name] => VanCauter
            [trial_on] => 0
            [trial_cost] => 0
            [trial_duration] => 0
            [trial_duration_type] => d
            [trial_num_cycles] => 0
            [duration] => 2
            [duration_type] => y
            [amount] => 250.00
            [currency] => EUR
            [join_date] => 09/04/2013
            [last_pay_date] => N/A
            [expire_date] => 27/11/2016
            [membership_type] => membre_effectif
            [status] => Active
            [payment_type] => 
            [subscribed] => 
            [autoresponder_notified] => 
            [username] => VanCauter
            [email] => willem.van.cauter@jpabelgium.be
            [language] => Nederlands
            [cotisations_2013] => N/A
            [civilit] => De Heer
            [first_name] => Willem
            [last_name] => Van Cauter
            [company] => 
            [phone] => 0475710944
            [gender] => Male - Man - Homme
            [birthyear_geboortejaar] => N/A
            [nationality] => Yes - Ja - Oui
            [address] => 
            [city] => 
            [zip] => 
            [country] => BE
            [fisco_flash] => N/A
            [code] => N/A
            [user_password] => QJq/lJf5lYq+QUPq
            [active_num_cycles] => 1
            [pack_id] => 30
            [status_str] => Subscription update successful
            [hide_old_content] => 0
            [rss_token] => 
        )

    [22] => stdClass Object
        (
            [ID] => 29
            [user_login] => doultrement
            [user_email] => rdo@gesticonseils.be
            [user_registered] => 03/04/2013
            [display_name] => doultrement
            [trial_on] => 0
            [trial_cost] => 0
            [trial_duration] => 0
            [trial_duration_type] => d
            [trial_num_cycles] => 0
            [duration] => 2
            [duration_type] => y
            [amount] => 250.00
            [currency] => EUR
            [join_date] => 09/04/2013
            [last_pay_date] => N/A
            [expire_date] => 27/11/2016
            [membership_type] => membre_effectif
            [status] => Active
            [payment_type] => 
            [subscribed] => 
            [autoresponder_notified] => 
            [username] => doultrement
            [email] => rdo@gesticonseils.be
            [language] => Français
            [cotisations_2013] => N/A
            [civilit] => Comte
            [first_name] => Rodolphe
            [last_name] => d'Oultremont
            [company] => 
            [phone] => 0475623300
            [gender] => Male - Man - Homme
            [birthyear_geboortejaar] => N/A
            [nationality] => Yes - Ja - Oui
            [address] => 
            [city] => 
            [zip] => 
            [country] => BE
            [fisco_flash] => N/A
            [code] => N/A
            [user_password] => gayvSaRagEbDgyyy
            [active_num_cycles] => 1
            [pack_id] => 30
            [status_str] => Subscription update successful
            [hide_old_content] => 0
            [rss_token] => 
        )

    [23] => stdClass Object
        (
            [ID] => 30
            [user_login] => Scokaert
            [user_email] => pierre@scokaert.eu
            [user_registered] => 03/04/2013
            [display_name] => Scokaert
            [trial_on] => 0
            [trial_cost] => 0
            [trial_duration] => 0
            [trial_duration_type] => d
            [trial_num_cycles] => 0
            [duration] => 2
            [duration_type] => y
            [amount] => 250.00
            [currency] => EUR
            [join_date] => 09/04/2013
            [last_pay_date] => N/A
            [expire_date] => 27/11/2016
            [membership_type] => membre_effectif
            [status] => Active
            [payment_type] => 
            [subscribed] => 
            [autoresponder_notified] => 
            [username] => Scokaert
            [email] => pierre@scokaert.eu
            [language] => Français
            [cotisations_2013] => N/A
            [civilit] => Monsieur
            [first_name] => Pierre
            [last_name] => Scokaert
            [company] => 
            [phone] => 0475655424
            [gender] => Male - Man - Homme
            [birthyear_geboortejaar] => N/A
            [nationality] => Yes - Ja - Oui
            [address] => 
            [city] => 
            [zip] => 
            [country] => BE
            [fisco_flash] => N/A
            [code] => N/A
            [user_password] => qFhLGFDFG4DLq9Ah
            [active_num_cycles] => 1
            [pack_id] => 30
            [status_str] => Subscription update successful
            [hide_old_content] => 0
            [rss_token] => 
        )

    [24] => stdClass Object
        (
            [ID] => 32
            [user_login] => Blaude
            [user_email] => jean-marie.blaude@euphonynet.be
            [user_registered] => 03/04/2013
            [display_name] => Blaude
            [trial_on] => 1
            [trial_cost] => 0.00
            [trial_duration] => 1
            [trial_duration_type] => m
            [trial_num_cycles] => 0
            [duration] => 1
            [duration_type] => y
            [amount] => 50.00
            [currency] => EUR
            [join_date] => 03/04/2013
            [last_pay_date] => 03/04/2013
            [expire_date] => 05/02/2014
            [membership_type] => individual_as_honorary_member_
            [status] => Active
            [payment_type] => one-time
            [subscribed] => 
            [autoresponder_notified] => 
            [username] => Blaude
            [email] => jean-marie.blaude@euphonynet.be
            [language] => Français
            [cotisations_2013] => N/A
            [civilit] => Monsieur ir
            [first_name] => Jean-Marie
            [last_name] => Blaude
            [company] => 
            [phone] => 0475691331
            [gender] => Male - Man - Homme
            [birthyear_geboortejaar] => N/A
            [nationality] => Yes - Ja - Oui
            [address] => 
            [city] => 
            [zip] => 
            [country] => BE
            [fisco_flash] => N/A
            [code] => N/A
            [payment_info_module] => manualpay
            [payment_info_txn_type] => subscription
            [payment_info_subscr_id] => 
            [payment_info_txn_id] => 
            [user_password] => paoH3aYa3MlP3dlo
            [pack_id] => 25
            [transaction_id] => 18
            [status_str] => Last payment was successful
            [rss_token] => 
        )

    [25] => stdClass Object
        (
            [ID] => 33
            [user_login] => Koninckx
            [user_email] => brigitte.koninckx@gmail.com
            [user_registered] => 03/04/2013
            [display_name] => Koninckx
            [trial_on] => 1
            [trial_cost] => 0.00
            [trial_duration] => 1
            [trial_duration_type] => m
            [trial_num_cycles] => 0
            [duration] => 1
            [duration_type] => y
            [amount] => 50.00
            [currency] => EUR
            [join_date] => 03/04/2013
            [last_pay_date] => 03/04/2013
            [expire_date] => 12/03/2014
            [membership_type] => individual_as_honorary_member_
            [status] => Active
            [payment_type] => one-time
            [subscribed] => 
            [autoresponder_notified] => 
            [username] => Koninckx
            [email] => brigitte.koninckx@gmail.com
            [language] => Français
            [cotisations_2013] => N/A
            [civilit] => Madame
            [first_name] => Brigitte
            [last_name] => Koninckx
            [company] => 
            [phone] => 0476980510
            [gender] => Male - Man - Homme
            [birthyear_geboortejaar] => N/A
            [nationality] => Yes - Ja - Oui
            [address] => 
            [city] => 
            [zip] => 
            [country] => BE
            [fisco_flash] => N/A
            [code] => N/A
            [payment_info_module] => manualpay
            [payment_info_txn_type] => subscription
            [payment_info_subscr_id] => 
            [payment_info_txn_id] => 
            [user_password] => dxCJ90YidQCt9CCC
            [pack_id] => 25
            [transaction_id] => 19
            [status_str] => Last payment was successful
            [rss_token] => 
        )

    [26] => stdClass Object
        (
            [ID] => 34
            [user_login] => Cuijpers
            [user_email] => christian.cuijpers@creg.be
            [user_registered] => 03/04/2013
            [display_name] => Cuijpers
            [trial_on] => 1
            [trial_cost] => 0.00
            [trial_duration] => 1
            [trial_duration_type] => m
            [trial_num_cycles] => 0
            [duration] => 1
            [duration_type] => y
            [amount] => 50.00
            [currency] => EUR
            [join_date] => 03/04/2013
            [last_pay_date] => 03/04/2013
            [expire_date] => 11/01/2014
            [membership_type] => individual_as_honorary_member_
            [status] => Active
            [payment_type] => one-time
            [subscribed] => 
            [autoresponder_notified] => 
            [username] => Cuijpers
            [email] => christian.cuijpers@creg.be
            [language] => Nederlands
            [cotisations_2013] => N/A
            [civilit] => De Heer
            [first_name] => Chris
            [last_name] => Cuijpers
            [company] => 
            [phone] => 0474759894
            [gender] => Male - Man - Homme
            [birthyear_geboortejaar] => N/A
            [nationality] => Yes - Ja - Oui
            [address] => 
            [city] => 
            [zip] => 
            [country] => BE
            [fisco_flash] => N/A
            [code] => N/A
            [payment_info_module] => manualpay
            [payment_info_txn_type] => subscription
            [payment_info_subscr_id] => 
            [payment_info_txn_id] => 
            [user_password] => XA4PvApoDOZ3v4p4
            [pack_id] => 25
            [transaction_id] => 20
            [status_str] => Last payment was successful
            [rss_token] => 
        )

    [27] => stdClass Object
        (
            [ID] => 35
            [user_login] => Vanlede
            [user_email] => alain.van.lede@skynet.be
            [user_registered] => 04/04/2013
            [display_name] => Vanlede
            [trial_on] => 0
            [trial_cost] => 0
            [trial_duration] => 0
            [trial_duration_type] => d
            [trial_num_cycles] => 0
            [duration] => 1
            [duration_type] => y
            [amount] => 0.00
            [currency] => USD
            [join_date] => N/A
            [last_pay_date] => N/A
            [expire_date] => 04/04/2014
            [membership_type] => trial
            [status] => Active
            [payment_type] => 
            [subscribed] => 
            [autoresponder_notified] => 
            [username] => Vanlede
            [email] => alain.van.lede@skynet.be
            [language] => Français
            [cotisations_2013] => N/A
            [civilit] => Mr
            [first_name] => Alain
            [last_name] => Vanlede
            [company] => 
            [phone] => 0032475250654
            [gender] => Male - Man - Homme
            [birthyear_geboortejaar] => N/A
            [nationality] => Yes - Ja - Oui
            [address] => Avenue des chataigniers, 7
            [city] => Limelette
            [zip] => 1342
            [country] => BE
            [fisco_flash] => N/A
            [code] => N/A
            [user_password] => fb+y42UpUnUp
            [pack_id] => 1
            [account_desc] => Trial Account
            [rss_token] => 
        )

    [28] => stdClass Object
        (
            [ID] => 36
            [user_login] => makikine
            [user_email] => makikine@hotmail.com
            [user_registered] => 05/04/2013
            [display_name] => makikine
            [trial_on] => 0
            [trial_cost] => 0
            [trial_duration] => 0
            [trial_duration_type] => d
            [trial_num_cycles] => 0
            [duration] => 1
            [duration_type] => y
            [amount] => 0.00
            [currency] => USD
            [join_date] => N/A
            [last_pay_date] => N/A
            [expire_date] => 05/04/2014
            [membership_type] => trial
            [status] => Active
            [payment_type] => 
            [subscribed] => 
            [autoresponder_notified] => 
            [username] => makikine
            [email] => makikine@hotmail.com
            [language] => Français
            [cotisations_2013] => N/A
            [civilit] => 
            [first_name] => Marie-Christine
            [last_name] => t'SERSTEVENS
            [company] => 
            [phone] => 0474 941749
            [gender] => Female - Vrouw - Femme
            [birthyear_geboortejaar] => N/A
            [nationality] => Yes - Ja - Oui
            [address] => Rue de Florival 1/E
            [city] => Archennes
            [zip] => 1390
            [country] => BE
            [fisco_flash] => N/A
            [code] => N/A
            [user_password] => 9SVD9r93XZkbPPDD
            [pack_id] => 1
            [account_desc] => Trial Account
            [rss_token] => 
        )

    [29] => stdClass Object
        (
            [ID] => 43
            [user_login] => JPP@pinon.be
            [user_email] => JPP@pinon.be
            [user_registered] => 09/04/2013
            [display_name] => JPP@pinon.be
            [trial_on] => 0
            [trial_cost] => 0
            [trial_duration] => 0
            [trial_duration_type] => d
            [trial_num_cycles] => 0
            [duration] => 0
            [duration_type] => m
            [amount] => 0
            [currency] => USD
            [join_date] => N/A
            [last_pay_date] => N/A
            [expire_date] => N/A
            [membership_type] => guest
            [status] => Inactive
            [payment_type] => 
            [subscribed] => 
            [autoresponder_notified] => 
            [username] => N/A
            [email] => JPP@pinon.be
            [language] => Nederlands
            [cotisations_2013] => N/A
            [civilit] => 
            [first_name] => 
            [last_name] => 
            [company] => 
            [phone] => 
            [gender] => Male - Man - Homme
            [birthyear_geboortejaar] => 
            [nationality] => Yes - Ja - Oui
            [address] => 
            [city] => 
            [zip] => 
            [country] => AF
            [fisco_flash] => N/A
            [code] => N/A
            [user_password] => oFSOLTpt+S3TBBBZ
            [rss_token] => 
        )

    [30] => stdClass Object
        (
            [ID] => 44
            [user_login] => admin
            [user_email] => chatliu@holding-paragon.com
            [user_registered] => 09/04/2013
            [display_name] => admin
            [trial_on] => 0
            [trial_cost] => 0
            [trial_duration] => 0
            [trial_duration_type] => d
            [trial_num_cycles] => 0
            [duration] => 0
            [duration_type] => m
            [amount] => 0
            [currency] => USD
            [join_date] => N/A
            [last_pay_date] => N/A
            [expire_date] => N/A
            [membership_type] => guest
            [status] => Inactive
            [payment_type] => 
            [subscribed] => 
            [autoresponder_notified] => 
            [username] => N/A
            [email] => N/A
            [language] => N/A
            [cotisations_2013] => N/A
            [civilit] => N/A
            [first_name] => N/A
            [last_name] => N/A
            [company] => N/A
            [phone] => N/A
            [gender] => N/A
            [birthyear_geboortejaar] => N/A
            [nationality] => N/A
            [address] => N/A
            [city] => N/A
            [zip] => N/A
            [country] => N/A
            [fisco_flash] => N/A
            [code] => N/A
            [rss_token] => 
        )

    [31] => stdClass Object
        (
            [ID] => 45
            [user_login] => Jourquin
            [user_email] => Christian@Jourquin.be
            [user_registered] => 10/04/2013
            [display_name] => Jourquin
            [trial_on] => 1
            [trial_cost] => 0.00
            [trial_duration] => 1
            [trial_duration_type] => m
            [trial_num_cycles] => 1
            [duration] => 1
            [duration_type] => y
            [amount] => 100.00
            [currency] => EUR
            [join_date] => 10/04/2013
            [last_pay_date] => 10/04/2013
            [expire_date] => 29/03/2014
            [membership_type] => manager_independent_worker_as_honorary_member_
            [status] => Active
            [payment_type] => one-time
            [subscribed] => 
            [autoresponder_notified] => 
            [username] => Jourquin
            [email] => Christian@Jourquin.be
            [language] => Français
            [cotisations_2013] => N/A
            [civilit] => Monsieur
            [first_name] => Christian
            [last_name] => Jourquin
            [company] => 
            [phone] => 
            [gender] => Male - Man - Homme
            [birthyear_geboortejaar] => 
            [nationality] => Yes - Ja - Oui
            [address] => 
            [city] => 
            [zip] => 
            [country] => BE
            [fisco_flash] => N/A
            [code] => N/A
            [payment_info_module] => manualpay
            [payment_info_txn_type] => subscription
            [payment_info_subscr_id] => 
            [payment_info_txn_id] => 
            [user_password] => +hnvO9n9
            [pack_id] => 23
            [transaction_id] => 36
            [status_str] => Last payment was successful
            [rss_token] => 
        )

    [32] => stdClass Object
        (
            [ID] => 47
            [user_login] => pinon-test
            [user_email] => jean-paul@pinon.be
            [user_registered] => 11/04/2013
            [display_name] => pinon-test
            [trial_on] => 1
            [trial_cost] => 0.00
            [trial_duration] => 1
            [trial_duration_type] => m
            [trial_num_cycles] => 1
            [duration] => 1
            [duration_type] => y
            [amount] => 20.00
            [currency] => EUR
            [join_date] => 11/04/2013
            [last_pay_date] => 11/04/2013
            [expire_date] => 16/06/2013
            [membership_type] => individual
            [status] => Active
            [payment_type] => one-time
            [subscribed] => 
            [autoresponder_notified] => 
            [username] => pinon-test
            [email] => jean-paul@pinon.be
            [language] => English

            [cotisations_2013] => N/A
            [civilit] => 
            [first_name] => 
            [last_name] => 
            [company] => 
            [phone] => 
            [gender] => Male - Man - Homme
            [birthyear_geboortejaar] => 
            [nationality] => Yes - Ja - Oui
            [address] => 
            [city] => 
            [zip] => 
            [country] => BE
            [fisco_flash] => N/A
            [code] => N/A
            [payment_info_module] => paypal
            [payment_info_txn_type] => web_accept
            [payment_info_txn_id] => 5NP30122FN617174S
            [user_password] => aPZPa2a2
            [active_num_cycles] => 0
            [pack_id] => 26
            [transaction_id] => 38
            [status_str] => Subscription update successful
            [hide_old_content] => 0
            [rss_token] => 
        )

    [33] => stdClass Object
        (
            [ID] => 49
            [user_login] => test
            [user_email] => chatliu74@hotmail.com
            [user_registered] => 11/04/2013
            [display_name] => test
            [trial_on] => 1
            [trial_cost] => 0.00
            [trial_duration] => 1
            [trial_duration_type] => m
            [trial_num_cycles] => 1
            [duration] => 1
            [duration_type] => y
            [amount] => 20.00
            [currency] => EUR
            [join_date] => 11/04/2013
            [last_pay_date] => 11/04/2013
            [expire_date] => 11/04/2013
            [membership_type] => individual
            [status] => Expired
            [payment_type] => one-time
            [subscribed] => 
            [autoresponder_notified] => 
            [username] => test
            [email] => chatliu74@hotmail.com
            [language] => English

            [cotisations_2013] => N/A
            [civilit] => 
            [first_name] => 
            [last_name] => 
            [company] => 
            [phone] => 
            [gender] => Male - Man - Homme
            [birthyear_geboortejaar] => 
            [nationality] => Yes - Ja - Oui
            [address] => 
            [city] => 
            [zip] => 
            [country] => BE
            [fisco_flash] => N/A
            [code] => N/A
            [payment_info_module] => manualpay
            [payment_info_txn_type] => subscription
            [payment_info_subscr_id] => 
            [payment_info_txn_id] => 
            [user_password] => r/4XIBTahQha
            [pack_id] => 26
            [transaction_id] => 41
            [status_str] => Membership expired on Apr 16th 2013 9:23 AM - onetime billing completed
            [rss_token] => 
        )

    [34] => stdClass Object
        (
            [ID] => 50
            [user_login] => lucchalon
            [user_email] => luc.chalon@telenet.be
            [user_registered] => 15/04/2013
            [display_name] => lucchalon
            [trial_on] => 0
            [trial_cost] => 0
            [trial_duration] => 0
            [trial_duration_type] => d
            [trial_num_cycles] => 0
            [duration] => 1
            [duration_type] => m
            [amount] => 0.00
            [currency] => USD
            [join_date] => N/A
            [last_pay_date] => N/A
            [expire_date] => 15/05/2013
            [membership_type] => trial
            [status] => Active
            [payment_type] => 
            [subscribed] => 
            [autoresponder_notified] => 
            [username] => lucchalon
            [email] => luc.chalon@telenet.be
            [language] => Nederlands
            [cotisations_2013] => N/A
            [civilit] => Dhr
            [first_name] => Luc
            [last_name] => Chalon
            [company] => 
            [phone] => 0474054466
            [gender] => Male - Man - Homme
            [birthyear_geboortejaar] => 1967
            [nationality] => Yes - Ja - Oui
            [address] => Tony Bergmannstraat 8a 
            [city] => Edegem
            [zip] => 2650
            [country] => BE
            [fisco_flash] => Y
            [code] => 
            [user_password] => ubKL22BsiL5TzP6G
            [pack_id] => 1
            [account_desc] => Trial Account
            [rss_token] => 
        )

    [35] => stdClass Object
        (
            [ID] => 51
            [user_login] => mikedelta
            [user_email] => mdeltour@hotmail.com
            [user_registered] => 15/04/2013
            [display_name] => mikedelta
            [trial_on] => 1
            [trial_cost] => 0.00
            [trial_duration] => 1
            [trial_duration_type] => m
            [trial_num_cycles] => 1
            [duration] => 1
            [duration_type] => y
            [amount] => 20.00
            [currency] => EUR
            [join_date] => 15/04/2013
            [last_pay_date] => 15/04/2013
            [expire_date] => 15/04/2014
            [membership_type] => individual
            [status] => Active
            [payment_type] => one-time
            [subscribed] => 
            [autoresponder_notified] => 
            [username] => mikedelta
            [email] => mdeltour@hotmail.com
            [language] => Français
            [cotisations_2013] => N/A
            [civilit] => Mr
            [first_name] => Michel
            [last_name] => DELTOUR
            [company] => 
            [phone] => 043650637
            [gender] => Male - Man - Homme
            [birthyear_geboortejaar] => 15/06/1945
            [nationality] => Yes - Ja - Oui
            [address] => Rue de Henne, 47
            [city] => EMBOURG
            [zip] => 4053
            [country] => BE
            [fisco_flash] => N/A
            [code] => 
            [payment_info_module] => paypal
            [payment_info_txn_type] => web_accept
            [payment_info_txn_id] => 0ME97123LK750605N
            [user_password] => tcRzo4CbLOaI
            [pack_id] => 26
            [transaction_id] => 44
            [status_str] => Last rebill cycle processed manually
            [hide_old_content] => 0
            [rss_token] => 961e350ea6003b7b0d25944efc6076e0
        )

    [36] => stdClass Object
        (
            [ID] => 52
            [user_login] => Aarnout
            [user_email] => aarnoutecker@gmail.com
            [user_registered] => 15/04/2013
            [display_name] => Aarnout
            [trial_on] => 0
            [trial_cost] => 0
            [trial_duration] => 0
            [trial_duration_type] => d
            [trial_num_cycles] => 0
            [duration] => 1
            [duration_type] => m
            [amount] => 0.00
            [currency] => USD
            [join_date] => N/A
            [last_pay_date] => N/A
            [expire_date] => 15/05/2013
            [membership_type] => trial
            [status] => Active
            [payment_type] => 
            [subscribed] => 
            [autoresponder_notified] => 
            [username] => Aarnout
            [email] => aarnoutecker@gmail.com
            [language] => Nederlands
            [cotisations_2013] => N/A
            [civilit] => Mr.
            [first_name] => Aarnout
            [last_name] => Ecker
            [company] => 
            [phone] => 
            [gender] => Male - Man - Homme
            [birthyear_geboortejaar] => 1989
            [nationality] => Yes - Ja - Oui
            [address] => 
            [city] => Brussel
            [zip] => 1000
            [country] => BE
            [fisco_flash] => N/A
            [code] => 
            [user_password] => 4Ch87yA4CVNTMCaSaaWW
            [pack_id] => 1
            [account_desc] => Trial Account
            [rss_token] => f5c265ee8b3da16cea747d637386b5e7
        )

    [37] => stdClass Object
        (
            [ID] => 53
            [user_login] => Baaldoe
            [user_email] => baaldoe@gmail.com
            [user_registered] => 15/04/2013
            [display_name] => Baaldoe
            [trial_on] => 0
            [trial_cost] => 0
            [trial_duration] => 0
            [trial_duration_type] => d
            [trial_num_cycles] => 0
            [duration] => 1
            [duration_type] => m
            [amount] => 0.00
            [currency] => USD
            [join_date] => N/A
            [last_pay_date] => N/A
            [expire_date] => 15/05/2013
            [membership_type] => trial
            [status] => Active
            [payment_type] => 
            [subscribed] => 
            [autoresponder_notified] => 
            [username] => Baaldoe
            [email] => baaldoe@gmail.com
            [language] => Français
            [cotisations_2013] => N/A
            [civilit] => 
            [first_name] => 
            [last_name] => 
            [company] => 
            [phone] => 
            [gender] => Male - Man - Homme
            [birthyear_geboortejaar] => 
            [nationality] => Yes - Ja - Oui
            [address] => 
            [city] => 
            [zip] => 
            [country] => BE
            [fisco_flash] => N/A
            [code] => 
            [user_password] => N75dqIwPrB2Btt11
            [pack_id] => 1
            [account_desc] => Trial Account
            [rss_token] => 870b2e5b473026777fa0614b9865d72c
        )

    [38] => stdClass Object
        (
            [ID] => 54
            [user_login] => Pibou
            [user_email] => pib0u@hotmail.com
            [user_registered] => 15/04/2013
            [display_name] => Pibou
            [trial_on] => 0
            [trial_cost] => 0
            [trial_duration] => 0
            [trial_duration_type] => d
            [trial_num_cycles] => 0
            [duration] => 1
            [duration_type] => m
            [amount] => 0.00
            [currency] => USD
            [join_date] => N/A
            [last_pay_date] => N/A
            [expire_date] => 15/05/2013
            [membership_type] => trial
            [status] => Active
            [payment_type] => 
            [subscribed] => 
            [autoresponder_notified] => 
            [username] => Pibou
            [email] => pib0u@hotmail.com
            [language] => Français
            [cotisations_2013] => N/A
            [civilit] => 
            [first_name] => 
            [last_name] => 
            [company] => 
            [phone] => 
            [gender] => Male - Man - Homme
            [birthyear_geboortejaar] => 
            [nationality] => Yes - Ja - Oui
            [address] => 
            [city] => 
            [zip] => 
            [country] => BE
            [fisco_flash] => N/A
            [code] => 
            [user_password] => oeePGt3BTA3y
            [pack_id] => 1
            [account_desc] => Trial Account
            [rss_token] => 
        )

    [39] => stdClass Object
        (
            [ID] => 55
            [user_login] => Zoltanray
            [user_email] => zoltanray54@gmail.com
            [user_registered] => 15/04/2013
            [display_name] => Zoltanray
            [trial_on] => 0
            [trial_cost] => 0
            [trial_duration] => 0
            [trial_duration_type] => d
            [trial_num_cycles] => 0
            [duration] => 1
            [duration_type] => m
            [amount] => 0.00
            [currency] => USD
            [join_date] => N/A
            [last_pay_date] => N/A
            [expire_date] => 15/05/2013
            [membership_type] => trial
            [status] => Active
            [payment_type] => 
            [subscribed] => 
            [autoresponder_notified] => 
            [username] => Zoltanray
            [email] => zoltanray54@gmail.com
            [language] => Français
            [cotisations_2013] => N/A
            [civilit] => 
            [first_name] => 
            [last_name] => 
            [company] => 
            [phone] => 
            [gender] => Male - Man - Homme
            [birthyear_geboortejaar] => 1954
            [nationality] => Yes - Ja - Oui
            [address] => 
            [city] => Braine l'Alleud
            [zip] => 1420
            [country] => BE
            [fisco_flash] => N/A
            [code] => 
            [user_password] => IIX1IZJBevqv
            [pack_id] => 1
            [account_desc] => Trial Account
            [rss_token] => 
        )

    [40] => stdClass Object
        (
            [ID] => 56
            [user_login] => jief0712
            [user_email] => jf_eeckhaudt@yahoo.fr
            [user_registered] => 15/04/2013
            [display_name] => jief0712
            [trial_on] => 0
            [trial_cost] => 0
            [trial_duration] => 0
            [trial_duration_type] => d
            [trial_num_cycles] => 0
            [duration] => 1
            [duration_type] => m
            [amount] => 0.00
            [currency] => USD
            [join_date] => N/A
            [last_pay_date] => N/A
            [expire_date] => 15/05/2013
            [membership_type] => trial
            [status] => Active
            [payment_type] => 
            [subscribed] => 
            [autoresponder_notified] => 
            [username] => jief0712
            [email] => jf_eeckhaudt@yahoo.fr
            [language] => Français
            [cotisations_2013] => N/A
            [civilit] => Monsieur
            [first_name] => Jean-François
            [last_name] => EECKHAUDT
            [company] => 
            [phone] => 
            [gender] => Male - Man - Homme
            [birthyear_geboortejaar] => 1966
            [nationality] => Yes - Ja - Oui
            [address] => Chemin des Mines, 9
            [city] => Saint-Marc
            [zip] => 5003
            [country] => BE
            [fisco_flash] => N/A
            [code] => 
            [user_password] => j5d+y0hmilJBaXXh
            [pack_id] => 1
            [account_desc] => Trial Account
            [rss_token] => 
        )

    [41] => stdClass Object
        (
            [ID] => 57
            [user_login] => Lyriange
            [user_email] => lyriange@hotmail.com
            [user_registered] => 15/04/2013
            [display_name] => Lyriange
            [trial_on] => 0
            [trial_cost] => 0
            [trial_duration] => 0
            [trial_duration_type] => d
            [trial_num_cycles] => 0
            [duration] => 1
            [duration_type] => m
            [amount] => 0.00
            [currency] => USD
            [join_date] => N/A
            [last_pay_date] => N/A
            [expire_date] => 15/05/2013
            [membership_type] => trial
            [status] => Active
            [payment_type] => 
            [subscribed] => 
            [autoresponder_notified] => 
            [username] => Lyriange
            [email] => lyriange@hotmail.com
            [language] => Français
            [cotisations_2013] => N/A
            [civilit] => Mme
            [first_name] => Dominique
            [last_name] => Legrain
            [company] => 
            [phone] => 32487391775
            [gender] => Female - Vrouw - Femme
            [birthyear_geboortejaar] => 1966
            [nationality] => Yes - Ja - Oui
            [address] => 
            [city] => Roux
            [zip] => 6044
            [country] => BE
            [fisco_flash] => Y
            [code] => 
            [user_password] => Lk3hD0D70qksYivZtAtU
            [pack_id] => 1
            [account_desc] => Trial Account
            [rss_token] => 
        )

    [42] => stdClass Object
        (
            [ID] => 58
            [user_login] => svermaut
            [user_email] => svermaut@vanmarcke.be
            [user_registered] => 15/04/2013
            [display_name] => svermaut
            [trial_on] => 0
            [trial_cost] => 0
            [trial_duration] => 0
            [trial_duration_type] => d
            [trial_num_cycles] => 0
            [duration] => 1
            [duration_type] => m
            [amount] => 0.00
            [currency] => USD
            [join_date] => N/A
            [last_pay_date] => N/A
            [expire_date] => 15/05/2013
            [membership_type] => trial
            [status] => Active
            [payment_type] => 
            [subscribed] => 
            [autoresponder_notified] => 
            [username] => svermaut
            [email] => svermaut@vanmarcke.be
            [language] => Nederlands
            [cotisations_2013] => N/A
            [civilit] => Mevr
            [first_name] => Sofie
            [last_name] => Vermaut
            [company] => 
            [phone] => 0476674719
            [gender] => Female - Vrouw - Femme
            [birthyear_geboortejaar] => 1982
            [nationality] => Yes - Ja - Oui
            [address] => Kerkstraat 3
            [city] => Izegem
            [zip] => 8870
            [country] => BE
            [fisco_flash] => N/A
            [code] => 
            [user_password] => KH/WY85WWFJgJJJB
            [pack_id] => 1
            [account_desc] => Trial Account
            [rss_token] => 
        )

    [43] => stdClass Object
        (
            [ID] => 59
            [user_login] => yame2be
            [user_email] => jvanhorick@gmail.com
            [user_registered] => 15/04/2013
            [display_name] => yame2be
            [trial_on] => 0
            [trial_cost] => 0
            [trial_duration] => 0
            [trial_duration_type] => d
            [trial_num_cycles] => 0
            [duration] => 1
            [duration_type] => m
            [amount] => 0.00
            [currency] => USD
            [join_date] => N/A
            [last_pay_date] => N/A
            [expire_date] => 15/05/2013
            [membership_type] => trial
            [status] => Active
            [payment_type] => 
            [subscribed] => 
            [autoresponder_notified] => 
            [username] => yame2be
            [email] => jvanhorick@gmail.com
            [language] => Français
            [cotisations_2013] => N/A
            [civilit] => Monsieur
            [first_name] => Jacques
            [last_name] => Vanhorick
            [company] => 
            [phone] => +3268658055
            [gender] => Male - Man - Homme
            [birthyear_geboortejaar] => 19 août 1948
            [nationality] => Yes - Ja - Oui
            [address] => Chemin du Vicinal 5

            [city] => Bouvignies
            [zip] => 7803
            [country] => BE
            [fisco_flash] => N/A
            [code] => 
            [user_password] => dwhOxIhOoooQ
            [pack_id] => 1
            [account_desc] => Trial Account
            [rss_token] => 
        )

    [44] => stdClass Object
        (
            [ID] => 60
            [user_login] => Herve
            [user_email] => rubenverbeke@yahoo.com
            [user_registered] => 15/04/2013
            [display_name] => Herve
            [trial_on] => 0
            [trial_cost] => 0
            [trial_duration] => 0
            [trial_duration_type] => d
            [trial_num_cycles] => 0
            [duration] => 1
            [duration_type] => m
            [amount] => 0.00
            [currency] => USD
            [join_date] => N/A
            [last_pay_date] => N/A
            [expire_date] => 15/05/2013
            [membership_type] => trial
            [status] => Active
            [payment_type] => 
            [subscribed] => 
            [autoresponder_notified] => 
            [username] => Herve
            [email] => rubenverbeke@yahoo.com
            [language] => Nederlands
            [cotisations_2013] => N/A
            [civilit] => 
            [first_name] => 
            [last_name] => 
            [company] => 
            [phone] => 
            [gender] => Male - Man - Homme
            [birthyear_geboortejaar] => 
            [nationality] => Yes - Ja - Oui
            [address] => 
            [city] => 
            [zip] => 
            [country] => BE
            [fisco_flash] => N/A
            [code] => 
            [user_password] => wBZ+o454
            [pack_id] => 1
            [account_desc] => Trial Account
            [rss_token] => aee33e513a3220fe8deaaa9c7b1b9433
        )

    [45] => stdClass Object
        (
            [ID] => 61
            [user_login] => bachibouzouc
            [user_email] => bachibouzouc@yopmail.com
            [user_registered] => 15/04/2013
            [display_name] => bachibouzouc
            [trial_on] => 0
            [trial_cost] => 0
            [trial_duration] => 0
            [trial_duration_type] => d
            [trial_num_cycles] => 0
            [duration] => 1
            [duration_type] => m
            [amount] => 0.00
            [currency] => USD
            [join_date] => N/A
            [last_pay_date] => N/A
            [expire_date] => 15/05/2013
            [membership_type] => trial
            [status] => Active
            [payment_type] => 
            [subscribed] => 
            [autoresponder_notified] => 
            [username] => bachibouzouc
            [email] => bachibouzouc@yopmail.com
            [language] => Français
            [cotisations_2013] => N/A
            [civilit] => 
            [first_name] => 
            [last_name] => 
            [company] => 
            [phone] => 
            [gender] => Male - Man - Homme
            [birthyear_geboortejaar] => 
            [nationality] => Yes - Ja - Oui
            [address] => 
            [city] => 
            [zip] => 
            [country] => BE
            [fisco_flash] => Y
            [code] => 
            [user_password] => paiaw8wkOiOb
            [pack_id] => 1
            [account_desc] => Trial Account
            [rss_token] => 
        )

    [46] => stdClass Object
        (
            [ID] => 62
            [user_login] => rroland
            [user_email] => studiolair@euphonynet.be
            [user_registered] => 15/04/2013
            [display_name] => rroland
            [trial_on] => 0
            [trial_cost] => 0
            [trial_duration] => 0
            [trial_duration_type] => d
            [trial_num_cycles] => 0
            [duration] => 1
            [duration_type] => m
            [amount] => 0.00
            [currency] => USD
            [join_date] => N/A
            [last_pay_date] => N/A
            [expire_date] => 15/05/2013
            [membership_type] => trial
            [status] => Active
            [payment_type] => 
            [subscribed] => 
            [autoresponder_notified] => 
            [username] => rroland
            [email] => studiolair@euphonynet.be
            [language] => Français
            [cotisations_2013] => N/A
            [civilit] => 
            [first_name] => 
            [last_name] => 
            [company] => 
            [phone] => 
            [gender] => Male - Man - Homme
            [birthyear_geboortejaar] => 
            [nationality] => Yes - Ja - Oui
            [address] => 
            [city] => 
            [zip] => 
            [country] => BE
            [fisco_flash] => N/A
            [code] => 
            [user_password] => RcCy2bdMsFVX
            [pack_id] => 1
            [account_desc] => Trial Account
            [rss_token] => 
        )

    [47] => stdClass Object
        (
            [ID] => 63
            [user_login] => priyabrata
            [user_email] => priyabrata.sarkar@gmail.com
            [user_registered] => 16/04/2013
            [display_name] => priyabrata
            [trial_on] => 1
            [trial_cost] => 0.00
            [trial_duration] => 1
            [trial_duration_type] => m
            [trial_num_cycles] => 1
            [duration] => 1
            [duration_type] => y
            [amount] => 20.00
            [currency] => EUR
            [join_date] => 16/04/2013
            [last_pay_date] => 16/04/2013
            [expire_date] => 16/05/2013
            [membership_type] => individual
            [status] => Pending
            [payment_type] => subscription
            [subscribed] => 
            [autoresponder_notified] => 
            [username] => priyabrata
            [email] => priyabrata.sarkar@gmail.com
            [language] => English

            [cotisations_2013] => N/A
            [civilit] => Mr
            [first_name] => Priyabrata
            [last_name] => Sarkar
            [company] => SLS
            [phone] => 22112211
            [gender] => Male - Man - Homme
            [birthyear_geboortejaar] => AAA
            [nationality] => Yes - Ja - Oui
            [address] => 213 aa bb
            [city] => Howrah
            [zip] => 12345
            [country] => IN
            [fisco_flash] => N/A
            [code] => 
            [payment_info_module] => manualpay
            [payment_info_txn_type] => subscription
            [payment_info_subscr_id] => 
            [payment_info_txn_id] => 
            [user_password] => 92bNXoSFTgTF
            [active_num_cycles] => 0
            [pack_id] => 26
            [transaction_id] => 56
            [status_str] => Last payment is pending
            [rss_token] => 
        )

)
</pre>
