
1. [11-12-2014 08:49:00]: 
----------------------------------------------------------------------------------------------------
export_users : <pre>Array
(
    [0] => stdClass Object
        (
            [ID] => 10
            [user_login] => adelinremy
            [user_email] => adelinremy@hotmail.com
            [user_registered] => 22/03/2013
            [display_name] => Adelin Remy
            [trial_on] => 1
            [trial_cost] => 0.00
            [trial_duration] => 1
            [trial_duration_type] => m
            [trial_num_cycles] => 0
            [duration] => 1
            [duration_type] => y
            [amount] => 20.00
            [currency] => EUR
            [join_date] => 22/03/2013
            [last_pay_date] => 22/03/2013
            [expire_date] => 31/12/2014
            [membership_type] => membre_effectif
            [status] => Active
            [payment_type] => 
            [subscribed] => 
            [autoresponder_notified] => 
            [stay_in_touch_with_our_newsletter] => N/A
            [username] => adelinremy
            [email] => N/A
            [language] => N/A
            [civilit] => N/A
            [first_name] => N/A
            [last_name] => N/A
            [company] => N/A
            [zip] => N/A
            [user_password] => pCIv0L8Kpee5IIWW
            [active_num_cycles] => 1
            [pack_id] => 26
            [status_str] => Last rebill cycle processed manually
            [hide_old_content] => 0
            [rss_token] => 157ea3bccbaf8c8ca090961b1722bb00
        )

    [1] => stdClass Object
        (
            [ID] => 12
            [user_login] => Alloo
            [user_email] => Michel.Alloo@skynet.be
            [user_registered] => 03/04/2013
            [display_name] => Alloo
            [trial_on] => 0
            [trial_cost] => 0
            [trial_duration] => 0
            [trial_duration_type] => d
            [trial_num_cycles] => 0
            [duration] => 2
            [duration_type] => y
            [amount] => 250.00
            [currency] => EUR
            [join_date] => 09/04/2013
            [last_pay_date] => N/A
            [expire_date] => 31/12/2014
            [membership_type] => membre_effectif
            [status] => Active
            [payment_type] => 
            [subscribed] => 
            [autoresponder_notified] => 
            [stay_in_touch_with_our_newsletter] => N/A
            [username] => Alloo
            [email] => Michel.Alloo@skynet.be
            [language] => Français
            [civilit] => Monsieur
            [first_name] => Michel
            [last_name] => Alloo
            [company] => 
            [zip] => 
            [user_password] => b2N972o9b2197NON
            [active_num_cycles] => 1
            [pack_id] => 30
            [last_payment_check_type] => cron
            [last_payment_check_date] => 2013-04-03
            [status_str] => Subscription update successful
            [hide_old_content] => 0
            [rss_token] => 
        )

    [2] => stdClass Object
        (
            [ID] => 14
            [user_login] => Seys
            [user_email] => etienne.seys@belgacom.net
            [user_registered] => 03/04/2013
            [display_name] => Seys
            [trial_on] => 0
            [trial_cost] => 0
            [trial_duration] => 0
            [trial_duration_type] => d
            [trial_num_cycles] => 0
            [duration] => 2
            [duration_type] => y
            [amount] => 250.00
            [currency] => EUR
            [join_date] => 09/04/2013
            [last_pay_date] => N/A
            [expire_date] => 27/11/2016
            [membership_type] => membre_effectif
            [status] => Active
            [payment_type] => 
            [subscribed] => 
            [autoresponder_notified] => 
            [stay_in_touch_with_our_newsletter] => N/A
            [username] => Seys
            [email] => etienne.seys@belgacom.net
            [language] => Français
            [civilit] => Monsieur
            [first_name] => Etienne
            [last_name] => Seys
            [company] => 
            [zip] => 
            [user_password] => 5l87k2EBklS15WYS
            [active_num_cycles] => 1
            [pack_id] => 30
            [last_payment_check_type] => cron
            [last_payment_check_date] => 2013-04-03
            [status_str] => Subscription update successful
            [hide_old_content] => 0
            [rss_token] => 275aabfe1f174219851ece3aa9dd0f13
        )

    [3] => stdClass Object
        (
            [ID] => 15
            [user_login] => Lemaire
            [user_email] => y.lemaire@alima.fr
            [user_registered] => 03/04/2013
            [display_name] => Lemaire
            [trial_on] => 0
            [trial_cost] => 0
            [trial_duration] => 0
            [trial_duration_type] => d
            [trial_num_cycles] => 0
            [duration] => 2
            [duration_type] => y
            [amount] => 250.00
            [currency] => EUR
            [join_date] => 09/04/2013
            [last_pay_date] => N/A
            [expire_date] => 31/12/2014
            [membership_type] => membre_effectif
            [status] => Active
            [payment_type] => 
            [subscribed] => 
            [autoresponder_notified] => 
            [stay_in_touch_with_our_newsletter] => N/A
            [username] => Lemaire
            [email] => y.lemaire@alima.fr
            [language] => Français
            [civilit] => Monsieur
            [first_name] => Yves
            [last_name] => Lemaire
            [company] => 
            [zip] => 
            [user_password] => xF3J+FS6+NG6+3R3
            [active_num_cycles] => 1
            [pack_id] => 30
            [last_payment_check_type] => cron
            [last_payment_check_date] => 2013-04-03
            [status_str] => Subscription update successful
            [hide_old_content] => 0
            [rss_token] => 
        )

    [4] => stdClass Object
        (
            [ID] => 17
            [user_login] => Havaux
            [user_email] => rene.havaux@skynet.be
            [user_registered] => 03/04/2013
            [display_name] => Havaux
            [trial_on] => 0
            [trial_cost] => 0
            [trial_duration] => 0
            [trial_duration_type] => d
            [trial_num_cycles] => 0
            [duration] => 2
            [duration_type] => y
            [amount] => 250.00
            [currency] => EUR
            [join_date] => 09/04/2013
            [last_pay_date] => N/A
            [expire_date] => 31/12/2014
            [membership_type] => membre_effectif
            [status] => Active
            [payment_type] => 
            [subscribed] => 
            [autoresponder_notified] => 
            [stay_in_touch_with_our_newsletter] => N/A
            [username] => Havaux
            [email] => rene.havaux@skynet.be
            [language] => Français
            [civilit] => Monsieur
            [first_name] => René
            [last_name] => Havaux
            [company] => 
            [zip] => 
            [user_password] => 5Fp1gDpBgD5EnppR
            [active_num_cycles] => 1
            [pack_id] => 30
            [last_payment_check_type] => cron
            [last_payment_check_date] => 2013-04-03
            [status_str] => Subscription update successful
            [hide_old_content] => 0
            [rss_token] => 
        )

    [5] => stdClass Object
        (
            [ID] => 18
            [user_login] => Hambye
            [user_email] => fhambye@skynet.be
            [user_registered] => 03/04/2013
            [display_name] => Hambye
            [trial_on] => 0
            [trial_cost] => 0
            [trial_duration] => 0
            [trial_duration_type] => d
            [trial_num_cycles] => 0
            [duration] => 2
            [duration_type] => y
            [amount] => 250.00
            [currency] => EUR
            [join_date] => 09/04/2013
            [last_pay_date] => N/A
            [expire_date] => 31/12/2014
            [membership_type] => membre_effectif
            [status] => Active
            [payment_type] => 
            [subscribed] => 
            [autoresponder_notified] => 
            [stay_in_touch_with_our_newsletter] => N/A
            [username] => Hambye
            [email] => fhambye@skynet.be
            [language] => Français
            [civilit] => Monsieur
            [first_name] => Francis
            [last_name] => Hambye
            [company] => 
            [zip] => 
            [user_password] => JxRM/xZxHyTEJFNR
            [active_num_cycles] => 1
            [pack_id] => 30
            [last_payment_check_type] => cron
            [last_payment_check_date] => 2013-04-03
            [status_str] => Subscription update successful
            [hide_old_content] => 0
            [rss_token] => 
        )

    [6] => stdClass Object
        (
            [ID] => 19
            [user_login] => Willocx
            [user_email] => ow@beci.be
            [user_registered] => 03/04/2013
            [display_name] => Willocx
            [trial_on] => 0
            [trial_cost] => 0
            [trial_duration] => 0
            [trial_duration_type] => d
            [trial_num_cycles] => 0
            [duration] => 2
            [duration_type] => y
            [amount] => 250.00
            [currency] => EUR
            [join_date] => 09/04/2013
            [last_pay_date] => N/A
            [expire_date] => 31/12/2014
            [membership_type] => membre_effectif
            [status] => Active
            [payment_type] => 
            [subscribed] => 
            [autoresponder_notified] => 
            [stay_in_touch_with_our_newsletter] => N/A
            [username] => Willocx
            [email] => ow@beci.be
            [language] => Français
            [civilit] => Monsieur
            [first_name] => Olivier
            [last_name] => Willocx
            [company] => 
            [zip] => 
            [user_password] => OtG+OtP83tGBGsGq
            [active_num_cycles] => 1
            [pack_id] => 30
            [last_payment_check_type] => cron
            [last_payment_check_date] => 2013-04-03
            [status_str] => Subscription update successful
            [hide_old_content] => 0
            [rss_token] => 
        )

    [7] => stdClass Object
        (
            [ID] => 20
            [user_login] => Wilberz
            [user_email] => eric@wilberz.be
            [user_registered] => 03/04/2013
            [display_name] => Wilberz
            [trial_on] => 0
            [trial_cost] => 0
            [trial_duration] => 0
            [trial_duration_type] => d
            [trial_num_cycles] => 0
            [duration] => 2
            [duration_type] => y
            [amount] => 250.00
            [currency] => EUR
            [join_date] => 09/04/2013
            [last_pay_date] => N/A
            [expire_date] => 31/12/2014
            [membership_type] => membre_effectif
            [status] => Active
            [payment_type] => 
            [subscribed] => 
            [autoresponder_notified] => 
            [stay_in_touch_with_our_newsletter] => N/A
            [username] => Wilberz
            [email] => eric.wilberz@yucom.be
            [language] => Français
            [civilit] => Monsieur
            [first_name] => Eric
            [last_name] => Wilberz
            [company] => 
            [zip] => 1490
            [user_password] => 8WoAfZ4j8y4w8aYz
            [active_num_cycles] => 1
            [pack_id] => 30
            [last_payment_check_type] => cron
            [last_payment_check_date] => 2013-04-03
            [status_str] => Subscription update successful
            [rss_token] => 15047b1b085e8bf5428069b0d1cdfd24
            [hide_old_content] => 0
        )

    [8] => stdClass Object
        (
            [ID] => 21
            [user_login] => Derudder
            [user_email] => vjd@nea.lu
            [user_registered] => 03/04/2013
            [display_name] => Derudder
            [trial_on] => 0
            [trial_cost] => 0
            [trial_duration] => 0
            [trial_duration_type] => d
            [trial_num_cycles] => 0
            [duration] => 2
            [duration_type] => y
            [amount] => 250.00
            [currency] => EUR
            [join_date] => 09/04/2013
            [last_pay_date] => N/A
            [expire_date] => 31/12/2014
            [membership_type] => membre_effectif
            [status] => Active
            [payment_type] => 
            [subscribed] => 
            [autoresponder_notified] => 
            [stay_in_touch_with_our_newsletter] => N/A
            [username] => Derudder
            [email] => vjd@nea.lu
            [language] => Français
            [civilit] => Monsieur
            [first_name] => Vincent
            [last_name] => Derudder
            [company] => 
            [zip] => 
            [user_password] => O+W8EtMVO+mbOtv+etWqWWoo
            [active_num_cycles] => 1
            [pack_id] => 30
            [last_payment_check_type] => cron
            [last_payment_check_date] => 2013-04-03
            [status_str] => Subscription update successful
            [hide_old_content] => 0
            [rss_token] => 
        )

    [9] => stdClass Object
        (
            [ID] => 22
            [user_login] => Mossiat
            [user_email] => pierre.mossiat@strictly-confidential.net
            [user_registered] => 03/04/2013
            [display_name] => Mossiat
            [trial_on] => 0
            [trial_cost] => 0
            [trial_duration] => 0
            [trial_duration_type] => d
            [trial_num_cycles] => 0
            [duration] => 2
            [duration_type] => y
            [amount] => 250.00
            [currency] => EUR
            [join_date] => 09/04/2013
            [last_pay_date] => N/A
            [expire_date] => 31/12/2014
            [membership_type] => membre_effectif
            [status] => Active
            [payment_type] => 
            [subscribed] => 
            [autoresponder_notified] => 
            [stay_in_touch_with_our_newsletter] => N/A
            [username] => Mossiat
            [email] => pierre.mossiat@strictly-confidential.net
            [language] => Français
            [civilit] => Monsieur
            [first_name] => Pierre
            [last_name] => Mossiat
            [company] => 
            [zip] => 
            [user_password] => CwGfj8QbUxGvGGG9
            [active_num_cycles] => 1
            [pack_id] => 30
            [last_payment_check_type] => cron
            [last_payment_check_date] => 2013-04-03
            [status_str] => Subscription update successful
            [hide_old_content] => 0
            [rss_token] => 
        )

    [10] => stdClass Object
        (
            [ID] => 23
            [user_login] => deleCourt
            [user_email] => jcd@deltaluxConsult.com
            [user_registered] => 03/04/2013
            [display_name] => deleCourt
            [trial_on] => 0
            [trial_cost] => 0
            [trial_duration] => 0
            [trial_duration_type] => d
            [trial_num_cycles] => 0
            [duration] => 2
            [duration_type] => y
            [amount] => 250.00
            [currency] => EUR
            [join_date] => 09/04/2013
            [last_pay_date] => N/A
            [expire_date] => 31/12/2014
            [membership_type] => membre_effectif
            [status] => Active
            [payment_type] => 
            [subscribed] => 
            [autoresponder_notified] => 
            [stay_in_touch_with_our_newsletter] => N/A
            [username] => deleCourt
            [email] => jcd@deltaluxConsult.com
            [language] => Français
            [civilit] => Monsieur
            [first_name] => Jean-Charles
            [last_name] => de le Court
            [company] => 
            [zip] => 
            [user_password] => OrmML3VjLrOMLiqm
            [active_num_cycles] => 1
            [pack_id] => 30
            [last_payment_check_type] => cron
            [last_payment_check_date] => 2013-04-03
            [status_str] => Subscription update successful
            [hide_old_content] => 0
            [rss_token] => 
        )

    [11] => stdClass Object
        (
            [ID] => 25
            [user_login] => Coomans
            [user_email] => murielmichelc@hotmail.com
            [user_registered] => 03/04/2013
            [display_name] => Coomans
            [trial_on] => 0
            [trial_cost] => 0
            [trial_duration] => 0
            [trial_duration_type] => d
            [trial_num_cycles] => 0
            [duration] => 2
            [duration_type] => y
            [amount] => 250.00
            [currency] => EUR
            [join_date] => 09/04/2013
            [last_pay_date] => N/A
            [expire_date] => 31/12/2014
            [membership_type] => membre_effectif
            [status] => Active
            [payment_type] => 
            [subscribed] => 
            [autoresponder_notified] => 
            [stay_in_touch_with_our_newsletter] => N/A
            [username] => Coomans
            [email] => murielmichelc@hotmail.com
            [language] => Français
            [civilit] => Monsieur
            [first_name] => Michel
            [last_name] => Coomans
            [company] => 
            [zip] => 
            [user_password] => hSBZ0SVFKXaEKrBB
            [active_num_cycles] => 1
            [pack_id] => 30
            [status_str] => Subscription update successful
            [hide_old_content] => 0
            [rss_token] => 
        )

    [12] => stdClass Object
        (
            [ID] => 26
            [user_login] => Leduc
            [user_email] => jacques.leduc@skynet.be
            [user_registered] => 03/04/2013
            [display_name] => Leduc
            [trial_on] => 0
            [trial_cost] => 0
            [trial_duration] => 0
            [trial_duration_type] => d
            [trial_num_cycles] => 0
            [duration] => 2
            [duration_type] => y
            [amount] => 250.00
            [currency] => EUR
            [join_date] => 09/04/2013
            [last_pay_date] => N/A
            [expire_date] => 31/12/2014
            [membership_type] => membre_effectif
            [status] => Active
            [payment_type] => 
            [subscribed] => 
            [autoresponder_notified] => 
            [stay_in_touch_with_our_newsletter] => N/A
            [username] => Leduc
            [email] => jacques.leduc@skynet.be
            [language] => Français
            [civilit] => Chevalier
            [first_name] => Jacques
            [last_name] => Leduc
            [company] => 
            [zip] => 
            [user_password] => OUtycM5GcU5UJ677
            [active_num_cycles] => 1
            [pack_id] => 30
            [status_str] => Subscription update successful
            [hide_old_content] => 0
            [rss_token] => 
        )

    [13] => stdClass Object
        (
            [ID] => 28
            [user_login] => VanCauter
            [user_email] => willem.van.cauter@jpabelgium.be
            [user_registered] => 03/04/2013
            [display_name] => VanCauter
            [trial_on] => 0
            [trial_cost] => 0
            [trial_duration] => 0
            [trial_duration_type] => d
            [trial_num_cycles] => 0
            [duration] => 2
            [duration_type] => y
            [amount] => 250.00
            [currency] => EUR
            [join_date] => 09/04/2013
            [last_pay_date] => N/A
            [expire_date] => 31/12/2014
            [membership_type] => membre_effectif
            [status] => Active
            [payment_type] => 
            [subscribed] => 
            [autoresponder_notified] => 
            [stay_in_touch_with_our_newsletter] => N/A
            [username] => VanCauter
            [email] => willem.van.cauter@jpabelgium.be
            [language] => Nederlands
            [civilit] => De Heer
            [first_name] => Willem
            [last_name] => Van Cauter
            [company] => 
            [zip] => 
            [user_password] => QJq/lJf5lYq+QUPq
            [active_num_cycles] => 1
            [pack_id] => 30
            [status_str] => Subscription update successful
            [hide_old_content] => 0
            [rss_token] => 
        )

    [14] => stdClass Object
        (
            [ID] => 29
            [user_login] => doultrement
            [user_email] => rdo@gesticonseils.be
            [user_registered] => 03/04/2013
            [display_name] => doultrement
            [trial_on] => 0
            [trial_cost] => 0
            [trial_duration] => 0
            [trial_duration_type] => d
            [trial_num_cycles] => 0
            [duration] => 2
            [duration_type] => y
            [amount] => 250.00
            [currency] => EUR
            [join_date] => 09/04/2013
            [last_pay_date] => N/A
            [expire_date] => 31/12/2014
            [membership_type] => membre_effectif
            [status] => Active
            [payment_type] => 
            [subscribed] => 
            [autoresponder_notified] => 
            [stay_in_touch_with_our_newsletter] => N/A
            [username] => doultrement
            [email] => rdo@gesticonseils.be
            [language] => Français
            [civilit] => Comte
            [first_name] => Rodolphe
            [last_name] => d'Oultremont
            [company] => 
            [zip] => 
            [user_password] => gayvSaRagEbDgyyy
            [active_num_cycles] => 1
            [pack_id] => 30
            [status_str] => Subscription update successful
            [hide_old_content] => 0
            [rss_token] => 
        )

    [15] => stdClass Object
        (
            [ID] => 30
            [user_login] => Scokaert
            [user_email] => pierre@scokaert.eu
            [user_registered] => 03/04/2013
            [display_name] => Scokaert
            [trial_on] => 0
            [trial_cost] => 0
            [trial_duration] => 0
            [trial_duration_type] => d
            [trial_num_cycles] => 0
            [duration] => 2
            [duration_type] => y
            [amount] => 250.00
            [currency] => EUR
            [join_date] => 09/04/2013
            [last_pay_date] => N/A
            [expire_date] => 31/12/2014
            [membership_type] => membre_effectif
            [status] => Active
            [payment_type] => 
            [subscribed] => 
            [autoresponder_notified] => 
            [stay_in_touch_with_our_newsletter] => N/A
            [username] => N/A
            [email] => pierre@scokaert.eu
            [language] => Français
            [civilit] => Monsieur
            [first_name] => Pierre
            [last_name] => Scokaert
            [company] => 
            [zip] => 
            [user_password] => UMBvKMHAvBjTiixx
            [active_num_cycles] => 1
            [pack_id] => 30
            [status_str] => Subscription update successful
            [hide_old_content] => 0
            [rss_token] => 16627eb89167d0e9affdf2bc6eec7935
        )

    [16] => stdClass Object
        (
            [ID] => 99
            [user_login] => Wilmet
            [user_email] => f.a.wilmet@skynet.be
            [user_registered] => 04/05/2013
            [display_name] => Wilmet
            [trial_on] => 0
            [trial_cost] => 0
            [trial_duration] => 0
            [trial_duration_type] => d
            [trial_num_cycles] => 0
            [duration] => 2
            [duration_type] => y
            [amount] => 250.00
            [currency] => EUR
            [join_date] => 04/05/2013
            [last_pay_date] => 04/05/2013
            [expire_date] => 31/12/2014
            [membership_type] => membre_effectif
            [status] => Active
            [payment_type] => subscription
            [subscribed] => 
            [autoresponder_notified] => 
            [stay_in_touch_with_our_newsletter] => N/A
            [username] => Wilmet
            [email] => f.a.wilmet@skynet.be
            [language] => Français
            [civilit] => 
            [first_name] => 
            [last_name] => 
            [company] => 
            [zip] => 
            [payment_info_module] => manualpay
            [payment_info_txn_type] => subscription
            [payment_info_subscr_id] => 
            [payment_info_txn_id] => 
            [user_password] => HY3i+Y/i+YI8HIE3
            [active_num_cycles] => 1
            [pack_id] => 30
            [transaction_id] => 98
            [status_str] => Subscription update successful
            [hide_old_content] => 0
            [rss_token] => 
        )

    [17] => stdClass Object
        (
            [ID] => 100
            [user_login] => Ghymers
            [user_email] => christian.ghymers@chileanchamber.be
            [user_registered] => 04/05/2013
            [display_name] => Ghymers
            [trial_on] => 0
            [trial_cost] => 0
            [trial_duration] => 0
            [trial_duration_type] => d
            [trial_num_cycles] => 0
            [duration] => 2
            [duration_type] => y
            [amount] => 250.00
            [currency] => EUR
            [join_date] => 04/05/2013
            [last_pay_date] => 04/05/2013
            [expire_date] => 31/12/2014
            [membership_type] => membre_effectif
            [status] => Active
            [payment_type] => subscription
            [subscribed] => 
            [autoresponder_notified] => 
            [stay_in_touch_with_our_newsletter] => N/A
            [username] => Ghymers
            [email] => christian.ghymers@chileanchamber.be
            [language] => Français
            [civilit] => 
            [first_name] => 
            [last_name] => 
            [company] => 
            [zip] => 
            [payment_info_module] => manualpay
            [payment_info_txn_type] => subscription
            [payment_info_subscr_id] => 
            [payment_info_txn_id] => 
            [user_password] => QWtoEWUAQvuWtttS
            [active_num_cycles] => 1
            [pack_id] => 30
            [transaction_id] => 99
            [status_str] => Subscription update successful
            [hide_old_content] => 0
            [rss_token] => 
        )

    [18] => stdClass Object
        (
            [ID] => 134
            [user_login] => Lasserre
            [user_email] => lasserre.cli@gmail.com
            [user_registered] => 13/07/2013
            [display_name] => Lasserre
            [trial_on] => 0
            [trial_cost] => 0
            [trial_duration] => 0
            [trial_duration_type] => d
            [trial_num_cycles] => 0
            [duration] => 1
            [duration_type] => y
            [amount] => 100.00
            [currency] => EUR
            [join_date] => 13/07/2013
            [last_pay_date] => 13/07/2013
            [expire_date] => 31/12/2014
            [membership_type] => membre_effectif
            [status] => Expired
            [payment_type] => subscription
            [subscribed] => 
            [autoresponder_notified] => 
            [stay_in_touch_with_our_newsletter] => N/A
            [username] => Lasserre
            [email] => lasserre.cli@gmail.com
            [language] => Français
            [civilit] => Professeur
            [first_name] => Christian
            [last_name] => Lasserre
            [company] => 
            [zip] => 
            [payment_info_module] => manualpay
            [payment_info_txn_type] => subscription
            [payment_info_subscr_id] => 
            [payment_info_txn_id] => 
            [user_password] => RkNtKkWJKyIJKNRN
            [active_num_cycles] => 0
            [pack_id] => 23
            [transaction_id] => 182
            [status_str] => Membership expired on Oct 25th 2014 7:00 AM - onetime billing completed
            [rss_token] => 
        )

)
</pre>
