
1. [2015-09-06 10:39:12 UTC]: 
----------------------------------------------------------------------------------------------------
Schedule mgm_daily_reminder_mailer executed at 2015-09-06 12:39:12

2. [2015-09-06 10:39:13 UTC]: 
----------------------------------------------------------------------------------------------------
Schedule mgm_twicedaily_rebill_status_check executed at 2015-09-06 12:39:13

3. [2015-09-06 10:39:13 UTC]: 
----------------------------------------------------------------------------------------------------
Schedule mgm_every2ndhourly_limited_membership_extend executed at 2015-09-06 12:39:13

4. [2015-09-06 10:39:13 UTC]: 
----------------------------------------------------------------------------------------------------
Schedule mgm_hourly_epoch_dataplus_transactions executed at 2015-09-06 12:39:13

5. [2015-09-06 10:39:13 UTC]: 
----------------------------------------------------------------------------------------------------
Schedule mgm_hourly_update_widget_data executed at 2015-09-06 12:39:13

6. [2015-09-06 10:39:13 UTC]: 
----------------------------------------------------------------------------------------------------
Schedule mgm_hourly_ongoing_membership_extend executed at 2015-09-06 12:39:13

7. [2015-09-06 10:39:14 UTC]: 
----------------------------------------------------------------------------------------------------
Schedule mgm_hourly_update_transaction_data executed at 2015-09-06 12:39:14
