
1. [2015-08-13 10:39:20 UTC]: 
----------------------------------------------------------------------------------------------------
Schedule mgm_daily_reminder_mailer executed at 2015-08-13 12:39:20

2. [2015-08-13 10:39:21 UTC]: 
----------------------------------------------------------------------------------------------------
Schedule mgm_twicedaily_rebill_status_check executed at 2015-08-13 12:39:21

3. [2015-08-13 10:39:21 UTC]: 
----------------------------------------------------------------------------------------------------
Schedule mgm_every2ndhourly_limited_membership_extend executed at 2015-08-13 12:39:21

4. [2015-08-13 10:39:21 UTC]: 
----------------------------------------------------------------------------------------------------
Schedule mgm_hourly_epoch_dataplus_transactions executed at 2015-08-13 12:39:21

5. [2015-08-13 10:39:21 UTC]: 
----------------------------------------------------------------------------------------------------
Schedule mgm_hourly_update_widget_data executed at 2015-08-13 12:39:21

6. [2015-08-13 10:39:21 UTC]: 
----------------------------------------------------------------------------------------------------
Schedule mgm_hourly_ongoing_membership_extend executed at 2015-08-13 12:39:21

7. [2015-08-13 10:39:21 UTC]: 
----------------------------------------------------------------------------------------------------
Schedule mgm_hourly_update_transaction_data executed at 2015-08-13 12:39:21
