
1. [2016-05-17 14:35:22 UTC]: 
----------------------------------------------------------------------------------------------------
Schedule mgm_daily_reminder_mailer executed at 2016-05-17 16:35:22

2. [2016-05-17 14:35:22 UTC]: 
----------------------------------------------------------------------------------------------------
Schedule mgm_twicedaily_rebill_status_check executed at 2016-05-17 16:35:22

3. [2016-05-17 14:35:23 UTC]: 
----------------------------------------------------------------------------------------------------
Schedule mgm_every2ndhourly_limited_membership_extend executed at 2016-05-17 16:35:23

4. [2016-05-17 14:35:23 UTC]: 
----------------------------------------------------------------------------------------------------
Schedule mgm_hourly_epoch_dataplus_transactions executed at 2016-05-17 16:35:23

5. [2016-05-17 14:35:23 UTC]: 
----------------------------------------------------------------------------------------------------
Schedule mgm_hourly_update_widget_data executed at 2016-05-17 16:35:23

6. [2016-05-17 14:35:23 UTC]: 
----------------------------------------------------------------------------------------------------
Schedule mgm_hourly_ongoing_membership_extend executed at 2016-05-17 16:35:23

7. [2016-05-17 14:35:24 UTC]: 
----------------------------------------------------------------------------------------------------
Schedule mgm_hourly_update_transaction_data executed at 2016-05-17 16:35:24
