
1. [2016-02-15 14:59:02 UTC]: 
----------------------------------------------------------------------------------------------------
Schedule mgm_daily_reminder_mailer executed at 2016-02-15 15:59:02

2. [2016-02-15 14:59:02 UTC]: 
----------------------------------------------------------------------------------------------------
Schedule mgm_twicedaily_rebill_status_check executed at 2016-02-15 15:59:02

3. [2016-02-15 14:59:02 UTC]: 
----------------------------------------------------------------------------------------------------
Schedule mgm_every2ndhourly_limited_membership_extend executed at 2016-02-15 15:59:02

4. [2016-02-15 14:59:02 UTC]: 
----------------------------------------------------------------------------------------------------
Schedule mgm_hourly_epoch_dataplus_transactions executed at 2016-02-15 15:59:02

5. [2016-02-15 14:59:02 UTC]: 
----------------------------------------------------------------------------------------------------
Schedule mgm_hourly_update_widget_data executed at 2016-02-15 15:59:02

6. [2016-02-15 14:59:02 UTC]: 
----------------------------------------------------------------------------------------------------
Schedule mgm_hourly_ongoing_membership_extend executed at 2016-02-15 15:59:02

7. [2016-02-15 14:59:03 UTC]: 
----------------------------------------------------------------------------------------------------
Schedule mgm_hourly_update_transaction_data executed at 2016-02-15 15:59:03
