
1. [2016-06-01 14:35:06 UTC]: 
----------------------------------------------------------------------------------------------------
Schedule mgm_daily_reminder_mailer executed at 2016-06-01 16:35:06

2. [2016-06-01 14:35:06 UTC]: 
----------------------------------------------------------------------------------------------------
Schedule mgm_twicedaily_rebill_status_check executed at 2016-06-01 16:35:06

3. [2016-06-01 14:35:06 UTC]: 
----------------------------------------------------------------------------------------------------
Schedule mgm_every2ndhourly_limited_membership_extend executed at 2016-06-01 16:35:06

4. [2016-06-01 14:35:06 UTC]: 
----------------------------------------------------------------------------------------------------
Schedule mgm_hourly_epoch_dataplus_transactions executed at 2016-06-01 16:35:06

5. [2016-06-01 14:35:06 UTC]: 
----------------------------------------------------------------------------------------------------
Schedule mgm_hourly_update_widget_data executed at 2016-06-01 16:35:06

6. [2016-06-01 14:35:06 UTC]: 
----------------------------------------------------------------------------------------------------
Schedule mgm_hourly_ongoing_membership_extend executed at 2016-06-01 16:35:06

7. [2016-06-01 14:35:07 UTC]: 
----------------------------------------------------------------------------------------------------
Schedule mgm_hourly_update_transaction_data executed at 2016-06-01 16:35:07
