
1. [2016-07-25 14:35:39 UTC]: 
----------------------------------------------------------------------------------------------------
Schedule mgm_daily_reminder_mailer executed at 2016-07-25 16:35:39

2. [2016-07-25 14:35:39 UTC]: 
----------------------------------------------------------------------------------------------------
Schedule mgm_twicedaily_rebill_status_check executed at 2016-07-25 16:35:39

3. [2016-07-25 14:35:39 UTC]: 
----------------------------------------------------------------------------------------------------
Schedule mgm_every2ndhourly_limited_membership_extend executed at 2016-07-25 16:35:39

4. [2016-07-25 14:35:39 UTC]: 
----------------------------------------------------------------------------------------------------
Schedule mgm_hourly_epoch_dataplus_transactions executed at 2016-07-25 16:35:39

5. [2016-07-25 14:35:39 UTC]: 
----------------------------------------------------------------------------------------------------
Schedule mgm_hourly_update_widget_data executed at 2016-07-25 16:35:39

6. [2016-07-25 14:35:40 UTC]: 
----------------------------------------------------------------------------------------------------
Schedule mgm_hourly_ongoing_membership_extend executed at 2016-07-25 16:35:40

7. [2016-07-25 14:35:40 UTC]: 
----------------------------------------------------------------------------------------------------
Schedule mgm_hourly_update_transaction_data executed at 2016-07-25 16:35:40
