
1. [2016-03-16 12:31:55 UTC]: 
----------------------------------------------------------------------------------------------------
Schedule mgm_daily_reminder_mailer executed at 2016-03-16 13:31:55

2. [2016-03-16 12:31:55 UTC]: 
----------------------------------------------------------------------------------------------------
Schedule mgm_twicedaily_rebill_status_check executed at 2016-03-16 13:31:55

3. [2016-03-16 12:31:55 UTC]: 
----------------------------------------------------------------------------------------------------
Schedule mgm_every2ndhourly_limited_membership_extend executed at 2016-03-16 13:31:55

4. [2016-03-16 12:31:55 UTC]: 
----------------------------------------------------------------------------------------------------
Schedule mgm_hourly_epoch_dataplus_transactions executed at 2016-03-16 13:31:55

5. [2016-03-16 12:31:55 UTC]: 
----------------------------------------------------------------------------------------------------
Schedule mgm_hourly_update_widget_data executed at 2016-03-16 13:31:55

6. [2016-03-16 12:31:55 UTC]: 
----------------------------------------------------------------------------------------------------
Schedule mgm_hourly_ongoing_membership_extend executed at 2016-03-16 13:31:55

7. [2016-03-16 12:31:56 UTC]: 
----------------------------------------------------------------------------------------------------
Schedule mgm_hourly_update_transaction_data executed at 2016-03-16 13:31:56
