
1. [2015-07-29 10:33:38 UTC]: 
----------------------------------------------------------------------------------------------------
Schedule mgm_daily_reminder_mailer executed at 2015-07-29 12:33:38

2. [2015-07-29 10:33:38 UTC]: 
----------------------------------------------------------------------------------------------------
Schedule mgm_twicedaily_rebill_status_check executed at 2015-07-29 12:33:38

3. [2015-07-29 10:33:39 UTC]: 
----------------------------------------------------------------------------------------------------
Schedule mgm_every2ndhourly_limited_membership_extend executed at 2015-07-29 12:33:39

4. [2015-07-29 10:33:39 UTC]: 
----------------------------------------------------------------------------------------------------
Schedule mgm_hourly_epoch_dataplus_transactions executed at 2015-07-29 12:33:39

5. [2015-07-29 10:33:39 UTC]: 
----------------------------------------------------------------------------------------------------
Schedule mgm_hourly_update_widget_data executed at 2015-07-29 12:33:39

6. [2015-07-29 10:33:39 UTC]: 
----------------------------------------------------------------------------------------------------
Schedule mgm_hourly_ongoing_membership_extend executed at 2015-07-29 12:33:39

7. [2015-07-29 10:33:39 UTC]: 
----------------------------------------------------------------------------------------------------
Schedule mgm_hourly_update_transaction_data executed at 2015-07-29 12:33:39
