
1. [2016-11-30 15:08:25 UTC]: 
----------------------------------------------------------------------------------------------------
Schedule mgm_every2ndhourly_limited_membership_extend executed at 2016-11-30 16:08:25

2. [2016-11-30 15:08:25 UTC]: 
----------------------------------------------------------------------------------------------------
Schedule mgm_hourly_epoch_dataplus_transactions executed at 2016-11-30 16:08:25

3. [2016-11-30 15:08:25 UTC]: 
----------------------------------------------------------------------------------------------------
Schedule mgm_hourly_update_widget_data executed at 2016-11-30 16:08:25

4. [2016-11-30 15:08:26 UTC]: 
----------------------------------------------------------------------------------------------------
Schedule mgm_hourly_ongoing_membership_extend executed at 2016-11-30 16:08:26

5. [2016-11-30 15:08:26 UTC]: 
----------------------------------------------------------------------------------------------------
Schedule mgm_hourly_update_transaction_data executed at 2016-11-30 16:08:26

6. [2016-11-30 15:08:27 UTC]: 
----------------------------------------------------------------------------------------------------
Schedule mgm_daily_reminder_mailer executed at 2016-11-30 16:08:27

7. [2016-11-30 15:08:27 UTC]: 
----------------------------------------------------------------------------------------------------
Schedule mgm_twicedaily_rebill_status_check executed at 2016-11-30 16:08:27
