
1. [2016-08-11 14:36:44 UTC]: 
----------------------------------------------------------------------------------------------------
Schedule mgm_daily_reminder_mailer executed at 2016-08-11 16:36:44

2. [2016-08-11 14:36:44 UTC]: 
----------------------------------------------------------------------------------------------------
Schedule mgm_twicedaily_rebill_status_check executed at 2016-08-11 16:36:44

3. [2016-08-11 14:36:45 UTC]: 
----------------------------------------------------------------------------------------------------
Schedule mgm_every2ndhourly_limited_membership_extend executed at 2016-08-11 16:36:45

4. [2016-08-11 14:36:45 UTC]: 
----------------------------------------------------------------------------------------------------
Schedule mgm_hourly_epoch_dataplus_transactions executed at 2016-08-11 16:36:45

5. [2016-08-11 14:36:45 UTC]: 
----------------------------------------------------------------------------------------------------
Schedule mgm_hourly_update_widget_data executed at 2016-08-11 16:36:45

6. [2016-08-11 14:36:45 UTC]: 
----------------------------------------------------------------------------------------------------
Schedule mgm_hourly_ongoing_membership_extend executed at 2016-08-11 16:36:45

7. [2016-08-11 14:36:45 UTC]: 
----------------------------------------------------------------------------------------------------
Schedule mgm_hourly_update_transaction_data executed at 2016-08-11 16:36:45
