
1. [2015-11-13 10:34:23 UTC]: 
----------------------------------------------------------------------------------------------------
Schedule mgm_daily_reminder_mailer executed at 2015-11-13 11:34:23

2. [2015-11-13 10:34:24 UTC]: 
----------------------------------------------------------------------------------------------------
Schedule mgm_twicedaily_rebill_status_check executed at 2015-11-13 11:34:24

3. [2015-11-13 10:34:24 UTC]: 
----------------------------------------------------------------------------------------------------
Schedule mgm_every2ndhourly_limited_membership_extend executed at 2015-11-13 11:34:24

4. [2015-11-13 10:34:24 UTC]: 
----------------------------------------------------------------------------------------------------
Schedule mgm_hourly_epoch_dataplus_transactions executed at 2015-11-13 11:34:24

5. [2015-11-13 10:34:24 UTC]: 
----------------------------------------------------------------------------------------------------
Schedule mgm_hourly_update_widget_data executed at 2015-11-13 11:34:24

6. [2015-11-13 10:34:24 UTC]: 
----------------------------------------------------------------------------------------------------
Schedule mgm_hourly_ongoing_membership_extend executed at 2015-11-13 11:34:24

7. [2015-11-13 10:34:25 UTC]: 
----------------------------------------------------------------------------------------------------
Schedule mgm_hourly_update_transaction_data executed at 2015-11-13 11:34:25
