
1. [2015-10-22 10:34:25 UTC]: 
----------------------------------------------------------------------------------------------------
Schedule mgm_daily_reminder_mailer executed at 2015-10-22 12:34:25

2. [2015-10-22 10:34:25 UTC]: 
----------------------------------------------------------------------------------------------------
Schedule mgm_twicedaily_rebill_status_check executed at 2015-10-22 12:34:25

3. [2015-10-22 10:34:25 UTC]: 
----------------------------------------------------------------------------------------------------
Schedule mgm_every2ndhourly_limited_membership_extend executed at 2015-10-22 12:34:25

4. [2015-10-22 10:34:25 UTC]: 
----------------------------------------------------------------------------------------------------
Schedule mgm_hourly_epoch_dataplus_transactions executed at 2015-10-22 12:34:25

5. [2015-10-22 10:34:25 UTC]: 
----------------------------------------------------------------------------------------------------
Schedule mgm_hourly_update_widget_data executed at 2015-10-22 12:34:25

6. [2015-10-22 10:34:25 UTC]: 
----------------------------------------------------------------------------------------------------
Schedule mgm_hourly_ongoing_membership_extend executed at 2015-10-22 12:34:25

7. [2015-10-22 10:34:26 UTC]: 
----------------------------------------------------------------------------------------------------
Schedule mgm_hourly_update_transaction_data executed at 2015-10-22 12:34:26
