
1. [2015-08-07 10:34:10 UTC]: 
----------------------------------------------------------------------------------------------------
Schedule mgm_daily_reminder_mailer executed at 2015-08-07 12:34:10

2. [2015-08-07 10:34:10 UTC]: 
----------------------------------------------------------------------------------------------------
Schedule mgm_twicedaily_rebill_status_check executed at 2015-08-07 12:34:10

3. [2015-08-07 10:34:10 UTC]: 
----------------------------------------------------------------------------------------------------
Schedule mgm_every2ndhourly_limited_membership_extend executed at 2015-08-07 12:34:10

4. [2015-08-07 10:34:11 UTC]: 
----------------------------------------------------------------------------------------------------
Schedule mgm_hourly_epoch_dataplus_transactions executed at 2015-08-07 12:34:11

5. [2015-08-07 10:34:11 UTC]: 
----------------------------------------------------------------------------------------------------
Schedule mgm_hourly_update_widget_data executed at 2015-08-07 12:34:11

6. [2015-08-07 10:34:11 UTC]: 
----------------------------------------------------------------------------------------------------
Schedule mgm_hourly_ongoing_membership_extend executed at 2015-08-07 12:34:11

7. [2015-08-07 10:34:11 UTC]: 
----------------------------------------------------------------------------------------------------
Schedule mgm_hourly_update_transaction_data executed at 2015-08-07 12:34:11
