
1. [2016-02-03 14:56:10 UTC]: 
----------------------------------------------------------------------------------------------------
Schedule mgm_daily_reminder_mailer executed at 2016-02-03 15:56:10

2. [2016-02-03 14:56:10 UTC]: 
----------------------------------------------------------------------------------------------------
Schedule mgm_twicedaily_rebill_status_check executed at 2016-02-03 15:56:10

3. [2016-02-03 14:56:10 UTC]: 
----------------------------------------------------------------------------------------------------
Schedule mgm_every2ndhourly_limited_membership_extend executed at 2016-02-03 15:56:10

4. [2016-02-03 14:56:10 UTC]: 
----------------------------------------------------------------------------------------------------
Schedule mgm_hourly_epoch_dataplus_transactions executed at 2016-02-03 15:56:10

5. [2016-02-03 14:56:10 UTC]: 
----------------------------------------------------------------------------------------------------
Schedule mgm_hourly_update_widget_data executed at 2016-02-03 15:56:10

6. [2016-02-03 14:56:10 UTC]: 
----------------------------------------------------------------------------------------------------
Schedule mgm_hourly_ongoing_membership_extend executed at 2016-02-03 15:56:10

7. [2016-02-03 14:56:11 UTC]: 
----------------------------------------------------------------------------------------------------
Schedule mgm_hourly_update_transaction_data executed at 2016-02-03 15:56:11
