
1. [2016-07-29 14:35:05 UTC]: 
----------------------------------------------------------------------------------------------------
Schedule mgm_daily_reminder_mailer executed at 2016-07-29 16:35:05

2. [2016-07-29 14:35:05 UTC]: 
----------------------------------------------------------------------------------------------------
Schedule mgm_twicedaily_rebill_status_check executed at 2016-07-29 16:35:05

3. [2016-07-29 14:35:05 UTC]: 
----------------------------------------------------------------------------------------------------
Schedule mgm_every2ndhourly_limited_membership_extend executed at 2016-07-29 16:35:05

4. [2016-07-29 14:35:05 UTC]: 
----------------------------------------------------------------------------------------------------
Schedule mgm_hourly_epoch_dataplus_transactions executed at 2016-07-29 16:35:05

5. [2016-07-29 14:35:05 UTC]: 
----------------------------------------------------------------------------------------------------
Schedule mgm_hourly_update_widget_data executed at 2016-07-29 16:35:05

6. [2016-07-29 14:35:05 UTC]: 
----------------------------------------------------------------------------------------------------
Schedule mgm_hourly_ongoing_membership_extend executed at 2016-07-29 16:35:05

7. [2016-07-29 14:35:06 UTC]: 
----------------------------------------------------------------------------------------------------
Schedule mgm_hourly_update_transaction_data executed at 2016-07-29 16:35:06
