
1. [2016-07-10 14:34:53 UTC]: 
----------------------------------------------------------------------------------------------------
Schedule mgm_daily_reminder_mailer executed at 2016-07-10 16:34:53

2. [2016-07-10 14:34:53 UTC]: 
----------------------------------------------------------------------------------------------------
Schedule mgm_twicedaily_rebill_status_check executed at 2016-07-10 16:34:53

3. [2016-07-10 14:34:53 UTC]: 
----------------------------------------------------------------------------------------------------
Schedule mgm_every2ndhourly_limited_membership_extend executed at 2016-07-10 16:34:53

4. [2016-07-10 14:34:53 UTC]: 
----------------------------------------------------------------------------------------------------
Schedule mgm_hourly_epoch_dataplus_transactions executed at 2016-07-10 16:34:53

5. [2016-07-10 14:34:53 UTC]: 
----------------------------------------------------------------------------------------------------
Schedule mgm_hourly_update_widget_data executed at 2016-07-10 16:34:53

6. [2016-07-10 14:34:54 UTC]: 
----------------------------------------------------------------------------------------------------
Schedule mgm_hourly_ongoing_membership_extend executed at 2016-07-10 16:34:54

7. [2016-07-10 14:34:54 UTC]: 
----------------------------------------------------------------------------------------------------
Schedule mgm_hourly_update_transaction_data executed at 2016-07-10 16:34:54
