
1. [2016-04-20 14:39:18 UTC]: 
----------------------------------------------------------------------------------------------------
Schedule mgm_daily_reminder_mailer executed at 2016-04-20 16:39:18

2. [2016-04-20 14:39:18 UTC]: 
----------------------------------------------------------------------------------------------------
Schedule mgm_twicedaily_rebill_status_check executed at 2016-04-20 16:39:18

3. [2016-04-20 14:39:19 UTC]: 
----------------------------------------------------------------------------------------------------
Schedule mgm_every2ndhourly_limited_membership_extend executed at 2016-04-20 16:39:19

4. [2016-04-20 14:39:19 UTC]: 
----------------------------------------------------------------------------------------------------
Schedule mgm_hourly_epoch_dataplus_transactions executed at 2016-04-20 16:39:19

5. [2016-04-20 14:39:19 UTC]: 
----------------------------------------------------------------------------------------------------
Schedule mgm_hourly_update_widget_data executed at 2016-04-20 16:39:19

6. [2016-04-20 14:39:19 UTC]: 
----------------------------------------------------------------------------------------------------
Schedule mgm_hourly_ongoing_membership_extend executed at 2016-04-20 16:39:19

7. [2016-04-20 14:39:19 UTC]: 
----------------------------------------------------------------------------------------------------
Schedule mgm_hourly_update_transaction_data executed at 2016-04-20 16:39:19
