
1. [2016-03-01 15:03:49 UTC]: 
----------------------------------------------------------------------------------------------------
Schedule mgm_daily_reminder_mailer executed at 2016-03-01 16:03:49

2. [2016-03-01 15:03:50 UTC]: 
----------------------------------------------------------------------------------------------------
Schedule mgm_twicedaily_rebill_status_check executed at 2016-03-01 16:03:50

3. [2016-03-01 15:03:50 UTC]: 
----------------------------------------------------------------------------------------------------
Schedule mgm_every2ndhourly_limited_membership_extend executed at 2016-03-01 16:03:50

4. [2016-03-01 15:03:50 UTC]: 
----------------------------------------------------------------------------------------------------
Schedule mgm_hourly_epoch_dataplus_transactions executed at 2016-03-01 16:03:50

5. [2016-03-01 15:03:50 UTC]: 
----------------------------------------------------------------------------------------------------
Schedule mgm_hourly_update_widget_data executed at 2016-03-01 16:03:50

6. [2016-03-01 15:03:50 UTC]: 
----------------------------------------------------------------------------------------------------
Schedule mgm_hourly_ongoing_membership_extend executed at 2016-03-01 16:03:50

7. [2016-03-01 15:03:51 UTC]: 
----------------------------------------------------------------------------------------------------
Schedule mgm_hourly_update_transaction_data executed at 2016-03-01 16:03:51
