
1. [2016-12-06 05:42:00 UTC]: 
----------------------------------------------------------------------------------------------------
Schedule mgm_daily_reminder_mailer executed at 2016-12-06 06:42:00

2. [2016-12-06 05:42:00 UTC]: 
----------------------------------------------------------------------------------------------------
Schedule mgm_twicedaily_rebill_status_check executed at 2016-12-06 06:42:00

3. [2016-12-06 05:42:00 UTC]: 
----------------------------------------------------------------------------------------------------
Schedule mgm_hourly_epoch_dataplus_transactions executed at 2016-12-06 06:42:00

4. [2016-12-06 05:42:00 UTC]: 
----------------------------------------------------------------------------------------------------
Schedule mgm_hourly_update_widget_data executed at 2016-12-06 06:42:00

5. [2016-12-06 05:42:00 UTC]: 
----------------------------------------------------------------------------------------------------
Schedule mgm_hourly_ongoing_membership_extend executed at 2016-12-06 06:42:00

6. [2016-12-06 05:42:00 UTC]: 
----------------------------------------------------------------------------------------------------
Schedule mgm_hourly_update_transaction_data executed at 2016-12-06 06:42:00

7. [2016-12-06 05:42:01 UTC]: 
----------------------------------------------------------------------------------------------------
Schedule mgm_every2ndhourly_limited_membership_extend executed at 2016-12-06 06:42:01
