
1. [2016-12-03 17:03:20 UTC]: 
----------------------------------------------------------------------------------------------------
Schedule mgm_hourly_epoch_dataplus_transactions executed at 2016-12-03 18:03:20

2. [2016-12-03 17:03:20 UTC]: 
----------------------------------------------------------------------------------------------------
Schedule mgm_hourly_update_widget_data executed at 2016-12-03 18:03:20

3. [2016-12-03 17:03:20 UTC]: 
----------------------------------------------------------------------------------------------------
Schedule mgm_hourly_ongoing_membership_extend executed at 2016-12-03 18:03:20

4. [2016-12-03 17:03:20 UTC]: 
----------------------------------------------------------------------------------------------------
Schedule mgm_hourly_update_transaction_data executed at 2016-12-03 18:03:20

5. [2016-12-03 17:03:21 UTC]: 
----------------------------------------------------------------------------------------------------
Schedule mgm_every2ndhourly_limited_membership_extend executed at 2016-12-03 18:03:21

6. [2016-12-03 17:03:22 UTC]: 
----------------------------------------------------------------------------------------------------
Schedule mgm_daily_reminder_mailer executed at 2016-12-03 18:03:22

7. [2016-12-03 17:03:22 UTC]: 
----------------------------------------------------------------------------------------------------
Schedule mgm_twicedaily_rebill_status_check executed at 2016-12-03 18:03:22
