
1. [2016-05-25 14:38:34 UTC]: 
----------------------------------------------------------------------------------------------------
Schedule mgm_daily_reminder_mailer executed at 2016-05-25 16:38:34

2. [2016-05-25 14:38:34 UTC]: 
----------------------------------------------------------------------------------------------------
Schedule mgm_twicedaily_rebill_status_check executed at 2016-05-25 16:38:34

3. [2016-05-25 14:38:34 UTC]: 
----------------------------------------------------------------------------------------------------
Schedule mgm_every2ndhourly_limited_membership_extend executed at 2016-05-25 16:38:34

4. [2016-05-25 14:38:35 UTC]: 
----------------------------------------------------------------------------------------------------
Schedule mgm_hourly_epoch_dataplus_transactions executed at 2016-05-25 16:38:35

5. [2016-05-25 14:38:35 UTC]: 
----------------------------------------------------------------------------------------------------
Schedule mgm_hourly_update_widget_data executed at 2016-05-25 16:38:35

6. [2016-05-25 14:38:35 UTC]: 
----------------------------------------------------------------------------------------------------
Schedule mgm_hourly_ongoing_membership_extend executed at 2016-05-25 16:38:35

7. [2016-05-25 14:38:35 UTC]: 
----------------------------------------------------------------------------------------------------
Schedule mgm_hourly_update_transaction_data executed at 2016-05-25 16:38:35
