
1. [2016-01-10 14:56:08 UTC]: 
----------------------------------------------------------------------------------------------------
Schedule mgm_daily_reminder_mailer executed at 2016-01-10 15:56:08

2. [2016-01-10 14:56:08 UTC]: 
----------------------------------------------------------------------------------------------------
Schedule mgm_twicedaily_rebill_status_check executed at 2016-01-10 15:56:08

3. [2016-01-10 14:56:09 UTC]: 
----------------------------------------------------------------------------------------------------
Schedule mgm_every2ndhourly_limited_membership_extend executed at 2016-01-10 15:56:09

4. [2016-01-10 14:56:09 UTC]: 
----------------------------------------------------------------------------------------------------
Schedule mgm_hourly_epoch_dataplus_transactions executed at 2016-01-10 15:56:09

5. [2016-01-10 14:56:09 UTC]: 
----------------------------------------------------------------------------------------------------
Schedule mgm_hourly_update_widget_data executed at 2016-01-10 15:56:09

6. [2016-01-10 14:56:09 UTC]: 
----------------------------------------------------------------------------------------------------
Schedule mgm_hourly_ongoing_membership_extend executed at 2016-01-10 15:56:09

7. [2016-01-10 14:56:09 UTC]: 
----------------------------------------------------------------------------------------------------
Schedule mgm_hourly_update_transaction_data executed at 2016-01-10 15:56:09
