
1. [2015-09-09 10:35:02 UTC]: 
----------------------------------------------------------------------------------------------------
Schedule mgm_daily_reminder_mailer executed at 2015-09-09 12:35:02

2. [2015-09-09 10:35:03 UTC]: 
----------------------------------------------------------------------------------------------------
Schedule mgm_twicedaily_rebill_status_check executed at 2015-09-09 12:35:03

3. [2015-09-09 10:35:03 UTC]: 
----------------------------------------------------------------------------------------------------
Schedule mgm_every2ndhourly_limited_membership_extend executed at 2015-09-09 12:35:03

4. [2015-09-09 10:35:03 UTC]: 
----------------------------------------------------------------------------------------------------
Schedule mgm_hourly_epoch_dataplus_transactions executed at 2015-09-09 12:35:03

5. [2015-09-09 10:35:03 UTC]: 
----------------------------------------------------------------------------------------------------
Schedule mgm_hourly_update_widget_data executed at 2015-09-09 12:35:03

6. [2015-09-09 10:35:03 UTC]: 
----------------------------------------------------------------------------------------------------
Schedule mgm_hourly_ongoing_membership_extend executed at 2015-09-09 12:35:03

7. [2015-09-09 10:35:04 UTC]: 
----------------------------------------------------------------------------------------------------
Schedule mgm_hourly_update_transaction_data executed at 2015-09-09 12:35:04
