
1. [2016-08-29 14:35:13 UTC]: 
----------------------------------------------------------------------------------------------------
Schedule mgm_daily_reminder_mailer executed at 2016-08-29 16:35:13

2. [2016-08-29 14:35:13 UTC]: 
----------------------------------------------------------------------------------------------------
Schedule mgm_twicedaily_rebill_status_check executed at 2016-08-29 16:35:13

3. [2016-08-29 14:35:14 UTC]: 
----------------------------------------------------------------------------------------------------
Schedule mgm_every2ndhourly_limited_membership_extend executed at 2016-08-29 16:35:14

4. [2016-08-29 14:35:14 UTC]: 
----------------------------------------------------------------------------------------------------
Schedule mgm_hourly_epoch_dataplus_transactions executed at 2016-08-29 16:35:14

5. [2016-08-29 14:35:14 UTC]: 
----------------------------------------------------------------------------------------------------
Schedule mgm_hourly_update_widget_data executed at 2016-08-29 16:35:14

6. [2016-08-29 14:35:14 UTC]: 
----------------------------------------------------------------------------------------------------
Schedule mgm_hourly_ongoing_membership_extend executed at 2016-08-29 16:35:14

7. [2016-08-29 14:35:15 UTC]: 
----------------------------------------------------------------------------------------------------
Schedule mgm_hourly_update_transaction_data executed at 2016-08-29 16:35:15
