
1. [2015-12-27 15:03:06 UTC]: 
----------------------------------------------------------------------------------------------------
Schedule mgm_daily_reminder_mailer executed at 2015-12-27 16:03:06

2. [2015-12-27 15:03:06 UTC]: 
----------------------------------------------------------------------------------------------------
Schedule mgm_twicedaily_rebill_status_check executed at 2015-12-27 16:03:06

3. [2015-12-27 15:03:06 UTC]: 
----------------------------------------------------------------------------------------------------
Schedule mgm_every2ndhourly_limited_membership_extend executed at 2015-12-27 16:03:06

4. [2015-12-27 15:03:06 UTC]: 
----------------------------------------------------------------------------------------------------
Schedule mgm_hourly_epoch_dataplus_transactions executed at 2015-12-27 16:03:06

5. [2015-12-27 15:03:06 UTC]: 
----------------------------------------------------------------------------------------------------
Schedule mgm_hourly_update_widget_data executed at 2015-12-27 16:03:06

6. [2015-12-27 15:03:06 UTC]: 
----------------------------------------------------------------------------------------------------
Schedule mgm_hourly_ongoing_membership_extend executed at 2015-12-27 16:03:06

7. [2015-12-27 15:03:07 UTC]: 
----------------------------------------------------------------------------------------------------
Schedule mgm_hourly_update_transaction_data executed at 2015-12-27 16:03:07
