
1. [2016-04-17 14:54:41 UTC]: 
----------------------------------------------------------------------------------------------------
Schedule mgm_daily_reminder_mailer executed at 2016-04-17 16:54:41

2. [2016-04-17 14:54:41 UTC]: 
----------------------------------------------------------------------------------------------------
Schedule mgm_twicedaily_rebill_status_check executed at 2016-04-17 16:54:41

3. [2016-04-17 14:54:41 UTC]: 
----------------------------------------------------------------------------------------------------
Schedule mgm_every2ndhourly_limited_membership_extend executed at 2016-04-17 16:54:41

4. [2016-04-17 14:54:42 UTC]: 
----------------------------------------------------------------------------------------------------
Schedule mgm_hourly_epoch_dataplus_transactions executed at 2016-04-17 16:54:42

5. [2016-04-17 14:54:42 UTC]: 
----------------------------------------------------------------------------------------------------
Schedule mgm_hourly_update_widget_data executed at 2016-04-17 16:54:42

6. [2016-04-17 14:54:42 UTC]: 
----------------------------------------------------------------------------------------------------
Schedule mgm_hourly_ongoing_membership_extend executed at 2016-04-17 16:54:42

7. [2016-04-17 14:54:42 UTC]: 
----------------------------------------------------------------------------------------------------
Schedule mgm_hourly_update_transaction_data executed at 2016-04-17 16:54:42
