
1. [2015-12-28 14:56:05 UTC]: 
----------------------------------------------------------------------------------------------------
Schedule mgm_daily_reminder_mailer executed at 2015-12-28 15:56:05

2. [2015-12-28 14:56:05 UTC]: 
----------------------------------------------------------------------------------------------------
Schedule mgm_twicedaily_rebill_status_check executed at 2015-12-28 15:56:05

3. [2015-12-28 14:56:06 UTC]: 
----------------------------------------------------------------------------------------------------
Schedule mgm_every2ndhourly_limited_membership_extend executed at 2015-12-28 15:56:06

4. [2015-12-28 14:56:06 UTC]: 
----------------------------------------------------------------------------------------------------
Schedule mgm_hourly_epoch_dataplus_transactions executed at 2015-12-28 15:56:06

5. [2015-12-28 14:56:06 UTC]: 
----------------------------------------------------------------------------------------------------
Schedule mgm_hourly_update_widget_data executed at 2015-12-28 15:56:06

6. [2015-12-28 14:56:06 UTC]: 
----------------------------------------------------------------------------------------------------
Schedule mgm_hourly_ongoing_membership_extend executed at 2015-12-28 15:56:06

7. [2015-12-28 14:56:07 UTC]: 
----------------------------------------------------------------------------------------------------
Schedule mgm_hourly_update_transaction_data executed at 2015-12-28 15:56:07
