
1. [2016-06-22 14:37:08 UTC]: 
----------------------------------------------------------------------------------------------------
Schedule mgm_daily_reminder_mailer executed at 2016-06-22 16:37:08

2. [2016-06-22 14:37:08 UTC]: 
----------------------------------------------------------------------------------------------------
Schedule mgm_twicedaily_rebill_status_check executed at 2016-06-22 16:37:08

3. [2016-06-22 14:37:08 UTC]: 
----------------------------------------------------------------------------------------------------
Schedule mgm_every2ndhourly_limited_membership_extend executed at 2016-06-22 16:37:08

4. [2016-06-22 14:37:08 UTC]: 
----------------------------------------------------------------------------------------------------
Schedule mgm_hourly_epoch_dataplus_transactions executed at 2016-06-22 16:37:08

5. [2016-06-22 14:37:08 UTC]: 
----------------------------------------------------------------------------------------------------
Schedule mgm_hourly_update_widget_data executed at 2016-06-22 16:37:08

6. [2016-06-22 14:37:08 UTC]: 
----------------------------------------------------------------------------------------------------
Schedule mgm_hourly_ongoing_membership_extend executed at 2016-06-22 16:37:08

7. [2016-06-22 14:37:09 UTC]: 
----------------------------------------------------------------------------------------------------
Schedule mgm_hourly_update_transaction_data executed at 2016-06-22 16:37:09
