
1. [2015-08-29 10:40:04 UTC]: 
----------------------------------------------------------------------------------------------------
Schedule mgm_daily_reminder_mailer executed at 2015-08-29 12:40:04

2. [2015-08-29 10:40:04 UTC]: 
----------------------------------------------------------------------------------------------------
Schedule mgm_twicedaily_rebill_status_check executed at 2015-08-29 12:40:04

3. [2015-08-29 10:40:04 UTC]: 
----------------------------------------------------------------------------------------------------
Schedule mgm_every2ndhourly_limited_membership_extend executed at 2015-08-29 12:40:04

4. [2015-08-29 10:40:04 UTC]: 
----------------------------------------------------------------------------------------------------
Schedule mgm_hourly_epoch_dataplus_transactions executed at 2015-08-29 12:40:04

5. [2015-08-29 10:40:04 UTC]: 
----------------------------------------------------------------------------------------------------
Schedule mgm_hourly_update_widget_data executed at 2015-08-29 12:40:04

6. [2015-08-29 10:40:04 UTC]: 
----------------------------------------------------------------------------------------------------
Schedule mgm_hourly_ongoing_membership_extend executed at 2015-08-29 12:40:04

7. [2015-08-29 10:40:05 UTC]: 
----------------------------------------------------------------------------------------------------
Schedule mgm_hourly_update_transaction_data executed at 2015-08-29 12:40:05
