
1. [2016-01-20 15:06:44 UTC]: 
----------------------------------------------------------------------------------------------------
Schedule mgm_daily_reminder_mailer executed at 2016-01-20 16:06:44

2. [2016-01-20 15:06:44 UTC]: 
----------------------------------------------------------------------------------------------------
Schedule mgm_twicedaily_rebill_status_check executed at 2016-01-20 16:06:44

3. [2016-01-20 15:06:45 UTC]: 
----------------------------------------------------------------------------------------------------
Schedule mgm_every2ndhourly_limited_membership_extend executed at 2016-01-20 16:06:45

4. [2016-01-20 15:06:45 UTC]: 
----------------------------------------------------------------------------------------------------
Schedule mgm_hourly_epoch_dataplus_transactions executed at 2016-01-20 16:06:45

5. [2016-01-20 15:06:45 UTC]: 
----------------------------------------------------------------------------------------------------
Schedule mgm_hourly_update_widget_data executed at 2016-01-20 16:06:45

6. [2016-01-20 15:06:45 UTC]: 
----------------------------------------------------------------------------------------------------
Schedule mgm_hourly_ongoing_membership_extend executed at 2016-01-20 16:06:45

7. [2016-01-20 15:06:45 UTC]: 
----------------------------------------------------------------------------------------------------
Schedule mgm_hourly_update_transaction_data executed at 2016-01-20 16:06:45
