
1. [2015-09-01 10:47:53 UTC]: 
----------------------------------------------------------------------------------------------------
Schedule mgm_daily_reminder_mailer executed at 2015-09-01 12:47:53

2. [2015-09-01 10:47:53 UTC]: 
----------------------------------------------------------------------------------------------------
Schedule mgm_twicedaily_rebill_status_check executed at 2015-09-01 12:47:53

3. [2015-09-01 10:47:53 UTC]: 
----------------------------------------------------------------------------------------------------
Schedule mgm_every2ndhourly_limited_membership_extend executed at 2015-09-01 12:47:53

4. [2015-09-01 10:47:53 UTC]: 
----------------------------------------------------------------------------------------------------
Schedule mgm_hourly_epoch_dataplus_transactions executed at 2015-09-01 12:47:53

5. [2015-09-01 10:47:53 UTC]: 
----------------------------------------------------------------------------------------------------
Schedule mgm_hourly_update_widget_data executed at 2015-09-01 12:47:53

6. [2015-09-01 10:47:53 UTC]: 
----------------------------------------------------------------------------------------------------
Schedule mgm_hourly_ongoing_membership_extend executed at 2015-09-01 12:47:53

7. [2015-09-01 10:47:54 UTC]: 
----------------------------------------------------------------------------------------------------
Schedule mgm_hourly_update_transaction_data executed at 2015-09-01 12:47:54
