
1. [2016-07-19 14:35:23 UTC]: 
----------------------------------------------------------------------------------------------------
Schedule mgm_daily_reminder_mailer executed at 2016-07-19 16:35:23

2. [2016-07-19 14:35:23 UTC]: 
----------------------------------------------------------------------------------------------------
Schedule mgm_twicedaily_rebill_status_check executed at 2016-07-19 16:35:23

3. [2016-07-19 14:35:24 UTC]: 
----------------------------------------------------------------------------------------------------
Schedule mgm_every2ndhourly_limited_membership_extend executed at 2016-07-19 16:35:24

4. [2016-07-19 14:35:24 UTC]: 
----------------------------------------------------------------------------------------------------
Schedule mgm_hourly_epoch_dataplus_transactions executed at 2016-07-19 16:35:24

5. [2016-07-19 14:35:24 UTC]: 
----------------------------------------------------------------------------------------------------
Schedule mgm_hourly_update_widget_data executed at 2016-07-19 16:35:24

6. [2016-07-19 14:35:24 UTC]: 
----------------------------------------------------------------------------------------------------
Schedule mgm_hourly_ongoing_membership_extend executed at 2016-07-19 16:35:24

7. [2016-07-19 14:35:24 UTC]: 
----------------------------------------------------------------------------------------------------
Schedule mgm_hourly_update_transaction_data executed at 2016-07-19 16:35:24
