
1. [2016-01-31 14:56:15 UTC]: 
----------------------------------------------------------------------------------------------------
Schedule mgm_daily_reminder_mailer executed at 2016-01-31 15:56:15

2. [2016-01-31 14:56:15 UTC]: 
----------------------------------------------------------------------------------------------------
Schedule mgm_twicedaily_rebill_status_check executed at 2016-01-31 15:56:15

3. [2016-01-31 14:56:15 UTC]: 
----------------------------------------------------------------------------------------------------
Schedule mgm_every2ndhourly_limited_membership_extend executed at 2016-01-31 15:56:15

4. [2016-01-31 14:56:15 UTC]: 
----------------------------------------------------------------------------------------------------
Schedule mgm_hourly_epoch_dataplus_transactions executed at 2016-01-31 15:56:15

5. [2016-01-31 14:56:15 UTC]: 
----------------------------------------------------------------------------------------------------
Schedule mgm_hourly_update_widget_data executed at 2016-01-31 15:56:15

6. [2016-01-31 14:56:15 UTC]: 
----------------------------------------------------------------------------------------------------
Schedule mgm_hourly_ongoing_membership_extend executed at 2016-01-31 15:56:15

7. [2016-01-31 14:56:16 UTC]: 
----------------------------------------------------------------------------------------------------
Schedule mgm_hourly_update_transaction_data executed at 2016-01-31 15:56:16
