
1. [2016-05-27 14:37:19 UTC]: 
----------------------------------------------------------------------------------------------------
Schedule mgm_daily_reminder_mailer executed at 2016-05-27 16:37:19

2. [2016-05-27 14:37:19 UTC]: 
----------------------------------------------------------------------------------------------------
Schedule mgm_twicedaily_rebill_status_check executed at 2016-05-27 16:37:19

3. [2016-05-27 14:37:19 UTC]: 
----------------------------------------------------------------------------------------------------
Schedule mgm_every2ndhourly_limited_membership_extend executed at 2016-05-27 16:37:19

4. [2016-05-27 14:37:19 UTC]: 
----------------------------------------------------------------------------------------------------
Schedule mgm_hourly_epoch_dataplus_transactions executed at 2016-05-27 16:37:19

5. [2016-05-27 14:37:19 UTC]: 
----------------------------------------------------------------------------------------------------
Schedule mgm_hourly_update_widget_data executed at 2016-05-27 16:37:19

6. [2016-05-27 14:37:19 UTC]: 
----------------------------------------------------------------------------------------------------
Schedule mgm_hourly_ongoing_membership_extend executed at 2016-05-27 16:37:19

7. [2016-05-27 14:37:20 UTC]: 
----------------------------------------------------------------------------------------------------
Schedule mgm_hourly_update_transaction_data executed at 2016-05-27 16:37:20
