
1. [2015-08-06 10:34:40 UTC]: 
----------------------------------------------------------------------------------------------------
Schedule mgm_daily_reminder_mailer executed at 2015-08-06 12:34:40

2. [2015-08-06 10:34:40 UTC]: 
----------------------------------------------------------------------------------------------------
Schedule mgm_twicedaily_rebill_status_check executed at 2015-08-06 12:34:40

3. [2015-08-06 10:34:41 UTC]: 
----------------------------------------------------------------------------------------------------
Schedule mgm_every2ndhourly_limited_membership_extend executed at 2015-08-06 12:34:41

4. [2015-08-06 10:34:41 UTC]: 
----------------------------------------------------------------------------------------------------
Schedule mgm_hourly_epoch_dataplus_transactions executed at 2015-08-06 12:34:41

5. [2015-08-06 10:34:41 UTC]: 
----------------------------------------------------------------------------------------------------
Schedule mgm_hourly_update_widget_data executed at 2015-08-06 12:34:41

6. [2015-08-06 10:34:41 UTC]: 
----------------------------------------------------------------------------------------------------
Schedule mgm_hourly_ongoing_membership_extend executed at 2015-08-06 12:34:41

7. [2015-08-06 10:34:41 UTC]: 
----------------------------------------------------------------------------------------------------
Schedule mgm_hourly_update_transaction_data executed at 2015-08-06 12:34:41
