
1. [2016-08-12 14:35:57 UTC]: 
----------------------------------------------------------------------------------------------------
Schedule mgm_daily_reminder_mailer executed at 2016-08-12 16:35:57

2. [2016-08-12 14:35:58 UTC]: 
----------------------------------------------------------------------------------------------------
Schedule mgm_twicedaily_rebill_status_check executed at 2016-08-12 16:35:58

3. [2016-08-12 14:35:59 UTC]: 
----------------------------------------------------------------------------------------------------
Schedule mgm_every2ndhourly_limited_membership_extend executed at 2016-08-12 16:35:59

4. [2016-08-12 14:35:59 UTC]: 
----------------------------------------------------------------------------------------------------
Schedule mgm_hourly_epoch_dataplus_transactions executed at 2016-08-12 16:35:59

5. [2016-08-12 14:35:59 UTC]: 
----------------------------------------------------------------------------------------------------
Schedule mgm_hourly_update_widget_data executed at 2016-08-12 16:35:59

6. [2016-08-12 14:35:59 UTC]: 
----------------------------------------------------------------------------------------------------
Schedule mgm_hourly_ongoing_membership_extend executed at 2016-08-12 16:35:59

7. [2016-08-12 14:36:00 UTC]: 
----------------------------------------------------------------------------------------------------
Schedule mgm_hourly_update_transaction_data executed at 2016-08-12 16:36:00
