
1. [2016-06-08 14:36:24 UTC]: 
----------------------------------------------------------------------------------------------------
Schedule mgm_daily_reminder_mailer executed at 2016-06-08 16:36:24

2. [2016-06-08 14:36:24 UTC]: 
----------------------------------------------------------------------------------------------------
Schedule mgm_twicedaily_rebill_status_check executed at 2016-06-08 16:36:24

3. [2016-06-08 14:36:24 UTC]: 
----------------------------------------------------------------------------------------------------
Schedule mgm_every2ndhourly_limited_membership_extend executed at 2016-06-08 16:36:24

4. [2016-06-08 14:36:24 UTC]: 
----------------------------------------------------------------------------------------------------
Schedule mgm_hourly_epoch_dataplus_transactions executed at 2016-06-08 16:36:24

5. [2016-06-08 14:36:24 UTC]: 
----------------------------------------------------------------------------------------------------
Schedule mgm_hourly_update_widget_data executed at 2016-06-08 16:36:24

6. [2016-06-08 14:36:24 UTC]: 
----------------------------------------------------------------------------------------------------
Schedule mgm_hourly_ongoing_membership_extend executed at 2016-06-08 16:36:24

7. [2016-06-08 14:36:25 UTC]: 
----------------------------------------------------------------------------------------------------
Schedule mgm_hourly_update_transaction_data executed at 2016-06-08 16:36:25
