
1. [2016-09-13 16:59:14 UTC]: 
----------------------------------------------------------------------------------------------------
Schedule mgm_daily_reminder_mailer executed at 2016-09-13 18:59:14

2. [2016-09-13 16:59:14 UTC]: 
----------------------------------------------------------------------------------------------------
Schedule mgm_twicedaily_rebill_status_check executed at 2016-09-13 18:59:14

3. [2016-09-13 16:59:15 UTC]: 
----------------------------------------------------------------------------------------------------
Schedule mgm_every2ndhourly_limited_membership_extend executed at 2016-09-13 18:59:15

4. [2016-09-13 16:59:15 UTC]: 
----------------------------------------------------------------------------------------------------
Schedule mgm_hourly_epoch_dataplus_transactions executed at 2016-09-13 18:59:15

5. [2016-09-13 16:59:15 UTC]: 
----------------------------------------------------------------------------------------------------
Schedule mgm_hourly_update_widget_data executed at 2016-09-13 18:59:15

6. [2016-09-13 16:59:15 UTC]: 
----------------------------------------------------------------------------------------------------
Schedule mgm_hourly_ongoing_membership_extend executed at 2016-09-13 18:59:15

7. [2016-09-13 16:59:16 UTC]: 
----------------------------------------------------------------------------------------------------
Schedule mgm_hourly_update_transaction_data executed at 2016-09-13 18:59:16
