
1. [2015-11-06 10:48:51 UTC]: 
----------------------------------------------------------------------------------------------------
Schedule mgm_daily_reminder_mailer executed at 2015-11-06 11:48:51

2. [2015-11-06 10:48:51 UTC]: 
----------------------------------------------------------------------------------------------------
Schedule mgm_twicedaily_rebill_status_check executed at 2015-11-06 11:48:51

3. [2015-11-06 10:48:52 UTC]: 
----------------------------------------------------------------------------------------------------
Schedule mgm_every2ndhourly_limited_membership_extend executed at 2015-11-06 11:48:52

4. [2015-11-06 10:48:52 UTC]: 
----------------------------------------------------------------------------------------------------
Schedule mgm_hourly_epoch_dataplus_transactions executed at 2015-11-06 11:48:52

5. [2015-11-06 10:48:52 UTC]: 
----------------------------------------------------------------------------------------------------
Schedule mgm_hourly_update_widget_data executed at 2015-11-06 11:48:52

6. [2015-11-06 10:48:52 UTC]: 
----------------------------------------------------------------------------------------------------
Schedule mgm_hourly_ongoing_membership_extend executed at 2015-11-06 11:48:52

7. [2015-11-06 10:48:52 UTC]: 
----------------------------------------------------------------------------------------------------
Schedule mgm_hourly_update_transaction_data executed at 2015-11-06 11:48:52
