
1. [2016-07-11 14:34:59 UTC]: 
----------------------------------------------------------------------------------------------------
Schedule mgm_daily_reminder_mailer executed at 2016-07-11 16:34:59

2. [2016-07-11 14:34:59 UTC]: 
----------------------------------------------------------------------------------------------------
Schedule mgm_twicedaily_rebill_status_check executed at 2016-07-11 16:34:59

3. [2016-07-11 14:34:59 UTC]: 
----------------------------------------------------------------------------------------------------
Schedule mgm_every2ndhourly_limited_membership_extend executed at 2016-07-11 16:34:59

4. [2016-07-11 14:34:59 UTC]: 
----------------------------------------------------------------------------------------------------
Schedule mgm_hourly_epoch_dataplus_transactions executed at 2016-07-11 16:34:59

5. [2016-07-11 14:34:59 UTC]: 
----------------------------------------------------------------------------------------------------
Schedule mgm_hourly_update_widget_data executed at 2016-07-11 16:34:59

6. [2016-07-11 14:34:59 UTC]: 
----------------------------------------------------------------------------------------------------
Schedule mgm_hourly_ongoing_membership_extend executed at 2016-07-11 16:34:59

7. [2016-07-11 14:35:00 UTC]: 
----------------------------------------------------------------------------------------------------
Schedule mgm_hourly_update_transaction_data executed at 2016-07-11 16:35:00
