
1. [2016-03-07 14:59:31 UTC]: 
----------------------------------------------------------------------------------------------------
Schedule mgm_daily_reminder_mailer executed at 2016-03-07 15:59:31

2. [2016-03-07 14:59:31 UTC]: 
----------------------------------------------------------------------------------------------------
Schedule mgm_twicedaily_rebill_status_check executed at 2016-03-07 15:59:31

3. [2016-03-07 14:59:31 UTC]: 
----------------------------------------------------------------------------------------------------
Schedule mgm_every2ndhourly_limited_membership_extend executed at 2016-03-07 15:59:31

4. [2016-03-07 14:59:31 UTC]: 
----------------------------------------------------------------------------------------------------
Schedule mgm_hourly_epoch_dataplus_transactions executed at 2016-03-07 15:59:31

5. [2016-03-07 14:59:31 UTC]: 
----------------------------------------------------------------------------------------------------
Schedule mgm_hourly_update_widget_data executed at 2016-03-07 15:59:31

6. [2016-03-07 14:59:31 UTC]: 
----------------------------------------------------------------------------------------------------
Schedule mgm_hourly_ongoing_membership_extend executed at 2016-03-07 15:59:31

7. [2016-03-07 14:59:32 UTC]: 
----------------------------------------------------------------------------------------------------
Schedule mgm_hourly_update_transaction_data executed at 2016-03-07 15:59:32
