
1. [2015-12-20 14:56:47 UTC]: 
----------------------------------------------------------------------------------------------------
Schedule mgm_daily_reminder_mailer executed at 2015-12-20 15:56:47

2. [2015-12-20 14:56:47 UTC]: 
----------------------------------------------------------------------------------------------------
Schedule mgm_twicedaily_rebill_status_check executed at 2015-12-20 15:56:47

3. [2015-12-20 14:56:47 UTC]: 
----------------------------------------------------------------------------------------------------
Schedule mgm_every2ndhourly_limited_membership_extend executed at 2015-12-20 15:56:47

4. [2015-12-20 14:56:47 UTC]: 
----------------------------------------------------------------------------------------------------
Schedule mgm_hourly_epoch_dataplus_transactions executed at 2015-12-20 15:56:47

5. [2015-12-20 14:56:47 UTC]: 
----------------------------------------------------------------------------------------------------
Schedule mgm_hourly_update_widget_data executed at 2015-12-20 15:56:47

6. [2015-12-20 14:56:47 UTC]: 
----------------------------------------------------------------------------------------------------
Schedule mgm_hourly_ongoing_membership_extend executed at 2015-12-20 15:56:47

7. [2015-12-20 14:56:48 UTC]: 
----------------------------------------------------------------------------------------------------
Schedule mgm_hourly_update_transaction_data executed at 2015-12-20 15:56:48
