
1. [2016-06-02 14:36:17 UTC]: 
----------------------------------------------------------------------------------------------------
Schedule mgm_daily_reminder_mailer executed at 2016-06-02 16:36:17

2. [2016-06-02 14:36:17 UTC]: 
----------------------------------------------------------------------------------------------------
Schedule mgm_twicedaily_rebill_status_check executed at 2016-06-02 16:36:17

3. [2016-06-02 14:36:17 UTC]: 
----------------------------------------------------------------------------------------------------
Schedule mgm_every2ndhourly_limited_membership_extend executed at 2016-06-02 16:36:17

4. [2016-06-02 14:36:18 UTC]: 
----------------------------------------------------------------------------------------------------
Schedule mgm_hourly_epoch_dataplus_transactions executed at 2016-06-02 16:36:18

5. [2016-06-02 14:36:18 UTC]: 
----------------------------------------------------------------------------------------------------
Schedule mgm_hourly_update_widget_data executed at 2016-06-02 16:36:18

6. [2016-06-02 14:36:18 UTC]: 
----------------------------------------------------------------------------------------------------
Schedule mgm_hourly_ongoing_membership_extend executed at 2016-06-02 16:36:18

7. [2016-06-02 14:36:18 UTC]: 
----------------------------------------------------------------------------------------------------
Schedule mgm_hourly_update_transaction_data executed at 2016-06-02 16:36:18
