
1. [2015-11-21 10:41:50 UTC]: 
----------------------------------------------------------------------------------------------------
Schedule mgm_daily_reminder_mailer executed at 2015-11-21 11:41:50

2. [2015-11-21 10:41:51 UTC]: 
----------------------------------------------------------------------------------------------------
Schedule mgm_twicedaily_rebill_status_check executed at 2015-11-21 11:41:51

3. [2015-11-21 10:41:51 UTC]: 
----------------------------------------------------------------------------------------------------
Schedule mgm_every2ndhourly_limited_membership_extend executed at 2015-11-21 11:41:51

4. [2015-11-21 10:41:51 UTC]: 
----------------------------------------------------------------------------------------------------
Schedule mgm_hourly_epoch_dataplus_transactions executed at 2015-11-21 11:41:51

5. [2015-11-21 10:41:51 UTC]: 
----------------------------------------------------------------------------------------------------
Schedule mgm_hourly_update_widget_data executed at 2015-11-21 11:41:51

6. [2015-11-21 10:41:51 UTC]: 
----------------------------------------------------------------------------------------------------
Schedule mgm_hourly_ongoing_membership_extend executed at 2015-11-21 11:41:51

7. [2015-11-21 10:41:52 UTC]: 
----------------------------------------------------------------------------------------------------
Schedule mgm_hourly_update_transaction_data executed at 2015-11-21 11:41:52
