
1. [2016-01-08 14:57:46 UTC]: 
----------------------------------------------------------------------------------------------------
Schedule mgm_daily_reminder_mailer executed at 2016-01-08 15:57:46

2. [2016-01-08 14:57:46 UTC]: 
----------------------------------------------------------------------------------------------------
Schedule mgm_twicedaily_rebill_status_check executed at 2016-01-08 15:57:46

3. [2016-01-08 14:57:46 UTC]: 
----------------------------------------------------------------------------------------------------
Schedule mgm_every2ndhourly_limited_membership_extend executed at 2016-01-08 15:57:46

4. [2016-01-08 14:57:47 UTC]: 
----------------------------------------------------------------------------------------------------
Schedule mgm_hourly_epoch_dataplus_transactions executed at 2016-01-08 15:57:47

5. [2016-01-08 14:57:47 UTC]: 
----------------------------------------------------------------------------------------------------
Schedule mgm_hourly_update_widget_data executed at 2016-01-08 15:57:47

6. [2016-01-08 14:57:47 UTC]: 
----------------------------------------------------------------------------------------------------
Schedule mgm_hourly_ongoing_membership_extend executed at 2016-01-08 15:57:47

7. [2016-01-08 14:57:47 UTC]: 
----------------------------------------------------------------------------------------------------
Schedule mgm_hourly_update_transaction_data executed at 2016-01-08 15:57:47
