
1. [2016-09-11 17:17:16 UTC]: 
----------------------------------------------------------------------------------------------------
Schedule mgm_daily_reminder_mailer executed at 2016-09-11 19:17:16

2. [2016-09-11 17:17:16 UTC]: 
----------------------------------------------------------------------------------------------------
Schedule mgm_twicedaily_rebill_status_check executed at 2016-09-11 19:17:16

3. [2016-09-11 17:17:17 UTC]: 
----------------------------------------------------------------------------------------------------
Schedule mgm_every2ndhourly_limited_membership_extend executed at 2016-09-11 19:17:17

4. [2016-09-11 17:17:17 UTC]: 
----------------------------------------------------------------------------------------------------
Schedule mgm_hourly_epoch_dataplus_transactions executed at 2016-09-11 19:17:17

5. [2016-09-11 17:17:17 UTC]: 
----------------------------------------------------------------------------------------------------
Schedule mgm_hourly_update_widget_data executed at 2016-09-11 19:17:17

6. [2016-09-11 17:17:17 UTC]: 
----------------------------------------------------------------------------------------------------
Schedule mgm_hourly_ongoing_membership_extend executed at 2016-09-11 19:17:17

7. [2016-09-11 17:17:18 UTC]: 
----------------------------------------------------------------------------------------------------
Schedule mgm_hourly_update_transaction_data executed at 2016-09-11 19:17:18
