
1. [2016-08-18 14:36:42 UTC]: 
----------------------------------------------------------------------------------------------------
Schedule mgm_daily_reminder_mailer executed at 2016-08-18 16:36:42

2. [2016-08-18 14:36:42 UTC]: 
----------------------------------------------------------------------------------------------------
Schedule mgm_twicedaily_rebill_status_check executed at 2016-08-18 16:36:42

3. [2016-08-18 14:36:43 UTC]: 
----------------------------------------------------------------------------------------------------
Schedule mgm_every2ndhourly_limited_membership_extend executed at 2016-08-18 16:36:43

4. [2016-08-18 14:36:43 UTC]: 
----------------------------------------------------------------------------------------------------
Schedule mgm_hourly_epoch_dataplus_transactions executed at 2016-08-18 16:36:43

5. [2016-08-18 14:36:43 UTC]: 
----------------------------------------------------------------------------------------------------
Schedule mgm_hourly_update_widget_data executed at 2016-08-18 16:36:43

6. [2016-08-18 14:36:43 UTC]: 
----------------------------------------------------------------------------------------------------
Schedule mgm_hourly_ongoing_membership_extend executed at 2016-08-18 16:36:43

7. [2016-08-18 14:36:43 UTC]: 
----------------------------------------------------------------------------------------------------
Schedule mgm_hourly_update_transaction_data executed at 2016-08-18 16:36:43
