
1. [2015-11-29 10:34:08 UTC]: 
----------------------------------------------------------------------------------------------------
Schedule mgm_daily_reminder_mailer executed at 2015-11-29 11:34:08

2. [2015-11-29 10:34:08 UTC]: 
----------------------------------------------------------------------------------------------------
Schedule mgm_twicedaily_rebill_status_check executed at 2015-11-29 11:34:08

3. [2015-11-29 10:34:08 UTC]: 
----------------------------------------------------------------------------------------------------
Schedule mgm_every2ndhourly_limited_membership_extend executed at 2015-11-29 11:34:08

4. [2015-11-29 10:34:08 UTC]: 
----------------------------------------------------------------------------------------------------
Schedule mgm_hourly_epoch_dataplus_transactions executed at 2015-11-29 11:34:08

5. [2015-11-29 10:34:08 UTC]: 
----------------------------------------------------------------------------------------------------
Schedule mgm_hourly_update_widget_data executed at 2015-11-29 11:34:08

6. [2015-11-29 10:34:08 UTC]: 
----------------------------------------------------------------------------------------------------
Schedule mgm_hourly_ongoing_membership_extend executed at 2015-11-29 11:34:08

7. [2015-11-29 10:34:09 UTC]: 
----------------------------------------------------------------------------------------------------
Schedule mgm_hourly_update_transaction_data executed at 2015-11-29 11:34:09
