
1. [16-02-2013 00:59:56]: 
----------------------------------------------------------------------------------------------------
<pre>Array
(
    [headers] => Array
        (
            [date] => Sat, 16 Feb 2013 00:59:56 GMT
            [server] => Apache/2.2.15 (Unix) mod_ssl/2.2.15 OpenSSL/0.9.8e-fips-rhel5 DAV/2 mod_auth_passthrough/2.1 mod_bwlimited/1.4 FrontPage/5.0.2.2635
            [content-length] => 520
            [connection] => close
            [content-type] => text/html; charset=iso-8859-1
        )

    [body] => <!DOCTYPE HTML PUBLIC "-//IETF//DTD HTML 2.0//EN">
<html><head>
<title>404 Not Found</title>
</head><body>
<h1>Not Found</h1>
<p>The requested URL /mgmsapi/ was not found on this server.</p>
<p>Additionally, a 404 Not Found
error was encountered while trying to use an ErrorDocument to handle the request.</p>
<hr>
<address>Apache/2.2.15 (Unix) mod_ssl/2.2.15 OpenSSL/0.9.8e-fips-rhel5 DAV/2 mod_auth_passthrough/2.1 mod_bwlimited/1.4 FrontPage/5.0.2.2635 Server at www.magicmembers.com Port 80</address>
</body></html>

    [response] => Array
        (
            [code] => 404
            [message] => Not Found
        )

    [cookies] => Array
        (
        )

    [filename] => 
)
</pre>
