
1. [2016-09-01 16:57:33 UTC]: 
----------------------------------------------------------------------------------------------------
Schedule mgm_hourly_epoch_dataplus_transactions executed at 2016-09-01 18:57:33

2. [2016-09-01 16:57:33 UTC]: 
----------------------------------------------------------------------------------------------------
Schedule mgm_hourly_update_widget_data executed at 2016-09-01 18:57:33

3. [2016-09-01 16:57:33 UTC]: 
----------------------------------------------------------------------------------------------------
Schedule mgm_hourly_ongoing_membership_extend executed at 2016-09-01 18:57:33

4. [2016-09-01 16:57:33 UTC]: 
----------------------------------------------------------------------------------------------------
Schedule mgm_hourly_update_transaction_data executed at 2016-09-01 18:57:33

5. [2016-09-01 16:57:34 UTC]: 
----------------------------------------------------------------------------------------------------
Schedule mgm_every2ndhourly_limited_membership_extend executed at 2016-09-01 18:57:34

6. [2016-09-01 16:57:35 UTC]: 
----------------------------------------------------------------------------------------------------
Schedule mgm_daily_reminder_mailer executed at 2016-09-01 18:57:35

7. [2016-09-01 16:57:35 UTC]: 
----------------------------------------------------------------------------------------------------
Schedule mgm_twicedaily_rebill_status_check executed at 2016-09-01 18:57:35
