
1. [2016-11-21 16:58:51 UTC]: 
----------------------------------------------------------------------------------------------------
Schedule mgm_daily_reminder_mailer executed at 2016-11-21 17:58:51

2. [2016-11-21 16:58:51 UTC]: 
----------------------------------------------------------------------------------------------------
Schedule mgm_twicedaily_rebill_status_check executed at 2016-11-21 17:58:51

3. [2016-11-21 16:58:52 UTC]: 
----------------------------------------------------------------------------------------------------
Schedule mgm_every2ndhourly_limited_membership_extend executed at 2016-11-21 17:58:52

4. [2016-11-21 16:58:52 UTC]: 
----------------------------------------------------------------------------------------------------
Schedule mgm_hourly_epoch_dataplus_transactions executed at 2016-11-21 17:58:52

5. [2016-11-21 16:58:52 UTC]: 
----------------------------------------------------------------------------------------------------
Schedule mgm_hourly_update_widget_data executed at 2016-11-21 17:58:52

6. [2016-11-21 16:58:52 UTC]: 
----------------------------------------------------------------------------------------------------
Schedule mgm_hourly_ongoing_membership_extend executed at 2016-11-21 17:58:52

7. [2016-11-21 16:58:52 UTC]: 
----------------------------------------------------------------------------------------------------
Schedule mgm_hourly_update_transaction_data executed at 2016-11-21 17:58:52
