
1. [2016-05-11 14:35:02 UTC]: 
----------------------------------------------------------------------------------------------------
Schedule mgm_daily_reminder_mailer executed at 2016-05-11 16:35:02

2. [2016-05-11 14:35:02 UTC]: 
----------------------------------------------------------------------------------------------------
Schedule mgm_twicedaily_rebill_status_check executed at 2016-05-11 16:35:02

3. [2016-05-11 14:35:03 UTC]: 
----------------------------------------------------------------------------------------------------
Schedule mgm_every2ndhourly_limited_membership_extend executed at 2016-05-11 16:35:03

4. [2016-05-11 14:35:03 UTC]: 
----------------------------------------------------------------------------------------------------
Schedule mgm_hourly_epoch_dataplus_transactions executed at 2016-05-11 16:35:03

5. [2016-05-11 14:35:03 UTC]: 
----------------------------------------------------------------------------------------------------
Schedule mgm_hourly_update_widget_data executed at 2016-05-11 16:35:03

6. [2016-05-11 14:35:03 UTC]: 
----------------------------------------------------------------------------------------------------
Schedule mgm_hourly_ongoing_membership_extend executed at 2016-05-11 16:35:03

7. [2016-05-11 14:35:04 UTC]: 
----------------------------------------------------------------------------------------------------
Schedule mgm_hourly_update_transaction_data executed at 2016-05-11 16:35:04
