
1. [24-05-2014 15:13:52]: 
----------------------------------------------------------------------------------------------------
paypal process_notify POST DATA:<pre>Array
(
    [mc_gross] => 8.00
    [invoice] => 2446
    [protection_eligibility] => Ineligible
    [payer_id] => GH78JSA8VK65A
    [tax] => 0.00
    [payment_date] => 08:17:49 May 24, 2014 PDT
    [payment_status] => Completed
    [charset] => windows-1252
    [first_name] => Tanguy
    [mc_fee] => 0.62
    [notify_version] => 3.8
    [custom] => 2446
    [payer_status] => unverified
    [business] => Pinon@WeCitizens.be
    [quantity] => 1
    [verify_sign] => ACWYpbCmtjcvP1-hkMl3uw9wfm1dAkzNXthqucB9zxCXx1eLkbhsHicg
    [payer_email] => tanguy.ollinger@gmail.com
    [txn_id] => 29E81296VC2929622
    [payment_type] => instant
    [last_name] => Ollinger
    [receiver_email] => Pinon@WeCitizens.be
    [payment_fee] => 
    [receiver_id] => JYK4VL37Y683J
    [txn_type] => web_accept
    [item_name] => WeCitizens student, jobless, socially assisted Subscription
    [mc_currency] => EUR
    [item_number] => 
    [residence_country] => BE
    [receipt_id] => 2557-5875-8007-9217
    [handling_amount] => 0.00
    [transaction_subject] => 2446
    [payment_gross] => 
    [shipping] => 0.00
    [ipn_track_id] => 85a4607d79988
)
</pre>

2. [24-05-2014 15:13:52]: 
----------------------------------------------------------------------------------------------------
paypal process_notify GET DATA:<pre>Array
(
    [module] => mgm_paypal
    [method] => payment_notify
)
</pre>
