
1. [11-04-2013 08:07:04]: 
----------------------------------------------------------------------------------------------------
paypal process_notify POST DATA:<pre>Array
(
    [mc_gross] => 10.00
    [invoice] => 38
    [protection_eligibility] => Ineligible
    [payer_id] => FZY2E3C3CN6M8
    [tax] => 0.00
    [payment_date] => 01:07:01 Apr 11, 2013 PDT
    [payment_status] => Completed
    [charset] => windows-1252
    [first_name] => Jean-Paul
    [mc_fee] => 0.69
    [notify_version] => 3.7
    [custom] => 38
    [payer_status] => unverified
    [business] => Pinon@WeCitizens.be
    [quantity] => 1
    [verify_sign] => ApBlbVaTm0mZXJK.5ZyxAqka6HFTAKf7Adn5Q-C-9VkRWJPjHjGgTaBl
    [payer_email] => jpp@pinon.be
    [txn_id] => 5NP30122FN617174S
    [payment_type] => instant
    [last_name] => Pinon
    [receiver_email] => Pinon@WeCitizens.be
    [payment_fee] => 
    [receiver_id] => JYK4VL37Y683J
    [txn_type] => web_accept
    [item_name] => WeCitizens student, jobless, socially assisted Subscription
    [mc_currency] => EUR
    [item_number] => 
    [residence_country] => BE
    [handling_amount] => 0.00
    [transaction_subject] => 38
    [payment_gross] => 
    [shipping] => 0.00
    [ipn_track_id] => ff0bd1e88ab9e
)
</pre>

2. [11-04-2013 08:07:04]: 
----------------------------------------------------------------------------------------------------
paypal process_notify GET DATA:<pre>Array
(
    [module] => mgm_paypal
    [method] => payment_notify
)
</pre>
