
1. [16-05-2014 12:33:02]: 
----------------------------------------------------------------------------------------------------
paypal process_notify POST DATA:<pre>Array
(
    [mc_gross] => 15.00
    [invoice] => 2375
    [protection_eligibility] => Ineligible
    [payer_id] => HSKPBBWEH2ATN
    [tax] => 0.00
    [payment_date] => 05:36:44 May 16, 2014 PDT
    [payment_status] => Completed
    [charset] => windows-1252
    [first_name] => Hugues
    [mc_fee] => 0.86
    [notify_version] => 3.8
    [custom] => 2375
    [payer_status] => verified
    [business] => Pinon@WeCitizens.be
    [quantity] => 1
    [verify_sign] => AOqo2uf3qkK21xM1WHgYOkAjdixXARhqLPK6j6l1CHjbb3dj2Oz1xmuy
    [payer_email] => Huc@ter-rest.com
    [txn_id] => 05A64277G4210981E
    [payment_type] => instant
    [last_name] => Caudron
    [receiver_email] => Pinon@WeCitizens.be
    [payment_fee] => 
    [receiver_id] => JYK4VL37Y683J
    [txn_type] => web_accept
    [item_name] => WeCitizens individual Subscription
    [mc_currency] => EUR
    [item_number] => 
    [residence_country] => FR
    [handling_amount] => 0.00
    [transaction_subject] => 2375
    [payment_gross] => 
    [shipping] => 0.00
    [ipn_track_id] => 2e945139e1d95
)
</pre>

2. [16-05-2014 12:33:02]: 
----------------------------------------------------------------------------------------------------
paypal process_notify GET DATA:<pre>Array
(
    [module] => mgm_paypal
    [method] => payment_notify
)
</pre>
