
1. [20-05-2014 17:37:13]: 
----------------------------------------------------------------------------------------------------
paypal process_notify POST DATA:<pre>Array
(
    [mc_gross] => 15.00
    [invoice] => 2397
    [protection_eligibility] => Ineligible
    [payer_id] => JKNAHG6YY3PJL
    [tax] => 0.00
    [payment_date] => 10:41:01 May 20, 2014 PDT
    [payment_status] => Completed
    [charset] => windows-1252
    [first_name] => Jan
    [mc_fee] => 0.86
    [notify_version] => 3.8
    [custom] => 2397
    [payer_status] => verified
    [business] => Pinon@WeCitizens.be
    [quantity] => 1
    [verify_sign] => AzHTi1uBD55kqd2qBpi6Jx5KzXrRA0aR1YnYDAmz1PDOxEvG--7vqSMf
    [payer_email] => jan.otten@skynet.be
    [txn_id] => 96954177A91876150
    [payment_type] => instant
    [last_name] => Otten
    [receiver_email] => Pinon@WeCitizens.be
    [payment_fee] => 
    [receiver_id] => JYK4VL37Y683J
    [txn_type] => web_accept
    [item_name] => WeCitizens individual Subscription
    [mc_currency] => EUR
    [item_number] => 
    [residence_country] => BE
    [handling_amount] => 0.00
    [transaction_subject] => 2397
    [payment_gross] => 
    [shipping] => 0.00
    [ipn_track_id] => c0080f4789c
)
</pre>

2. [20-05-2014 17:37:13]: 
----------------------------------------------------------------------------------------------------
paypal process_notify GET DATA:<pre>Array
(
    [module] => mgm_paypal
    [method] => payment_notify
)
</pre>
