
1. [18-04-2014 20:17:15]: 
----------------------------------------------------------------------------------------------------
paypal process_notify POST DATA:<pre>Array
(
    [mc_gross] => 15.00
    [invoice] => 1694
    [protection_eligibility] => Ineligible
    [payer_id] => R2EWEV3B9X5RJ
    [tax] => 0.00
    [payment_date] => 13:20:26 Apr 18, 2014 PDT
    [payment_status] => Completed
    [charset] => windows-1252
    [first_name] => Geert
    [mc_fee] => 0.86
    [notify_version] => 3.7
    [custom] => 1694
    [payer_status] => verified
    [business] => Pinon@WeCitizens.be
    [quantity] => 1
    [verify_sign] => AX1onZXf7K7oPKiiImiLhcEUCkwYAJGC91d6uRLhaeewfT5BsNo9RnsV
    [payer_email] => geert.potters@telenet.be
    [txn_id] => 5WR16931VF042030X
    [payment_type] => instant
    [last_name] => Potters
    [receiver_email] => Pinon@WeCitizens.be
    [payment_fee] => 
    [receiver_id] => JYK4VL37Y683J
    [txn_type] => web_accept
    [item_name] => WeCitizens individual Subscription
    [mc_currency] => EUR
    [item_number] => 
    [residence_country] => BE
    [handling_amount] => 0.00
    [transaction_subject] => 1694
    [payment_gross] => 
    [shipping] => 0.00
    [ipn_track_id] => 631d4bfad6d8d
)
</pre>

2. [18-04-2014 20:17:15]: 
----------------------------------------------------------------------------------------------------
paypal process_notify GET DATA:<pre>Array
(
    [module] => mgm_paypal
    [method] => payment_notify
)
</pre>
