
1. [08-12-2014 04:07:38]: 
----------------------------------------------------------------------------------------------------
paypal process_notify POST DATA:<pre>Array
(
    [mc_gross] => 15.00
    [invoice] => 8887
    [protection_eligibility] => Ineligible
    [payer_id] => PBXGBV7TDJ5HQ
    [tax] => 0.00
    [payment_date] => 20:10:34 Dec 07, 2014 PST
    [payment_status] => Completed
    [charset] => windows-1252
    [first_name] => michel
    [mc_fee] => 0.86
    [notify_version] => 3.8
    [custom] => 8887
    [payer_status] => verified
    [business] => Pinon@WeCitizens.be
    [quantity] => 1
    [verify_sign] => AbIolPtFpRRuTmhlRHiinmlRlRdzAftAQGSOzRUwT7XnJoDQbt--o2mn
    [payer_email] => michel.gerebtzoff@gmail.com
    [txn_id] => 3GE89856V4975582T
    [payment_type] => instant
    [last_name] => gerebtzoff
    [receiver_email] => Pinon@WeCitizens.be
    [payment_fee] => 
    [receiver_id] => JYK4VL37Y683J
    [txn_type] => web_accept
    [item_name] => WeCitizens individual Subscription
    [mc_currency] => EUR
    [item_number] => 
    [residence_country] => BE
    [handling_amount] => 0.00
    [transaction_subject] => 8887
    [payment_gross] => 
    [shipping] => 0.00
    [ipn_track_id] => 76b17c9c691e5
)
</pre>

2. [08-12-2014 04:07:38]: 
----------------------------------------------------------------------------------------------------
paypal process_notify GET DATA:<pre>Array
(
    [module] => mgm_paypal
    [method] => payment_notify
)
</pre>
