
1. [24-04-2014 23:03:34]: 
----------------------------------------------------------------------------------------------------
paypal process_notify POST DATA:<pre>Array
(
    [mc_gross] => 15.00
    [invoice] => 1817
    [protection_eligibility] => Ineligible
    [payer_id] => ST94L54N2EPNY
    [tax] => 0.00
    [payment_date] => 16:06:51 Apr 24, 2014 PDT
    [payment_status] => Completed
    [charset] => windows-1252
    [first_name] => GAUTHIER
    [mc_fee] => 0.86
    [notify_version] => 3.8
    [custom] => 1817
    [payer_status] => verified
    [business] => Pinon@WeCitizens.be
    [quantity] => 1
    [verify_sign] => AwpCZSuEo5JLotT8y8x2ikV9NkBHAafAn9Y7Crh6bkVgt76ihW6ud5KF
    [payer_email] => gauthier@delevingne.be
    [txn_id] => 4UV51000PD299731C
    [payment_type] => instant
    [last_name] => DE LE VINGNE
    [receiver_email] => Pinon@WeCitizens.be
    [payment_fee] => 
    [receiver_id] => JYK4VL37Y683J
    [txn_type] => web_accept
    [item_name] => WeCitizens individual Subscription
    [mc_currency] => EUR
    [item_number] => 
    [residence_country] => BE
    [handling_amount] => 0.00
    [transaction_subject] => 1817
    [payment_gross] => 
    [shipping] => 0.00
    [ipn_track_id] => f78db8afa0794
)
</pre>

2. [24-04-2014 23:03:34]: 
----------------------------------------------------------------------------------------------------
paypal process_notify GET DATA:<pre>Array
(
    [module] => mgm_paypal
    [method] => payment_notify
)
</pre>
