
1. [18-04-2014 08:25:05]: 
----------------------------------------------------------------------------------------------------
paypal process_notify POST DATA:<pre>Array
(
    [mc_gross] => 100.00
    [invoice] => 1686
    [protection_eligibility] => Ineligible
    [payer_id] => JHZBJG5K82DSU
    [tax] => 0.00
    [payment_date] => 01:28:25 Apr 18, 2014 PDT
    [payment_status] => Completed
    [charset] => windows-1252
    [first_name] => Roland
    [mc_fee] => 3.75
    [notify_version] => 3.7
    [custom] => 1686
    [payer_status] => unverified
    [business] => Pinon@WeCitizens.be
    [quantity] => 1
    [verify_sign] => AZLxavFpWjT14UShm9tCZkT.cUlxAJ68RfZyog-eN64bITRMaBYsg2ZT
    [payer_email] => roland.grandjean@mabegra.be
    [txn_id] => 0FW491117L5182613
    [payment_type] => instant
    [last_name] => Grandjean
    [receiver_email] => Pinon@WeCitizens.be
    [payment_fee] => 
    [receiver_id] => JYK4VL37Y683J
    [txn_type] => web_accept
    [item_name] => WeCitizens manager, independent worker, politician (as honorary member) Subscription
    [mc_currency] => EUR
    [item_number] => 
    [residence_country] => BE
    [receipt_id] => 5021-9410-7222-9767
    [handling_amount] => 0.00
    [transaction_subject] => 1686
    [payment_gross] => 
    [shipping] => 0.00
    [ipn_track_id] => e9c4c14c7b5cd
)
</pre>

2. [18-04-2014 08:25:05]: 
----------------------------------------------------------------------------------------------------
paypal process_notify GET DATA:<pre>Array
(
    [module] => mgm_paypal
    [method] => payment_notify
)
</pre>
