
1. [25-05-2014 12:58:27]: 
----------------------------------------------------------------------------------------------------
paypal process_notify POST DATA:<pre>Array
(
    [mc_gross] => 15.00
    [invoice] => 2471
    [protection_eligibility] => Ineligible
    [payer_id] => FNJV6MQDMPQZG
    [tax] => 0.00
    [payment_date] => 06:02:29 May 25, 2014 PDT
    [payment_status] => Completed
    [charset] => windows-1252
    [first_name] => Pierre
    [mc_fee] => 0.86
    [notify_version] => 3.8
    [custom] => 2471
    [payer_status] => unverified
    [business] => Pinon@WeCitizens.be
    [quantity] => 1
    [verify_sign] => AAkIymrAhiTtk0E53TtRvo1zTbrbAmQWK7tJXKZ0KhHa8.GdZVWTxl9s
    [payer_email] => p-h.vdp@scarlet.be
    [txn_id] => 5NL483222W6462809
    [payment_type] => instant
    [last_name] => van de Putte
    [receiver_email] => Pinon@WeCitizens.be
    [payment_fee] => 
    [receiver_id] => JYK4VL37Y683J
    [txn_type] => web_accept
    [item_name] => WeCitizens individual Subscription
    [mc_currency] => EUR
    [item_number] => 
    [residence_country] => BE
    [receipt_id] => 3692-8755-0137-0037
    [handling_amount] => 0.00
    [transaction_subject] => 2471
    [payment_gross] => 
    [shipping] => 0.00
    [ipn_track_id] => 6405445b2ad2
)
</pre>

2. [25-05-2014 12:58:27]: 
----------------------------------------------------------------------------------------------------
paypal process_notify GET DATA:<pre>Array
(
    [module] => mgm_paypal
    [method] => payment_notify
)
</pre>
