
1. [27-04-2014 11:58:33]: 
----------------------------------------------------------------------------------------------------
paypal process_notify POST DATA:<pre>Array
(
    [mc_gross] => 8.00
    [invoice] => 1888
    [protection_eligibility] => Ineligible
    [payer_id] => LQKXUWQZ5HAZ6
    [tax] => 0.00
    [payment_date] => 05:01:51 Apr 27, 2014 PDT
    [payment_status] => Completed
    [charset] => windows-1252
    [first_name] => Paul
    [mc_fee] => 0.62
    [notify_version] => 3.8
    [custom] => 1888
    [payer_status] => verified
    [business] => Pinon@WeCitizens.be
    [quantity] => 1
    [verify_sign] => AQ-vowUr8.TKjhTKYKZ2Xeka0-qhAytXaXhxdGRu.HJ7hoNnspuoxOjk
    [payer_email] => pvlint@gmail.com
    [txn_id] => 9GG25768MB975761H
    [payment_type] => instant
    [last_name] => Van Lint
    [receiver_email] => Pinon@WeCitizens.be
    [payment_fee] => 
    [receiver_id] => JYK4VL37Y683J
    [txn_type] => web_accept
    [item_name] => WeCitizens student, jobless, socially assisted Subscription
    [mc_currency] => EUR
    [item_number] => 
    [residence_country] => BE
    [handling_amount] => 0.00
    [transaction_subject] => 1888
    [payment_gross] => 
    [shipping] => 0.00
    [ipn_track_id] => 40468755cbde
)
</pre>

2. [27-04-2014 11:58:33]: 
----------------------------------------------------------------------------------------------------
paypal process_notify GET DATA:<pre>Array
(
    [module] => mgm_paypal
    [method] => payment_notify
)
</pre>
