
1. [20-10-2014 10:12:37]: 
----------------------------------------------------------------------------------------------------
paypal process_notify POST DATA:<pre>Array
(
    [mc_gross] => 15.00
    [invoice] => 8046
    [protection_eligibility] => Ineligible
    [payer_id] => RPVYQ9Q3Q2TSW
    [tax] => 0.00
    [payment_date] => 03:14:33 Oct 20, 2014 PDT
    [payment_status] => Completed
    [charset] => windows-1252
    [first_name] => Philippe
    [mc_fee] => 0.86
    [notify_version] => 3.8
    [custom] => 8046
    [payer_status] => verified
    [business] => Pinon@WeCitizens.be
    [quantity] => 1
    [verify_sign] => AF.UaJD1eVpapF0l4FpdJ3Rs5OtjAeTIyrAhpnlNrCQ8dvI2b0DmlsKN
    [payer_email] => philippe.grell@skynet.be
    [txn_id] => 0UC04188J6098753J
    [payment_type] => instant
    [last_name] => Grell
    [receiver_email] => Pinon@WeCitizens.be
    [payment_fee] => 
    [receiver_id] => JYK4VL37Y683J
    [txn_type] => web_accept
    [item_name] => WeCitizens individual Subscription
    [mc_currency] => EUR
    [item_number] => 
    [residence_country] => BE
    [handling_amount] => 0.00
    [transaction_subject] => 8046
    [payment_gross] => 
    [shipping] => 0.00
    [ipn_track_id] => d18e70abefaed
)
</pre>

2. [20-10-2014 10:12:37]: 
----------------------------------------------------------------------------------------------------
paypal process_notify GET DATA:<pre>Array
(
    [module] => mgm_paypal
    [method] => payment_notify
)
</pre>
