
1. [02-02-2015 08:01:00]: 
----------------------------------------------------------------------------------------------------
paypal process_notify POST DATA:<pre>Array
(
    [txn_type] => subscr_cancel
    [subscr_id] => I-TBVMKP0DKDX6
    [last_name] => Pinon
    [residence_country] => BE
    [mc_currency] => EUR
    [item_name] => WeCitizens individual (as honorary member) Subscription
    [business] => Pinon@WeCitizens.be
    [recurring] => 1
    [verify_sign] => ARKhAun54vbaRXa7Cv475eQP.Q0oAq5hCPJkHEgaI-Hj59vf2Eku34Ho
    [payer_status] => unverified
    [payer_email] => luc@pinon.be
    [first_name] => Luc
    [receiver_email] => Pinon@WeCitizens.be
    [payer_id] => PQX8UT3TBJX22
    [invoice] => 617
    [reattempt] => 1
    [subscr_date] => 00:04:54 Feb 02, 2015 PST
    [custom] => 617
    [charset] => windows-1252
    [notify_version] => 3.8
    [period3] => 1 Y
    [mc_amount3] => 50.00
    [ipn_track_id] => 433424c653797
)
</pre>

2. [02-02-2015 08:01:00]: 
----------------------------------------------------------------------------------------------------
paypal process_notify GET DATA:<pre>Array
(
    [module] => mgm_paypal
    [method] => payment_notify
)
</pre>

1. [02-02-2015 08:01:00]: 
----------------------------------------------------------------------------------------------------
paypal process_notify POST DATA:<pre>Array
(
    [txn_type] => subscr_cancel
    [subscr_id] => I-X9YJYC0U6CT1
    [last_name] => Van denbempt
    [residence_country] => BE
    [mc_currency] => EUR
    [item_name] => WeCitizens individual Subscription
    [business] => Pinon@WeCitizens.be
    [recurring] => 1
    [verify_sign] => ALMceg31qT.ZSiVtH1J.lsTQn2IzAq.F5AfCF6Ua4wMUAqdtHDp5HD.8
    [payer_status] => unverified
    [payer_email] => paul.van.denbempt@skynet.be
    [first_name] => Paul
    [receiver_email] => Pinon@WeCitizens.be
    [payer_id] => DXERYWUGR35TQ
    [invoice] => 199
    [reattempt] => 1
    [subscr_date] => 00:04:56 Feb 02, 2015 PST
    [custom] => 199
    [charset] => windows-1252
    [notify_version] => 3.8
    [period3] => 1 Y
    [mc_amount3] => 20.00
    [ipn_track_id] => 433424c653797
)
</pre>

2. [02-02-2015 08:01:00]: 
----------------------------------------------------------------------------------------------------
paypal process_notify GET DATA:<pre>Array
(
    [module] => mgm_paypal
    [method] => payment_notify
)
</pre>

1. [02-02-2015 08:01:00]: 
----------------------------------------------------------------------------------------------------
paypal process_notify POST DATA:<pre>Array
(
    [txn_type] => subscr_cancel
    [subscr_id] => I-FW98XSTLWYAH
    [last_name] => jespers
    [residence_country] => BE
    [mc_currency] => EUR
    [item_name] => WeCitizens individual Subscription
    [business] => Pinon@WeCitizens.be
    [recurring] => 1
    [verify_sign] => APaRhnbrJqaopWIRYzKlwVzVML-dAu0JhBxtvM5UfxiNXRpwfEn.rAdx
    [payer_status] => verified
    [payer_email] => gilbert.jespers@telenet.be
    [first_name] => gilbert
    [receiver_email] => Pinon@WeCitizens.be
    [payer_id] => A72YUTTY925TU
    [invoice] => 193
    [reattempt] => 1
    [subscr_date] => 00:04:56 Feb 02, 2015 PST
    [custom] => 193
    [charset] => windows-1252
    [notify_version] => 3.8
    [period3] => 1 Y
    [mc_amount3] => 20.00
    [ipn_track_id] => 433424c653797
)
</pre>

2. [02-02-2015 08:01:00]: 
----------------------------------------------------------------------------------------------------
paypal process_notify GET DATA:<pre>Array
(
    [module] => mgm_paypal
    [method] => payment_notify
)
</pre>

1. [02-02-2015 08:01:00]: 
----------------------------------------------------------------------------------------------------
paypal process_notify POST DATA:<pre>Array
(
    [txn_type] => subscr_eot
    [subscr_id] => I-KK26WTKG5R0P
    [last_name] => Hermans
    [residence_country] => BE
    [item_name] => WeCitizens individual (as honorary member) Subscription
    [mc_currency] => EUR
    [business] => Pinon@WeCitizens.be
    [verify_sign] => ALT027nuOLzygRBWRXL4IAwrDcmXAIiB.zevOFxQSgXrwN.Pah7jOt5F
    [payer_status] => verified
    [payer_email] => Ivar.Hermans@mow.vlaanderen.be
    [first_name] => Ivar
    [receiver_email] => Pinon@WeCitizens.be
    [payer_id] => K3AM83MTZLAWN
    [invoice] => 306
    [custom] => 306
    [charset] => windows-1252
    [notify_version] => 3.8
    [ipn_track_id] => 69e518aebc849
)
</pre>

2. [02-02-2015 08:01:00]: 
----------------------------------------------------------------------------------------------------
paypal process_notify GET DATA:<pre>Array
(
    [module] => mgm_paypal
    [method] => payment_notify
)
</pre>

1. [02-02-2015 08:01:00]: 
----------------------------------------------------------------------------------------------------
paypal process_notify POST DATA:<pre>Array
(
    [txn_type] => subscr_cancel
    [subscr_id] => I-GT63PXDD3DXJ
    [last_name] => jacobs
    [residence_country] => BE
    [mc_currency] => EUR
    [item_name] => WeCitizens manager, independent worker Subscription
    [business] => Pinon@WeCitizens.be
    [recurring] => 1
    [verify_sign] => Ar1y14K30lmqiyiG1cD7qSnhzC0OAOkGqohsLr0cW9EcZCDnObCJ44oH
    [payer_status] => unverified
    [payer_email] => christian.m.jacobs@gmail.com
    [first_name] => christian
    [receiver_email] => Pinon@WeCitizens.be
    [payer_id] => M4R5YPGGPXNCG
    [invoice] => 1071
    [reattempt] => 1
    [subscr_date] => 00:04:53 Feb 02, 2015 PST
    [custom] => 1071
    [charset] => windows-1252
    [notify_version] => 3.8
    [period3] => 1 Y
    [mc_amount3] => 50.00
    [ipn_track_id] => 433424c653797
)
</pre>

2. [02-02-2015 08:01:00]: 
----------------------------------------------------------------------------------------------------
paypal process_notify GET DATA:<pre>Array
(
    [module] => mgm_paypal
    [method] => payment_notify
)
</pre>
