
1. [18-04-2014 10:19:13]: 
----------------------------------------------------------------------------------------------------
paypal process_notify POST DATA:<pre>Array
(
    [mc_gross] => 100.00
    [invoice] => 1687
    [protection_eligibility] => Ineligible
    [payer_id] => B86X668DBW9ZU
    [tax] => 0.00
    [payment_date] => 03:22:32 Apr 18, 2014 PDT
    [payment_status] => Completed
    [charset] => windows-1252
    [first_name] => BERNARD
    [mc_fee] => 3.75
    [notify_version] => 3.7
    [custom] => 1687
    [payer_status] => verified
    [business] => Pinon@WeCitizens.be
    [quantity] => 1
    [verify_sign] => AHt1zhqIhOnDbLEsIeNuqeqQW4ZoAAYbD7k8LkTSf-adW3DUTfRAnEHR
    [payer_email] => bernard.michelet@skynet.be
    [txn_id] => 9147721220022172T
    [payment_type] => instant
    [last_name] => MICHELET
    [receiver_email] => Pinon@WeCitizens.be
    [payment_fee] => 
    [receiver_id] => JYK4VL37Y683J
    [txn_type] => web_accept
    [item_name] => WeCitizens manager, independent worker, politician (as honorary member) Subscription
    [mc_currency] => EUR
    [item_number] => 
    [residence_country] => BE
    [handling_amount] => 0.00
    [transaction_subject] => 1687
    [payment_gross] => 
    [shipping] => 0.00
    [ipn_track_id] => d81e54f1eab93
)
</pre>

2. [18-04-2014 10:19:13]: 
----------------------------------------------------------------------------------------------------
paypal process_notify GET DATA:<pre>Array
(
    [module] => mgm_paypal
    [method] => payment_notify
)
</pre>
