
1. [2015-12-03 16:49:11 UTC]: 
----------------------------------------------------------------------------------------------------
paypal process_notify POST DATA:<pre>Array
(
    [mc_gross] => 15.00
    [invoice] => 9342
    [protection_eligibility] => Ineligible
    [payer_id] => JK87HEAHA8CSL
    [tax] => 0.00
    [payment_date] => 08:59:02 Dec 03, 2015 PST
    [payment_status] => Completed
    [charset] => windows-1252
    [first_name] => Ambroise
    [mc_fee] => 0.86
    [notify_version] => 3.8
    [custom] => 9342
    [payer_status] => verified
    [business] => Pinon@WeCitizens.be
    [quantity] => 1
    [verify_sign] => AcE2uah9fzGQIYibH799J4hdOjH.ALjwq5Jeasl-ygpadzW.PzDGK8iY
    [payer_email] => ambroise@neve.be
    [txn_id] => 6E2686649U150111H
    [payment_type] => instant
    [last_name] => NEVE
    [receiver_email] => Pinon@WeCitizens.be
    [payment_fee] => 
    [receiver_id] => JYK4VL37Y683J
    [txn_type] => web_accept
    [item_name] => WeCitizens individual Subscription
    [mc_currency] => EUR
    [item_number] => 
    [residence_country] => BE
    [handling_amount] => 0.00
    [transaction_subject] => 9342
    [payment_gross] => 
    [shipping] => 0.00
    [ipn_track_id] => b7a0e7254c7f9
)
</pre>

2. [2015-12-03 16:49:11 UTC]: 
----------------------------------------------------------------------------------------------------
paypal process_notify GET DATA:<pre>Array
(
    [module] => mgm_paypal
    [method] => payment_notify
)
</pre>
