
1. [09-05-2014 15:48:59]: 
----------------------------------------------------------------------------------------------------
paypal process_notify POST DATA:<pre>Array
(
    [mc_gross] => 15.00
    [invoice] => 2276
    [protection_eligibility] => Ineligible
    [payer_id] => V8F4FA84SB598
    [tax] => 0.00
    [payment_date] => 08:52:30 May 09, 2014 PDT
    [payment_status] => Completed
    [charset] => windows-1252
    [first_name] => Marie Laure
    [mc_fee] => 0.86
    [notify_version] => 3.8
    [custom] => 2276
    [payer_status] => verified
    [business] => Pinon@WeCitizens.be
    [quantity] => 1
    [verify_sign] => ABDvIYTSpbo4z8C3CJilIkaD6reBAIwMKhu0R6YKYCvAuV1k1Vs1wGjV
    [payer_email] => walrand@skynet.be
    [txn_id] => 1ED58388EU8629629
    [payment_type] => instant
    [last_name] => Walrand
    [receiver_email] => Pinon@WeCitizens.be
    [payment_fee] => 
    [receiver_id] => JYK4VL37Y683J
    [txn_type] => web_accept
    [item_name] => WeCitizens individual Subscription
    [mc_currency] => EUR
    [item_number] => 
    [residence_country] => BE
    [handling_amount] => 0.00
    [transaction_subject] => 2276
    [payment_gross] => 
    [shipping] => 0.00
    [ipn_track_id] => 8af57ec332c8
)
</pre>

2. [09-05-2014 15:48:59]: 
----------------------------------------------------------------------------------------------------
paypal process_notify GET DATA:<pre>Array
(
    [module] => mgm_paypal
    [method] => payment_notify
)
</pre>
