
1. [17-05-2014 09:28:10]: 
----------------------------------------------------------------------------------------------------
paypal process_notify POST DATA:<pre>Array
(
    [mc_gross] => 50.00
    [invoice] => 2382
    [protection_eligibility] => Ineligible
    [payer_id] => 673UNALAY27YS
    [tax] => 0.00
    [payment_date] => 02:32:01 May 17, 2014 PDT
    [payment_status] => Completed
    [charset] => windows-1252
    [first_name] => ANDRE MEUNIER
    [mc_fee] => 2.05
    [notify_version] => 3.8
    [custom] => 2382
    [payer_status] => unverified
    [business] => Pinon@WeCitizens.be
    [quantity] => 1
    [verify_sign] => AjrRH.KE40NaQ1W.aTeZXmVIcY6-Akvbq2bE7E5VMLVHp8LUbZh4gz1p
    [payer_email] => andremeunier@skynet.be
    [txn_id] => 2DP656633H080782G
    [payment_type] => instant
    [last_name] => MSI Import Export Trading
    [receiver_email] => Pinon@WeCitizens.be
    [payment_fee] => 
    [receiver_id] => JYK4VL37Y683J
    [txn_type] => web_accept
    [item_name] => WeCitizens manager, independent worker, politician Subscription
    [mc_currency] => EUR
    [item_number] => 
    [residence_country] => BE
    [receipt_id] => 0957-8704-2409-9447
    [handling_amount] => 0.00
    [transaction_subject] => 2382
    [payment_gross] => 
    [shipping] => 0.00
    [ipn_track_id] => dc9d875388e9d
)
</pre>

2. [17-05-2014 09:28:10]: 
----------------------------------------------------------------------------------------------------
paypal process_notify GET DATA:<pre>Array
(
    [module] => mgm_paypal
    [method] => payment_notify
)
</pre>
