
1. [16-05-2014 05:50:13]: 
----------------------------------------------------------------------------------------------------
paypal process_notify POST DATA:<pre>Array
(
    [mc_gross] => 15.00
    [invoice] => 2372
    [protection_eligibility] => Ineligible
    [payer_id] => NC8LXEDDHJNM8
    [tax] => 0.00
    [payment_date] => 22:54:04 May 15, 2014 PDT
    [payment_status] => Completed
    [charset] => windows-1252
    [first_name] => Philippe
    [mc_fee] => 0.86
    [notify_version] => 3.8
    [custom] => 2372
    [payer_status] => unverified
    [business] => Pinon@WeCitizens.be
    [quantity] => 1
    [verify_sign] => AHZRRA1QykGy-eUvo8A5tZ1u6OC8AVYTYo6xdgDODK7NLNBwN7cQ71j7
    [payer_email] => philippe.vandersande@hotmail.com
    [txn_id] => 9MA91056GT570810S
    [payment_type] => instant
    [last_name] => Van der Sande
    [receiver_email] => Pinon@WeCitizens.be
    [payment_fee] => 
    [receiver_id] => JYK4VL37Y683J
    [txn_type] => web_accept
    [item_name] => WeCitizens individual Subscription
    [mc_currency] => EUR
    [item_number] => 
    [residence_country] => BE
    [receipt_id] => 0159-2703-9338-5826
    [handling_amount] => 0.00
    [transaction_subject] => 2372
    [payment_gross] => 
    [shipping] => 0.00
    [ipn_track_id] => a9743f52eb5ba
)
</pre>

2. [16-05-2014 05:50:13]: 
----------------------------------------------------------------------------------------------------
paypal process_notify GET DATA:<pre>Array
(
    [module] => mgm_paypal
    [method] => payment_notify
)
</pre>
