
3. [03-05-2013 15:50:07]: 
----------------------------------------------------------------------------------------------------
paypal process_status_notify POST DATA:<pre>Array
(
    [transaction_subject] => 17
    [payment_date] => 08:49:58 May 03, 2013 PDT
    [last_name] => Pinon
    [residence_country] => BE
    [item_name] => WeCitizens student, jobless, socially assisted Subscription
    [payment_gross] => 
    [mc_currency] => EUR
    [business] => Pinon@WeCitizens.be
    [payment_type] => instant
    [protection_eligibility] => Ineligible
    [verify_sign] => Ax3FERumcKOmzhaNDpJ0-BjxLwGWAz1v41ofiV21GsTWtMXHCVRRihO9
    [payer_email] => jpp@pinon.be
    [txn_id] => 9V1408877G1292612
    [receiver_email] => Pinon@WeCitizens.be
    [first_name] => Jean-Paul
    [parent_txn_id] => 1T666230CW481960P
    [invoice] => 17
    [payer_id] => FZY2E3C3CN6M8
    [receiver_id] => JYK4VL37Y683J
    [reason_code] => refund
    [item_number] => 
    [handling_amount] => 0.00
    [payment_status] => Refunded
    [payment_fee] => 
    [mc_fee] => -0.34
    [shipping] => 0.00
    [mc_gross] => -10.00
    [custom] => 17
    [charset] => windows-1252
    [notify_version] => 3.7
    [ipn_track_id] => fd0cbfede05a6
)
</pre>

4. [03-05-2013 15:50:07]: 
----------------------------------------------------------------------------------------------------
paypal process_status_notify GET DATA:<pre>Array
(
    [module] => mgm_paypal
    [method] => payment_notify
)
</pre>
