
3. [17-04-2014 11:01:31]: 
----------------------------------------------------------------------------------------------------
paypal process_status_notify POST DATA:<pre>Array
(
    [txn_type] => subscr_failed
    [subscr_id] => I-4NYWWSL50GYN
    [last_name] => FINETTI
    [residence_country] => BE
    [item_name] => WeCitizens student, jobless, socially assisted Subscription
    [payment_gross] => 
    [mc_currency] => EUR
    [business] => Pinon@WeCitizens.be
    [verify_sign] => ArsftX7DU6PyDrkFWZrOVKT5aBRKA6ZWbHkZU028pncNOzKeFpvfHymm
    [payer_status] => unverified
    [payer_email] => finetti@ethiquesociale.org
    [first_name] => Aurelio
    [receiver_email] => Pinon@WeCitizens.be
    [payer_id] => 5RFSEPRP4W7SS
    [invoice] => 63
    [retry_at] => 03:00:00 Apr 22, 2014 PDT
    [mc_gross] => 10.00
    [custom] => 63
    [charset] => windows-1252
    [notify_version] => 3.7
    [ipn_track_id] => f1d261b738e6c
)
</pre>

4. [17-04-2014 11:01:31]: 
----------------------------------------------------------------------------------------------------
paypal process_status_notify GET DATA:<pre>Array
(
    [module] => mgm_paypal
    [method] => payment_notify
)
</pre>
