
1. [15-05-2014 13:05:40]: 
----------------------------------------------------------------------------------------------------
paypal process_notify POST DATA:<pre>Array
(
    [mc_gross] => 15.00
    [invoice] => 2363
    [protection_eligibility] => Ineligible
    [payer_id] => 2EAACZN7QPTXW
    [tax] => 0.00
    [payment_date] => 06:09:24 May 15, 2014 PDT
    [payment_status] => Completed
    [charset] => windows-1252
    [first_name] => Juliette
    [mc_fee] => 0.86
    [notify_version] => 3.8
    [custom] => 2363
    [payer_status] => verified
    [business] => Pinon@WeCitizens.be
    [quantity] => 1
    [verify_sign] => AZPlApvA6E15G3nh1I4R7TRKWHDuALBa4Ss4JM3REGVIa7UKkO7YSJyh
    [payer_email] => jboulet17@gmail.com
    [txn_id] => 81C99454G72186011
    [payment_type] => instant
    [last_name] => Boulet
    [receiver_email] => Pinon@WeCitizens.be
    [payment_fee] => 
    [receiver_id] => JYK4VL37Y683J
    [txn_type] => web_accept
    [item_name] => WeCitizens individual Subscription
    [mc_currency] => EUR
    [item_number] => 
    [residence_country] => BE
    [handling_amount] => 0.00
    [transaction_subject] => 2363
    [payment_gross] => 
    [shipping] => 0.00
    [ipn_track_id] => 5c520c1a13f3d
)
</pre>

2. [15-05-2014 13:05:40]: 
----------------------------------------------------------------------------------------------------
paypal process_notify GET DATA:<pre>Array
(
    [module] => mgm_paypal
    [method] => payment_notify
)
</pre>
