
1. [05-05-2014 15:31:47]: 
----------------------------------------------------------------------------------------------------
paypal process_notify POST DATA:<pre>Array
(
    [mc_gross] => 8.00
    [invoice] => 2054
    [protection_eligibility] => Ineligible
    [payer_id] => 22UEBXNYQBF6E
    [tax] => 0.00
    [payment_date] => 08:35:10 May 05, 2014 PDT
    [payment_status] => Completed
    [charset] => windows-1252
    [first_name] => Auriane
    [mc_fee] => 0.62
    [notify_version] => 3.8
    [custom] => 2054
    [payer_status] => unverified
    [business] => Pinon@WeCitizens.be
    [quantity] => 1
    [verify_sign] => A.7n6Acd75CB8FdbeZyRGF.BoVPlA-KzR7fIIp80.pgZWgyLV3yCSRBR
    [payer_email] => fam.dehemptinne@yucom.be
    [txn_id] => 2CT6296800941953B
    [payment_type] => instant
    [last_name] => de Halloy de Waulsort
    [receiver_email] => Pinon@WeCitizens.be
    [payment_fee] => 
    [receiver_id] => JYK4VL37Y683J
    [txn_type] => web_accept
    [item_name] => WeCitizens student, jobless, socially assisted Subscription
    [mc_currency] => EUR
    [item_number] => 
    [residence_country] => BE
    [handling_amount] => 0.00
    [transaction_subject] => 2054
    [payment_gross] => 
    [shipping] => 0.00
    [ipn_track_id] => 9df2bf0611c49
)
</pre>

2. [05-05-2014 15:31:47]: 
----------------------------------------------------------------------------------------------------
paypal process_notify GET DATA:<pre>Array
(
    [module] => mgm_paypal
    [method] => payment_notify
)
</pre>
