
1. [22-10-2014 16:27:34]: 
----------------------------------------------------------------------------------------------------
paypal process_notify POST DATA:<pre>Array
(
    [mc_gross] => 35.00
    [invoice] => 8132
    [protection_eligibility] => Ineligible
    [payer_id] => FZY2E3C3CN6M8
    [tax] => 0.00
    [payment_date] => 09:29:37 Oct 22, 2014 PDT
    [payment_status] => Completed
    [charset] => windows-1252
    [first_name] => Jean-Paul
    [mc_fee] => 1.54
    [notify_version] => 3.8
    [custom] => 8132
    [payer_status] => verified
    [business] => Pinon@WeCitizens.be
    [quantity] => 1
    [verify_sign] => AAmmVvit0101yy9iOUFXlIeD3FTxAFHv19hcKrefvu14CzC83wN6933D
    [payer_email] => jpp@pinon.be
    [txn_id] => 2W111713GH193171T
    [payment_type] => instant
    [last_name] => Pinon
    [receiver_email] => Pinon@WeCitizens.be
    [payment_fee] => 
    [receiver_id] => JYK4VL37Y683J
    [txn_type] => web_accept
    [item_name] => WeCitizens Political Directory Licence Subscription
    [mc_currency] => EUR
    [item_number] => 
    [residence_country] => BE
    [handling_amount] => 0.00
    [transaction_subject] => 8132
    [payment_gross] => 
    [shipping] => 0.00
    [ipn_track_id] => 434cccebc6989
)
</pre>

2. [22-10-2014 16:27:34]: 
----------------------------------------------------------------------------------------------------
paypal process_notify GET DATA:<pre>Array
(
    [module] => mgm_paypal
    [method] => payment_notify
)
</pre>
