
1. [15-04-2013 07:52:39]: 
----------------------------------------------------------------------------------------------------
paypal process_notify POST DATA:<pre>Array
(
    [mc_gross] => 20.00
    [invoice] => 44
    [protection_eligibility] => Ineligible
    [payer_id] => WEWTQT4HPW8YC
    [tax] => 0.00
    [payment_date] => 00:52:36 Apr 15, 2013 PDT
    [payment_status] => Completed
    [charset] => windows-1252
    [first_name] => Michel
    [mc_fee] => 1.03
    [notify_version] => 3.7
    [custom] => 44
    [payer_status] => unverified
    [business] => Pinon@WeCitizens.be
    [quantity] => 1
    [verify_sign] => AFcWxV21C7fd0v3bYYYRCpSSRl31A7kKZ7VNhMFTxWjiU5E0Pg-gMJi9
    [payer_email] => mdeltour@hotmail.com
    [txn_id] => 0ME97123LK750605N
    [payment_type] => instant
    [last_name] => DELTOUR
    [receiver_email] => Pinon@WeCitizens.be
    [payment_fee] => 
    [receiver_id] => JYK4VL37Y683J
    [txn_type] => web_accept
    [item_name] => WeCitizens individual Subscription
    [mc_currency] => EUR
    [item_number] => 
    [residence_country] => BE
    [receipt_id] => 5219-7706-1613-2480
    [handling_amount] => 0.00
    [transaction_subject] => 44
    [payment_gross] => 
    [shipping] => 0.00
    [ipn_track_id] => 2c89c973c5e49
)
</pre>

2. [15-04-2013 07:52:39]: 
----------------------------------------------------------------------------------------------------
paypal process_notify GET DATA:<pre>Array
(
    [module] => mgm_paypal
    [method] => payment_notify
)
</pre>
