
1. [23-04-2014 21:44:33]: 
----------------------------------------------------------------------------------------------------
paypal process_notify POST DATA:<pre>Array
(
    [mc_gross] => 15.00
    [invoice] => 1726
    [protection_eligibility] => Ineligible
    [payer_id] => WPK3UL23EYJQ8
    [tax] => 0.00
    [payment_date] => 14:47:59 Apr 23, 2014 PDT
    [payment_status] => Completed
    [charset] => windows-1252
    [first_name] => Jean
    [mc_fee] => 0.86
    [notify_version] => 3.7
    [custom] => 1726
    [payer_status] => unverified
    [business] => Pinon@WeCitizens.be
    [quantity] => 1
    [verify_sign] => ACT.D1TTyTgNY20CIkVaguhNbeSiAp9mt1ImaFxIIjGjMc3iP7Zrosaj
    [payer_email] => jeanmues@hotmail.com
    [txn_id] => 54K16966MH1827822
    [payment_type] => instant
    [last_name] => Mues
    [receiver_email] => Pinon@WeCitizens.be
    [payment_fee] => 
    [receiver_id] => JYK4VL37Y683J
    [txn_type] => web_accept
    [item_name] => WeCitizens individual Subscription
    [mc_currency] => EUR
    [item_number] => 
    [residence_country] => BE
    [receipt_id] => 0013-7173-2109-2839
    [handling_amount] => 0.00
    [transaction_subject] => 1726
    [payment_gross] => 
    [shipping] => 0.00
    [ipn_track_id] => c6b7e415e653
)
</pre>

2. [23-04-2014 21:44:33]: 
----------------------------------------------------------------------------------------------------
paypal process_notify GET DATA:<pre>Array
(
    [module] => mgm_paypal
    [method] => payment_notify
)
</pre>
