
1. [24-05-2014 16:16:55]: 
----------------------------------------------------------------------------------------------------
paypal process_notify POST DATA:<pre>Array
(
    [mc_gross] => 15.00
    [invoice] => 2449
    [protection_eligibility] => Ineligible
    [payer_id] => XQE4WEGAV49R8
    [tax] => 0.00
    [payment_date] => 09:20:52 May 24, 2014 PDT
    [payment_status] => Completed
    [charset] => windows-1252
    [first_name] => Ignace
    [mc_fee] => 0.86
    [notify_version] => 3.8
    [custom] => 2449
    [payer_status] => unverified
    [business] => Pinon@WeCitizens.be
    [quantity] => 1
    [verify_sign] => AYm-UvofG9njKKDeEI8KzfvIh05IA1yWjlyDoxDevH2sB6CFlcEUQVwh
    [payer_email] => ignace.martin@jimsys.be
    [txn_id] => 518589569S991825Y
    [payment_type] => instant
    [last_name] => Martin
    [receiver_email] => Pinon@WeCitizens.be
    [payment_fee] => 
    [receiver_id] => JYK4VL37Y683J
    [txn_type] => web_accept
    [item_name] => WeCitizens individual Subscription
    [mc_currency] => EUR
    [item_number] => 
    [residence_country] => BE
    [receipt_id] => 1220-3799-8711-4121
    [handling_amount] => 0.00
    [transaction_subject] => 2449
    [payment_gross] => 
    [shipping] => 0.00
    [ipn_track_id] => 109e87fd92ffc
)
</pre>

2. [24-05-2014 16:16:55]: 
----------------------------------------------------------------------------------------------------
paypal process_notify GET DATA:<pre>Array
(
    [module] => mgm_paypal
    [method] => payment_notify
)
</pre>
