
1. [16-07-2015 10:29:42]: 
----------------------------------------------------------------------------------------------------
paypal process_notify POST DATA:<pre>Array
(
    [txn_type] => subscr_eot
    [subscr_id] => I-MNAWWW8UUEWU
    [last_name] => de Lovinfosse
    [residence_country] => BE
    [item_name] => WeCitizens small company (< 50 people) Subscription
    [mc_currency] => EUR
    [business] => Pinon@WeCitizens.be
    [verify_sign] => AJDrWRB1VDwTeWZURIeGdkA6lRwaAlbUIiWG8VjBldqTSWafNT9PZktq
    [payer_status] => unverified
    [payer_email] => stephane@degeest-audit.be
    [first_name] => Stéphane
    [receiver_email] => Pinon@WeCitizens.be
    [payer_id] => 7HGJR6UZNEZQE
    [invoice] => 186
    [custom] => 186
    [charset] => windows-1252
    [notify_version] => 3.8
    [ipn_track_id] => 670c54abce04c
)
</pre>

2. [16-07-2015 10:29:42]: 
----------------------------------------------------------------------------------------------------
paypal process_notify GET DATA:<pre>Array
(
    [module] => mgm_paypal
    [method] => payment_notify
)
</pre>
