
1. [23-04-2014 15:08:28]: 
----------------------------------------------------------------------------------------------------
paypal process_notify POST DATA:<pre>Array
(
    [mc_gross] => 15.00
    [invoice] => 1722
    [protection_eligibility] => Ineligible
    [payer_id] => KXCC5SVG33VBS
    [tax] => 0.00
    [payment_date] => 08:11:52 Apr 23, 2014 PDT
    [payment_status] => Completed
    [charset] => windows-1252
    [first_name] => Maarten
    [mc_fee] => 0.86
    [notify_version] => 3.7
    [custom] => 1722
    [payer_status] => verified
    [business] => Pinon@WeCitizens.be
    [quantity] => 1
    [verify_sign] => A.zNCNCnAHpWbuR5qLaHuyIQPwo-A0kRAi2cigZHAfywx-wmEPjjdv5x
    [payer_email] => mrtn.bosch@gmail.com
    [txn_id] => 4R363369N9019394R
    [payment_type] => instant
    [last_name] => Bosch
    [receiver_email] => Pinon@WeCitizens.be
    [payment_fee] => 
    [receiver_id] => JYK4VL37Y683J
    [txn_type] => web_accept
    [item_name] => WeCitizens individual Subscription
    [mc_currency] => EUR
    [item_number] => 
    [residence_country] => BE
    [handling_amount] => 0.00
    [transaction_subject] => 1722
    [payment_gross] => 
    [shipping] => 0.00
    [ipn_track_id] => ba5f284c310c3
)
</pre>

2. [23-04-2014 15:08:28]: 
----------------------------------------------------------------------------------------------------
paypal process_notify GET DATA:<pre>Array
(
    [module] => mgm_paypal
    [method] => payment_notify
)
</pre>
