
1. [01-02-2014 18:26:55]: 
----------------------------------------------------------------------------------------------------
paypal process_notify POST DATA:<pre>Array
(
    [transaction_subject] => WeCitizens individual (as honorary member) Subscription
    [payment_date] => 10:28:32 Feb 01, 2014 PST
    [txn_type] => subscr_payment
    [subscr_id] => I-TBVMKP0DKDX6
    [last_name] => Pinon
    [residence_country] => BE
    [item_name] => WeCitizens individual (as honorary member) Subscription
    [payment_gross] => 
    [mc_currency] => EUR
    [business] => Pinon@WeCitizens.be
    [payment_type] => instant
    [protection_eligibility] => Ineligible
    [verify_sign] => ApI9gwYbKGc7hcnykXCdPi4XUcqxAngT06wE1L-ImYFe-LGIig7nZ3zG
    [payer_status] => unverified
    [payer_email] => luc@pinon.be
    [txn_id] => 21842746F0337260G
    [receiver_email] => Pinon@WeCitizens.be
    [first_name] => Luc
    [invoice] => 617
    [payer_id] => PQX8UT3TBJX22
    [receiver_id] => JYK4VL37Y683J
    [payment_status] => Completed
    [payment_fee] => 
    [mc_fee] => 2.05
    [mc_gross] => 50.00
    [custom] => 617
    [charset] => windows-1252
    [notify_version] => 3.7
    [ipn_track_id] => 684f96b05a665
)
</pre>

2. [01-02-2014 18:26:55]: 
----------------------------------------------------------------------------------------------------
paypal process_notify GET DATA:<pre>Array
(
    [module] => mgm_paypal
    [method] => payment_notify
)
</pre>
