
1. [2015-12-03 20:44:10 UTC]: 
----------------------------------------------------------------------------------------------------
paypal process_notify POST DATA:<pre>Array
(
    [mc_gross] => 17.00
    [invoice] => 9343
    [protection_eligibility] => Ineligible
    [payer_id] => UH48E8NPMLY6L
    [tax] => 0.00
    [payment_date] => 12:54:03 Dec 03, 2015 PST
    [payment_status] => Completed
    [charset] => windows-1252
    [first_name] => GEORGES
    [mc_fee] => 0.93
    [notify_version] => 3.8
    [custom] => 9343
    [payer_status] => unverified
    [business] => Pinon@WeCitizens.be
    [quantity] => 1
    [verify_sign] => AGMfiMyHiegDuBNgL3ujXZr0pOv4AeRKbWRdM8RoU.5zQ-9VYLlKm8kI
    [payer_email] => georgescornet@gmail.com
    [txn_id] => 17T7905142085515P
    [payment_type] => instant
    [last_name] => CORNET D\'ELZIUS
    [receiver_email] => Pinon@WeCitizens.be
    [payment_fee] => 
    [receiver_id] => JYK4VL37Y683J
    [txn_type] => web_accept
    [item_name] => WeCitizens Political Directory Licence Subscription
    [mc_currency] => EUR
    [item_number] => 
    [residence_country] => BE
    [handling_amount] => 0.00
    [transaction_subject] => 9343
    [payment_gross] => 
    [shipping] => 0.00
    [ipn_track_id] => 95af60927aebe
)
</pre>

2. [2015-12-03 20:44:10 UTC]: 
----------------------------------------------------------------------------------------------------
paypal process_notify GET DATA:<pre>Array
(
    [module] => mgm_paypal
    [method] => payment_notify
)
</pre>
