
1. [03-04-2013 13:10:26]: 
----------------------------------------------------------------------------------------------------
paypal process_notify POST DATA:<pre>Array
(
    [mc_gross] => 10.00
    [invoice] => 17
    [protection_eligibility] => Ineligible
    [payer_id] => FZY2E3C3CN6M8
    [tax] => 0.00
    [payment_date] => 06:10:16 Apr 03, 2013 PDT
    [payment_status] => Completed
    [charset] => windows-1252
    [first_name] => Jean-Paul
    [mc_fee] => 0.69
    [notify_version] => 3.7
    [custom] => 17
    [payer_status] => unverified
    [business] => Pinon@WeCitizens.be
    [quantity] => 1
    [verify_sign] => ATK36mKyV2V2lat.2ZRKYwawkzvcAJf85QvlTb9APuS7QOny-7n5GSF2
    [payer_email] => jpp@pinon.be
    [txn_id] => 1T666230CW481960P
    [payment_type] => instant
    [last_name] => Pinon
    [receiver_email] => Pinon@WeCitizens.be
    [payment_fee] => 
    [receiver_id] => JYK4VL37Y683J
    [txn_type] => web_accept
    [item_name] => WeCitizens student, jobless, socially assisted Subscription
    [mc_currency] => EUR
    [item_number] => 
    [residence_country] => BE
    [handling_amount] => 0.00
    [transaction_subject] => 17
    [payment_gross] => 
    [shipping] => 0.00
    [ipn_track_id] => 7af4d51522c0a
)
</pre>

2. [03-04-2013 13:10:26]: 
----------------------------------------------------------------------------------------------------
paypal process_notify GET DATA:<pre>Array
(
    [module] => mgm_paypal
    [method] => payment_notify
)
</pre>
