
1. [10-05-2014 19:08:04]: 
----------------------------------------------------------------------------------------------------
paypal process_notify POST DATA:<pre>Array
(
    [mc_gross] => 15.00
    [invoice] => 2285
    [protection_eligibility] => Ineligible
    [payer_id] => JCC5R94TWJ3VG
    [tax] => 0.00
    [payment_date] => 12:11:49 May 10, 2014 PDT
    [payment_status] => Completed
    [charset] => windows-1252
    [first_name] => Bernard
    [mc_fee] => 0.86
    [notify_version] => 3.8
    [custom] => 2285
    [payer_status] => unverified
    [business] => Pinon@WeCitizens.be
    [quantity] => 1
    [verify_sign] => AtderF1gWStMJlTt5kDn.DRHIGCJAKW4r4ahStdWMx1Il89KsotbIlFt
    [payer_email] => bernardblondeel@outlook.com
    [txn_id] => 3A4342837C408744J
    [payment_type] => instant
    [last_name] => Blondeel
    [receiver_email] => Pinon@WeCitizens.be
    [payment_fee] => 
    [receiver_id] => JYK4VL37Y683J
    [txn_type] => web_accept
    [item_name] => WeCitizens individual Subscription
    [mc_currency] => EUR
    [item_number] => 
    [residence_country] => BE
    [receipt_id] => 4599-9768-3679-6102
    [handling_amount] => 0.00
    [transaction_subject] => 2285
    [payment_gross] => 
    [shipping] => 0.00
    [ipn_track_id] => 5a686412979e5
)
</pre>

2. [10-05-2014 19:08:04]: 
----------------------------------------------------------------------------------------------------
paypal process_notify GET DATA:<pre>Array
(
    [module] => mgm_paypal
    [method] => payment_notify
)
</pre>
