
1. [17-05-2014 09:39:04]: 
----------------------------------------------------------------------------------------------------
paypal process_notify POST DATA:<pre>Array
(
    [mc_gross] => 15.00
    [invoice] => 2383
    [protection_eligibility] => Ineligible
    [payer_id] => D4QSD5XWEKDFS
    [tax] => 0.00
    [payment_date] => 02:42:49 May 17, 2014 PDT
    [payment_status] => Completed
    [charset] => windows-1252
    [first_name] => bernard
    [mc_fee] => 0.86
    [notify_version] => 3.8
    [custom] => 2383
    [payer_status] => verified
    [business] => Pinon@WeCitizens.be
    [quantity] => 1
    [verify_sign] => AJ1Bl7FXaO2EAnGZxaEYm3dGqqxOA49DCAaeqfeVvK7kK7J003yIcCLI
    [payer_email] => bernard.delacroix@skynet.be
    [txn_id] => 6RM38212429295421
    [payment_type] => instant
    [last_name] => de la Croix
    [receiver_email] => Pinon@WeCitizens.be
    [payment_fee] => 
    [receiver_id] => JYK4VL37Y683J
    [txn_type] => web_accept
    [item_name] => WeCitizens individual Subscription
    [mc_currency] => EUR
    [item_number] => 
    [residence_country] => BE
    [handling_amount] => 0.00
    [transaction_subject] => 2383
    [payment_gross] => 
    [shipping] => 0.00
    [ipn_track_id] => 81c30f46ec34a
)
</pre>

2. [17-05-2014 09:39:04]: 
----------------------------------------------------------------------------------------------------
paypal process_notify GET DATA:<pre>Array
(
    [module] => mgm_paypal
    [method] => payment_notify
)
</pre>
