
1. [21-04-2014 16:15:38]: 
----------------------------------------------------------------------------------------------------
paypal process_notify POST DATA:<pre>Array
(
    [mc_gross] => 15.00
    [invoice] => 1704
    [protection_eligibility] => Ineligible
    [payer_id] => E7V3Z32THGRMS
    [tax] => 0.00
    [payment_date] => 09:19:00 Apr 21, 2014 PDT
    [payment_status] => Completed
    [charset] => windows-1252
    [first_name] => Willy
    [mc_fee] => 0.86
    [notify_version] => 3.7
    [custom] => 1704
    [payer_status] => unverified
    [business] => Pinon@WeCitizens.be
    [quantity] => 1
    [verify_sign] => AchlaHdBZIj7kuoxOVLFsKbz8hIlA.y8zqlC1Zl6DrGiXKkAnj0JgUzZ
    [payer_email] => liege@liguedesoptimistes.be
    [txn_id] => 6V077751MN414872H
    [payment_type] => instant
    [last_name] => DEBRUN
    [receiver_email] => Pinon@WeCitizens.be
    [payment_fee] => 
    [receiver_id] => JYK4VL37Y683J
    [txn_type] => web_accept
    [item_name] => WeCitizens individual Subscription
    [mc_currency] => EUR
    [item_number] => 
    [residence_country] => BE
    [receipt_id] => 0384-7197-6488-4269
    [handling_amount] => 0.00
    [transaction_subject] => 1704
    [payment_gross] => 
    [shipping] => 0.00
    [ipn_track_id] => 1bec18d05ac06
)
</pre>

2. [21-04-2014 16:15:38]: 
----------------------------------------------------------------------------------------------------
paypal process_notify GET DATA:<pre>Array
(
    [module] => mgm_paypal
    [method] => payment_notify
)
</pre>
