
1. [21-04-2015 10:36:45]: 
----------------------------------------------------------------------------------------------------
paypal process_notify POST DATA:<pre>Array
(
    [txn_type] => subscr_eot
    [subscr_id] => I-KU4BX3PS6LLW
    [last_name] => PAPPALARDO
    [residence_country] => BE
    [item_name] => WeCitizens individual Subscription
    [mc_currency] => EUR
    [business] => Pinon@WeCitizens.be
    [verify_sign] => AyM9uePSanklgWsmnEBDkUuQ-OZdA5WRILJc3aNl.kmwdUKGCsj8R0tM
    [payer_status] => unverified
    [payer_email] => lucio.pappalardo@hotmail.fr
    [first_name] => Lucio
    [receiver_email] => Pinon@WeCitizens.be
    [payer_id] => Y9APWYX74EQNY
    [invoice] => 69
    [custom] => 69
    [charset] => windows-1252
    [notify_version] => 3.8
    [ipn_track_id] => 47edf09695452
)
</pre>

2. [21-04-2015 10:36:45]: 
----------------------------------------------------------------------------------------------------
paypal process_notify GET DATA:<pre>Array
(
    [module] => mgm_paypal
    [method] => payment_notify
)
</pre>
