
1. [31-10-2014 23:43:51]: 
----------------------------------------------------------------------------------------------------
paypal process_notify POST DATA:<pre>Array
(
    [mc_gross] => 15.00
    [invoice] => 8315
    [protection_eligibility] => Ineligible
    [payer_id] => GLC9XGZV2DCW8
    [tax] => 0.00
    [payment_date] => 16:46:03 Oct 31, 2014 PDT
    [payment_status] => Completed
    [charset] => windows-1252
    [first_name] => CEDRIC
    [mc_fee] => 0.86
    [notify_version] => 3.8
    [custom] => 8315
    [payer_status] => verified
    [business] => Pinon@WeCitizens.be
    [quantity] => 1
    [verify_sign] => AynlJ2zsmflH.74VEfIBZZJsEArxA3pUWLmCekjy08x9NTZN8Xer2gFu
    [payer_email] => cedricdartois@hotmail.com
    [txn_id] => 73T24046FC910082H
    [payment_type] => instant
    [last_name] => DARTOIS
    [receiver_email] => Pinon@WeCitizens.be
    [payment_fee] => 
    [receiver_id] => JYK4VL37Y683J
    [txn_type] => web_accept
    [item_name] => WeCitizens individual Subscription
    [mc_currency] => EUR
    [item_number] => 
    [residence_country] => BE
    [handling_amount] => 0.00
    [transaction_subject] => 8315
    [payment_gross] => 
    [shipping] => 0.00
    [ipn_track_id] => f79db6bdf3200
)
</pre>

2. [31-10-2014 23:43:51]: 
----------------------------------------------------------------------------------------------------
paypal process_notify GET DATA:<pre>Array
(
    [module] => mgm_paypal
    [method] => payment_notify
)
</pre>
