
1. [29-04-2014 10:31:19]: 
----------------------------------------------------------------------------------------------------
paypal process_notify POST DATA:<pre>Array
(
    [mc_gross] => 15.00
    [invoice] => 1950
    [protection_eligibility] => Ineligible
    [payer_id] => QFC7CWT6SFPU2
    [tax] => 0.00
    [payment_date] => 03:34:40 Apr 29, 2014 PDT
    [payment_status] => Completed
    [charset] => windows-1252
    [first_name] => Franz
    [mc_fee] => 0.86
    [notify_version] => 3.8
    [custom] => 1950
    [payer_status] => verified
    [business] => Pinon@WeCitizens.be
    [quantity] => 1
    [verify_sign] => AepB5-cyl7ZdOhLBmBvUd66FuU35Az1dpJYGNFpkBabk4r9K6VbhKnRh
    [payer_email] => franz.vanrijckevorsel@hotmail.fr
    [txn_id] => 3UH81684YJ220744W
    [payment_type] => instant
    [last_name] => van Rijckevorsel
    [receiver_email] => Pinon@WeCitizens.be
    [payment_fee] => 
    [receiver_id] => JYK4VL37Y683J
    [txn_type] => web_accept
    [item_name] => WeCitizens individual Subscription
    [mc_currency] => EUR
    [item_number] => 
    [residence_country] => BE
    [handling_amount] => 0.00
    [transaction_subject] => 1950
    [payment_gross] => 
    [shipping] => 0.00
    [ipn_track_id] => daeb5cf547d4f
)
</pre>

2. [29-04-2014 10:31:19]: 
----------------------------------------------------------------------------------------------------
paypal process_notify GET DATA:<pre>Array
(
    [module] => mgm_paypal
    [method] => payment_notify
)
</pre>
