
1. [2015-12-03 22:36:16 UTC]: 
----------------------------------------------------------------------------------------------------
paypal process_notify POST DATA:<pre>Array
(
    [mc_gross] => 50.00
    [invoice] => 9344
    [protection_eligibility] => Ineligible
    [payer_id] => HP6PH29FCUDAU
    [tax] => 0.00
    [payment_date] => 14:46:08 Dec 03, 2015 PST
    [payment_status] => Completed
    [charset] => windows-1252
    [first_name] => Georges
    [mc_fee] => 2.05
    [notify_version] => 3.8
    [custom] => 9344
    [payer_status] => verified
    [business] => Pinon@WeCitizens.be
    [quantity] => 1
    [verify_sign] => AmydMwaMHzmxBimnFMnKy3o9n-ElAlnnNxsARFU4t6Elwcpn22pDOH02
    [payer_email] => georgesworonoff01@gmail.com
    [txn_id] => 14K56752S26555039
    [payment_type] => instant
    [last_name] => Woronoff
    [receiver_email] => Pinon@WeCitizens.be
    [payment_fee] => 
    [receiver_id] => JYK4VL37Y683J
    [txn_type] => web_accept
    [item_name] => WeCitizens individual (as honorary member) Subscription
    [mc_currency] => EUR
    [item_number] => 
    [residence_country] => BE
    [handling_amount] => 0.00
    [transaction_subject] => 9344
    [payment_gross] => 
    [shipping] => 0.00
    [ipn_track_id] => 202cbc2aace4
)
</pre>

2. [2015-12-03 22:36:16 UTC]: 
----------------------------------------------------------------------------------------------------
paypal process_notify GET DATA:<pre>Array
(
    [module] => mgm_paypal
    [method] => payment_notify
)
</pre>
