
1. [22-05-2014 07:53:03]: 
----------------------------------------------------------------------------------------------------
paypal process_notify POST DATA:<pre>Array
(
    [mc_gross] => 15.00
    [invoice] => 2428
    [protection_eligibility] => Ineligible
    [payer_id] => JLTZTBSWMS3VL
    [tax] => 0.00
    [payment_date] => 00:57:00 May 22, 2014 PDT
    [payment_status] => Completed
    [charset] => windows-1252
    [first_name] => Pierre
    [mc_fee] => 0.86
    [notify_version] => 3.8
    [custom] => 2428
    [payer_status] => unverified
    [business] => Pinon@WeCitizens.be
    [quantity] => 1
    [verify_sign] => A19LTdRzlGQP6UdbKKthOR8iXy-HAh6b49GKkNo3tLHGZA9og4doCgV1
    [payer_email] => pierre_jadoul@hotmail.com
    [txn_id] => 9T2423233W2325621
    [payment_type] => instant
    [last_name] => Jadoul
    [receiver_email] => Pinon@WeCitizens.be
    [payment_fee] => 
    [receiver_id] => JYK4VL37Y683J
    [txn_type] => web_accept
    [item_name] => WeCitizens individual Subscription
    [mc_currency] => EUR
    [item_number] => 
    [residence_country] => BE
    [receipt_id] => 4450-2142-8306-0006
    [handling_amount] => 0.00
    [transaction_subject] => 2428
    [payment_gross] => 
    [shipping] => 0.00
    [ipn_track_id] => f89e5a60ef743
)
</pre>

2. [22-05-2014 07:53:03]: 
----------------------------------------------------------------------------------------------------
paypal process_notify GET DATA:<pre>Array
(
    [module] => mgm_paypal
    [method] => payment_notify
)
</pre>
